ARM GAS  C:\Users\Admin\AppData\Local\Temp\ccYDOh9O.s 			page 1


   1              		.syntax unified
   2              		.cpu cortex-m3
   3              		.fpu softvfp
   4              		.eabi_attribute 20, 1
   5              		.eabi_attribute 21, 1
   6              		.eabi_attribute 23, 3
   7              		.eabi_attribute 24, 1
   8              		.eabi_attribute 25, 1
   9              		.eabi_attribute 26, 1
  10              		.eabi_attribute 30, 1
  11              		.eabi_attribute 34, 1
  12              		.eabi_attribute 18, 4
  13              		.thumb
  14              		.syntax unified
  15              		.file	"main.c"
  16              		.text
  17              	.Ltext0:
  18              		.cfi_sections	.debug_frame
  19              		.section	.text.HDB3_Codec,"ax",%progbits
  20              		.align	2
  21              		.global	HDB3_Codec
  22              		.thumb
  23              		.thumb_func
  24              		.type	HDB3_Codec, %function
  25              	HDB3_Codec:
  26              	.LFB64:
  27              		.file 1 "main.c"
   1:main.c        **** /* ========================================
   2:main.c        ****  *
   3:main.c        ****  * Copyright YOUR COMPANY, THE YEAR
   4:main.c        ****  * All Rights Reserved
   5:main.c        ****  * UNPUBLISHED, LICENSED SOFTWARE.
   6:main.c        ****  *
   7:main.c        ****  * CONFIDENTIAL AND PROPRIETARY INFORMATION
   8:main.c        ****  * WHICH IS THE PROPERTY OF your company.
   9:main.c        ****  *
  10:main.c        ****  * ========================================
  11:main.c        **** */
  12:main.c        **** #include "project.h"
  13:main.c        **** 
  14:main.c        **** void HDB3_Codec(int* code, int sizeArey);
  15:main.c        **** //void outIDAC(int* code, int sizeArey);
  16:main.c        **** 
  17:main.c        **** #define HIGH_LEVEL 255
  18:main.c        **** #define LOW_LEVEL  0
  19:main.c        **** #define GND_LEVEL  128
  20:main.c        **** 
  21:main.c        **** int code [12] = {1, 0, 1, 1, 0, 0, 0, 0, 1, 0, 1, 0};
  22:main.c        **** 
  23:main.c        **** int main(void)
  24:main.c        **** {
  25:main.c        ****     CyGlobalIntEnable; /* Enable global interrupts. */
  26:main.c        ****     IDAC8_1_Start();
  27:main.c        ****     
  28:main.c        ****     /* Place your initialization/startup code here (e.g. MyInst_Start()) */
  29:main.c        **** 
  30:main.c        ****     for(;;)
ARM GAS  C:\Users\Admin\AppData\Local\Temp\ccYDOh9O.s 			page 2


  31:main.c        ****     {
  32:main.c        ****        /* IDAC8_1_SetValue(128);
  33:main.c        ****         CyDelay(500);
  34:main.c        ****         IDAC8_1_SetValue(-128);
  35:main.c        ****         CyDelay(500);
  36:main.c        ****         */
  37:main.c        ****         HDB3_Codec(code, 12);
  38:main.c        ****         
  39:main.c        ****     }
  40:main.c        **** }
  41:main.c        **** 
  42:main.c        **** 
  43:main.c        **** void HDB3_Codec(int* code, int sizeArey)
  44:main.c        **** {
  28              		.loc 1 44 0
  29              		.cfi_startproc
  30              		@ args = 0, pretend = 0, frame = 0
  31              		@ frame_needed = 0, uses_anonymous_args = 0
  32              	.LVL0:
  33 0000 2DE9F843 		push	{r3, r4, r5, r6, r7, r8, r9, lr}
  34              		.cfi_def_cfa_offset 32
  35              		.cfi_offset 3, -32
  36              		.cfi_offset 4, -28
  37              		.cfi_offset 5, -24
  38              		.cfi_offset 6, -20
  39              		.cfi_offset 7, -16
  40              		.cfi_offset 8, -12
  41              		.cfi_offset 9, -8
  42              		.cfi_offset 14, -4
  43 0004 0646     		mov	r6, r0
  44 0006 8946     		mov	r9, r1
  45              	.LVL1:
  45:main.c        ****     int flagPoliariti = 0;
  46:main.c        ****     int counter = 0;
  47:main.c        ****     int i;
  48:main.c        ****     for(i = 0; i < sizeArey; i++)
  46              		.loc 1 48 0
  47 0008 0024     		movs	r4, #0
  46:main.c        ****     int i;
  48              		.loc 1 46 0
  49 000a 2546     		mov	r5, r4
  45:main.c        ****     int flagPoliariti = 0;
  50              		.loc 1 45 0
  51 000c A046     		mov	r8, r4
  52              		.loc 1 48 0
  53 000e 32E0     		b	.L2
  54              	.LVL2:
  55              	.L9:
  49:main.c        ****     {
  50:main.c        ****         if (code[i] == 1)
  56              		.loc 1 50 0
  57 0010 A700     		lsls	r7, r4, #2
  58 0012 56F82430 		ldr	r3, [r6, r4, lsl #2]
  59 0016 012B     		cmp	r3, #1
  60 0018 0FD1     		bne	.L3
  51:main.c        ****         {
  52:main.c        ****             if (flagPoliariti == 0)
ARM GAS  C:\Users\Admin\AppData\Local\Temp\ccYDOh9O.s 			page 3


  61              		.loc 1 52 0
  62 001a B8F1000F 		cmp	r8, #0
  63 001e 03D1     		bne	.L4
  53:main.c        ****             {
  54:main.c        ****                 IDAC8_1_SetValue(HIGH_LEVEL);
  64              		.loc 1 54 0
  65 0020 FF20     		movs	r0, #255
  66 0022 FFF7FEFF 		bl	IDAC8_1_SetValue
  67              	.LVL3:
  55:main.c        ****                 counter = 0;
  68              		.loc 1 55 0
  69 0026 0025     		movs	r5, #0
  70              	.LVL4:
  71              	.L4:
  56:main.c        ****             }
  57:main.c        ****             if (flagPoliariti < 0)
  72              		.loc 1 57 0
  73 0028 B8F1000F 		cmp	r8, #0
  74 002c 03DA     		bge	.L5
  58:main.c        ****             {
  59:main.c        ****                 IDAC8_1_SetValue(LOW_LEVEL);
  75              		.loc 1 59 0
  76 002e 0020     		movs	r0, #0
  77 0030 FFF7FEFF 		bl	IDAC8_1_SetValue
  78              	.LVL5:
  60:main.c        ****                 counter = 0;
  79              		.loc 1 60 0
  80 0034 0025     		movs	r5, #0
  81              	.LVL6:
  82              	.L5:
  61:main.c        ****             }
  62:main.c        ****             flagPoliariti = ~flagPoliariti;
  83              		.loc 1 62 0
  84 0036 6FEA0808 		mvn	r8, r8
  85              	.LVL7:
  86              	.L3:
  63:main.c        ****         }
  64:main.c        ****         if(code[i] == 0)
  87              		.loc 1 64 0
  88 003a F359     		ldr	r3, [r6, r7]
  89 003c BBB9     		cbnz	r3, .L6
  65:main.c        ****         {
  66:main.c        ****             counter++;
  90              		.loc 1 66 0
  91 003e 0135     		adds	r5, r5, #1
  92              	.LVL8:
  67:main.c        ****             if(counter < 4)
  93              		.loc 1 67 0
  94 0040 032D     		cmp	r5, #3
  95 0042 02DC     		bgt	.L7
  68:main.c        ****             {
  69:main.c        ****                 IDAC8_1_SetValue(GND_LEVEL);
  96              		.loc 1 69 0
  97 0044 8020     		movs	r0, #128
  98 0046 FFF7FEFF 		bl	IDAC8_1_SetValue
  99              	.LVL9:
 100              	.L7:
ARM GAS  C:\Users\Admin\AppData\Local\Temp\ccYDOh9O.s 			page 4


  70:main.c        ****             }
  71:main.c        ****             if(counter == 4 && flagPoliariti < 0)
 101              		.loc 1 71 0
 102 004a 042D     		cmp	r5, #4
 103 004c 06D1     		bne	.L8
 104              		.loc 1 71 0 is_stmt 0 discriminator 1
 105 004e B8F1000F 		cmp	r8, #0
 106 0052 03DA     		bge	.L8
  72:main.c        ****             {
  73:main.c        ****                 IDAC8_1_SetValue(HIGH_LEVEL);
 107              		.loc 1 73 0 is_stmt 1
 108 0054 FF20     		movs	r0, #255
 109 0056 FFF7FEFF 		bl	IDAC8_1_SetValue
 110              	.LVL10:
  74:main.c        ****                 counter = 0;
 111              		.loc 1 74 0
 112 005a 0025     		movs	r5, #0
 113              	.LVL11:
 114              	.L8:
  75:main.c        ****             }
  76:main.c        ****             if(counter == 4 && flagPoliariti == 0)
 115              		.loc 1 76 0
 116 005c 042D     		cmp	r5, #4
 117 005e 06D1     		bne	.L6
 118              		.loc 1 76 0 is_stmt 0 discriminator 1
 119 0060 B8F1000F 		cmp	r8, #0
 120 0064 03D1     		bne	.L6
  77:main.c        ****             {
  78:main.c        ****                 IDAC8_1_SetValue(LOW_LEVEL);
 121              		.loc 1 78 0 is_stmt 1
 122 0066 0020     		movs	r0, #0
 123 0068 FFF7FEFF 		bl	IDAC8_1_SetValue
 124              	.LVL12:
  79:main.c        ****                 counter = 0;
 125              		.loc 1 79 0
 126 006c 0025     		movs	r5, #0
 127              	.LVL13:
 128              	.L6:
  80:main.c        ****             }
  81:main.c        ****         }
  82:main.c        ****         CyDelay(100);
 129              		.loc 1 82 0 discriminator 2
 130 006e 6420     		movs	r0, #100
 131 0070 FFF7FEFF 		bl	CyDelay
 132              	.LVL14:
  48:main.c        ****     {
 133              		.loc 1 48 0 discriminator 2
 134 0074 0134     		adds	r4, r4, #1
 135              	.LVL15:
 136              	.L2:
  48:main.c        ****     {
 137              		.loc 1 48 0 is_stmt 0 discriminator 1
 138 0076 4C45     		cmp	r4, r9
 139 0078 CADB     		blt	.L9
  83:main.c        ****     }
  84:main.c        **** }
 140              		.loc 1 84 0 is_stmt 1
ARM GAS  C:\Users\Admin\AppData\Local\Temp\ccYDOh9O.s 			page 5


 141 007a BDE8F883 		pop	{r3, r4, r5, r6, r7, r8, r9, pc}
 142              		.cfi_endproc
 143              	.LFE64:
 144              		.size	HDB3_Codec, .-HDB3_Codec
 145 007e 00BF     		.section	.text.main,"ax",%progbits
 146              		.align	2
 147              		.global	main
 148              		.thumb
 149              		.thumb_func
 150              		.type	main, %function
 151              	main:
 152              	.LFB63:
  24:main.c        ****     CyGlobalIntEnable; /* Enable global interrupts. */
 153              		.loc 1 24 0
 154              		.cfi_startproc
 155              		@ Volatile: function does not return.
 156              		@ args = 0, pretend = 0, frame = 0
 157              		@ frame_needed = 0, uses_anonymous_args = 0
 158 0000 08B5     		push	{r3, lr}
 159              		.cfi_def_cfa_offset 8
 160              		.cfi_offset 3, -8
 161              		.cfi_offset 14, -4
  25:main.c        ****     IDAC8_1_Start();
 162              		.loc 1 25 0
 163              		.syntax unified
 164              	@ 25 "main.c" 1
 165 0002 62B6     		CPSIE   i
 166              	@ 0 "" 2
  26:main.c        ****     
 167              		.loc 1 26 0
 168              		.thumb
 169              		.syntax unified
 170 0004 FFF7FEFF 		bl	IDAC8_1_Start
 171              	.LVL16:
 172              	.L12:
  37:main.c        ****         
 173              		.loc 1 37 0 discriminator 1
 174 0008 0C21     		movs	r1, #12
 175 000a 0248     		ldr	r0, .L14
 176 000c FFF7FEFF 		bl	HDB3_Codec
 177              	.LVL17:
 178 0010 FAE7     		b	.L12
 179              	.L15:
 180 0012 00BF     		.align	2
 181              	.L14:
 182 0014 00000000 		.word	.LANCHOR0
 183              		.cfi_endproc
 184              	.LFE63:
 185              		.size	main, .-main
 186              		.global	code
 187              		.data
 188              		.align	2
 189              		.set	.LANCHOR0,. + 0
 190              		.type	code, %object
 191              		.size	code, 48
 192              	code:
 193 0000 01000000 		.word	1
ARM GAS  C:\Users\Admin\AppData\Local\Temp\ccYDOh9O.s 			page 6


 194 0004 00000000 		.word	0
 195 0008 01000000 		.word	1
 196 000c 01000000 		.word	1
 197 0010 00000000 		.word	0
 198 0014 00000000 		.word	0
 199 0018 00000000 		.word	0
 200 001c 00000000 		.word	0
 201 0020 01000000 		.word	1
 202 0024 00000000 		.word	0
 203 0028 01000000 		.word	1
 204 002c 00000000 		.word	0
 205              		.text
 206              	.Letext0:
 207              		.file 2 "c:\\program files (x86)\\cypress\\psoc creator\\4.3\\psoc creator\\import\\gnu\\arm\\5.4.
 208              		.file 3 "c:\\program files (x86)\\cypress\\psoc creator\\4.3\\psoc creator\\import\\gnu\\arm\\5.4.
 209              		.file 4 "Generated_Source\\PSoC5/core_cm3.h"
 210              		.file 5 "Generated_Source\\PSoC5/IDAC8_1.h"
 211              		.file 6 "Generated_Source\\PSoC5/CyLib.h"
 212              		.section	.debug_info,"",%progbits
 213              	.Ldebug_info0:
 214 0000 06020000 		.4byte	0x206
 215 0004 0400     		.2byte	0x4
 216 0006 00000000 		.4byte	.Ldebug_abbrev0
 217 000a 04       		.byte	0x4
 218 000b 01       		.uleb128 0x1
 219 000c 31000000 		.4byte	.LASF24
 220 0010 0C       		.byte	0xc
 221 0011 72010000 		.4byte	.LASF25
 222 0015 A6010000 		.4byte	.LASF26
 223 0019 00000000 		.4byte	.Ldebug_ranges0+0
 224 001d 00000000 		.4byte	0
 225 0021 00000000 		.4byte	.Ldebug_line0
 226 0025 02       		.uleb128 0x2
 227 0026 01       		.byte	0x1
 228 0027 06       		.byte	0x6
 229 0028 C8010000 		.4byte	.LASF0
 230 002c 02       		.uleb128 0x2
 231 002d 01       		.byte	0x1
 232 002e 08       		.byte	0x8
 233 002f 23000000 		.4byte	.LASF1
 234 0033 02       		.uleb128 0x2
 235 0034 02       		.byte	0x2
 236 0035 05       		.byte	0x5
 237 0036 87010000 		.4byte	.LASF2
 238 003a 02       		.uleb128 0x2
 239 003b 02       		.byte	0x2
 240 003c 07       		.byte	0x7
 241 003d D1000000 		.4byte	.LASF3
 242 0041 03       		.uleb128 0x3
 243 0042 00000000 		.4byte	.LASF9
 244 0046 02       		.byte	0x2
 245 0047 3F       		.byte	0x3f
 246 0048 4C000000 		.4byte	0x4c
 247 004c 02       		.uleb128 0x2
 248 004d 04       		.byte	0x4
 249 004e 05       		.byte	0x5
 250 004f 91010000 		.4byte	.LASF4
ARM GAS  C:\Users\Admin\AppData\Local\Temp\ccYDOh9O.s 			page 7


 251 0053 02       		.uleb128 0x2
 252 0054 04       		.byte	0x4
 253 0055 07       		.byte	0x7
 254 0056 BF000000 		.4byte	.LASF5
 255 005a 02       		.uleb128 0x2
 256 005b 08       		.byte	0x8
 257 005c 05       		.byte	0x5
 258 005d 64010000 		.4byte	.LASF6
 259 0061 02       		.uleb128 0x2
 260 0062 08       		.byte	0x8
 261 0063 07       		.byte	0x7
 262 0064 3C010000 		.4byte	.LASF7
 263 0068 04       		.uleb128 0x4
 264 0069 04       		.byte	0x4
 265 006a 05       		.byte	0x5
 266 006b 696E7400 		.ascii	"int\000"
 267 006f 02       		.uleb128 0x2
 268 0070 04       		.byte	0x4
 269 0071 07       		.byte	0x7
 270 0072 1E010000 		.4byte	.LASF8
 271 0076 03       		.uleb128 0x3
 272 0077 53010000 		.4byte	.LASF10
 273 007b 03       		.byte	0x3
 274 007c 2C       		.byte	0x2c
 275 007d 41000000 		.4byte	0x41
 276 0081 02       		.uleb128 0x2
 277 0082 04       		.byte	0x4
 278 0083 04       		.byte	0x4
 279 0084 15000000 		.4byte	.LASF11
 280 0088 02       		.uleb128 0x2
 281 0089 08       		.byte	0x8
 282 008a 04       		.byte	0x4
 283 008b F1000000 		.4byte	.LASF12
 284 008f 02       		.uleb128 0x2
 285 0090 01       		.byte	0x1
 286 0091 08       		.byte	0x8
 287 0092 79010000 		.4byte	.LASF13
 288 0096 02       		.uleb128 0x2
 289 0097 04       		.byte	0x4
 290 0098 07       		.byte	0x7
 291 0099 5B010000 		.4byte	.LASF14
 292 009d 02       		.uleb128 0x2
 293 009e 08       		.byte	0x8
 294 009f 04       		.byte	0x4
 295 00a0 9A010000 		.4byte	.LASF15
 296 00a4 05       		.uleb128 0x5
 297 00a5 0A000000 		.4byte	.LASF27
 298 00a9 01       		.byte	0x1
 299 00aa 2B       		.byte	0x2b
 300 00ab 00000000 		.4byte	.LFB64
 301 00af 7E000000 		.4byte	.LFE64-.LFB64
 302 00b3 01       		.uleb128 0x1
 303 00b4 9C       		.byte	0x9c
 304 00b5 75010000 		.4byte	0x175
 305 00b9 06       		.uleb128 0x6
 306 00ba 0B010000 		.4byte	.LASF16
 307 00be 01       		.byte	0x1
ARM GAS  C:\Users\Admin\AppData\Local\Temp\ccYDOh9O.s 			page 8


 308 00bf 2B       		.byte	0x2b
 309 00c0 75010000 		.4byte	0x175
 310 00c4 00000000 		.4byte	.LLST0
 311 00c8 06       		.uleb128 0x6
 312 00c9 7E010000 		.4byte	.LASF17
 313 00cd 01       		.byte	0x1
 314 00ce 2B       		.byte	0x2b
 315 00cf 68000000 		.4byte	0x68
 316 00d3 1E000000 		.4byte	.LLST1
 317 00d7 07       		.uleb128 0x7
 318 00d8 F8000000 		.4byte	.LASF18
 319 00dc 01       		.byte	0x1
 320 00dd 2D       		.byte	0x2d
 321 00de 68000000 		.4byte	0x68
 322 00e2 3C000000 		.4byte	.LLST2
 323 00e6 07       		.uleb128 0x7
 324 00e7 1B000000 		.4byte	.LASF19
 325 00eb 01       		.byte	0x1
 326 00ec 2E       		.byte	0x2e
 327 00ed 68000000 		.4byte	0x68
 328 00f1 5B000000 		.4byte	.LLST3
 329 00f5 08       		.uleb128 0x8
 330 00f6 6900     		.ascii	"i\000"
 331 00f8 01       		.byte	0x1
 332 00f9 2F       		.byte	0x2f
 333 00fa 68000000 		.4byte	0x68
 334 00fe D6000000 		.4byte	.LLST4
 335 0102 09       		.uleb128 0x9
 336 0103 26000000 		.4byte	.LVL3
 337 0107 E8010000 		.4byte	0x1e8
 338 010b 16010000 		.4byte	0x116
 339 010f 0A       		.uleb128 0xa
 340 0110 01       		.uleb128 0x1
 341 0111 50       		.byte	0x50
 342 0112 02       		.uleb128 0x2
 343 0113 09       		.byte	0x9
 344 0114 FF       		.byte	0xff
 345 0115 00       		.byte	0
 346 0116 09       		.uleb128 0x9
 347 0117 34000000 		.4byte	.LVL5
 348 011b E8010000 		.4byte	0x1e8
 349 011f 29010000 		.4byte	0x129
 350 0123 0A       		.uleb128 0xa
 351 0124 01       		.uleb128 0x1
 352 0125 50       		.byte	0x50
 353 0126 01       		.uleb128 0x1
 354 0127 30       		.byte	0x30
 355 0128 00       		.byte	0
 356 0129 09       		.uleb128 0x9
 357 012a 4A000000 		.4byte	.LVL9
 358 012e E8010000 		.4byte	0x1e8
 359 0132 3D010000 		.4byte	0x13d
 360 0136 0A       		.uleb128 0xa
 361 0137 01       		.uleb128 0x1
 362 0138 50       		.byte	0x50
 363 0139 02       		.uleb128 0x2
 364 013a 09       		.byte	0x9
ARM GAS  C:\Users\Admin\AppData\Local\Temp\ccYDOh9O.s 			page 9


 365 013b 80       		.byte	0x80
 366 013c 00       		.byte	0
 367 013d 09       		.uleb128 0x9
 368 013e 5A000000 		.4byte	.LVL10
 369 0142 E8010000 		.4byte	0x1e8
 370 0146 51010000 		.4byte	0x151
 371 014a 0A       		.uleb128 0xa
 372 014b 01       		.uleb128 0x1
 373 014c 50       		.byte	0x50
 374 014d 02       		.uleb128 0x2
 375 014e 09       		.byte	0x9
 376 014f FF       		.byte	0xff
 377 0150 00       		.byte	0
 378 0151 09       		.uleb128 0x9
 379 0152 6C000000 		.4byte	.LVL12
 380 0156 E8010000 		.4byte	0x1e8
 381 015a 64010000 		.4byte	0x164
 382 015e 0A       		.uleb128 0xa
 383 015f 01       		.uleb128 0x1
 384 0160 50       		.byte	0x50
 385 0161 01       		.uleb128 0x1
 386 0162 30       		.byte	0x30
 387 0163 00       		.byte	0
 388 0164 0B       		.uleb128 0xb
 389 0165 74000000 		.4byte	.LVL14
 390 0169 F3010000 		.4byte	0x1f3
 391 016d 0A       		.uleb128 0xa
 392 016e 01       		.uleb128 0x1
 393 016f 50       		.byte	0x50
 394 0170 02       		.uleb128 0x2
 395 0171 08       		.byte	0x8
 396 0172 64       		.byte	0x64
 397 0173 00       		.byte	0
 398 0174 00       		.byte	0
 399 0175 0C       		.uleb128 0xc
 400 0176 04       		.byte	0x4
 401 0177 68000000 		.4byte	0x68
 402 017b 0D       		.uleb128 0xd
 403 017c 06010000 		.4byte	.LASF28
 404 0180 01       		.byte	0x1
 405 0181 17       		.byte	0x17
 406 0182 68000000 		.4byte	0x68
 407 0186 00000000 		.4byte	.LFB63
 408 018a 18000000 		.4byte	.LFE63-.LFB63
 409 018e 01       		.uleb128 0x1
 410 018f 9C       		.byte	0x9c
 411 0190 B6010000 		.4byte	0x1b6
 412 0194 0E       		.uleb128 0xe
 413 0195 08000000 		.4byte	.LVL16
 414 0199 FE010000 		.4byte	0x1fe
 415 019d 0B       		.uleb128 0xb
 416 019e 10000000 		.4byte	.LVL17
 417 01a2 A4000000 		.4byte	0xa4
 418 01a6 0A       		.uleb128 0xa
 419 01a7 01       		.uleb128 0x1
 420 01a8 50       		.byte	0x50
 421 01a9 05       		.uleb128 0x5
ARM GAS  C:\Users\Admin\AppData\Local\Temp\ccYDOh9O.s 			page 10


 422 01aa 03       		.byte	0x3
 423 01ab 00000000 		.4byte	.LANCHOR0
 424 01af 0A       		.uleb128 0xa
 425 01b0 01       		.uleb128 0x1
 426 01b1 51       		.byte	0x51
 427 01b2 01       		.uleb128 0x1
 428 01b3 3C       		.byte	0x3c
 429 01b4 00       		.byte	0
 430 01b5 00       		.byte	0
 431 01b6 0F       		.uleb128 0xf
 432 01b7 E4000000 		.4byte	.LASF20
 433 01bb 04       		.byte	0x4
 434 01bc 1207     		.2byte	0x712
 435 01be C2010000 		.4byte	0x1c2
 436 01c2 10       		.uleb128 0x10
 437 01c3 76000000 		.4byte	0x76
 438 01c7 11       		.uleb128 0x11
 439 01c8 68000000 		.4byte	0x68
 440 01cc D7010000 		.4byte	0x1d7
 441 01d0 12       		.uleb128 0x12
 442 01d1 96000000 		.4byte	0x96
 443 01d5 0B       		.byte	0xb
 444 01d6 00       		.byte	0
 445 01d7 13       		.uleb128 0x13
 446 01d8 0B010000 		.4byte	.LASF16
 447 01dc 01       		.byte	0x1
 448 01dd 15       		.byte	0x15
 449 01de C7010000 		.4byte	0x1c7
 450 01e2 05       		.uleb128 0x5
 451 01e3 03       		.byte	0x3
 452 01e4 00000000 		.4byte	code
 453 01e8 14       		.uleb128 0x14
 454 01e9 2B010000 		.4byte	.LASF21
 455 01ed 2B010000 		.4byte	.LASF21
 456 01f1 05       		.byte	0x5
 457 01f2 41       		.byte	0x41
 458 01f3 14       		.uleb128 0x14
 459 01f4 D4010000 		.4byte	.LASF22
 460 01f8 D4010000 		.4byte	.LASF22
 461 01fc 06       		.byte	0x6
 462 01fd 76       		.byte	0x76
 463 01fe 14       		.uleb128 0x14
 464 01ff 10010000 		.4byte	.LASF23
 465 0203 10010000 		.4byte	.LASF23
 466 0207 05       		.byte	0x5
 467 0208 3C       		.byte	0x3c
 468 0209 00       		.byte	0
 469              		.section	.debug_abbrev,"",%progbits
 470              	.Ldebug_abbrev0:
 471 0000 01       		.uleb128 0x1
 472 0001 11       		.uleb128 0x11
 473 0002 01       		.byte	0x1
 474 0003 25       		.uleb128 0x25
 475 0004 0E       		.uleb128 0xe
 476 0005 13       		.uleb128 0x13
 477 0006 0B       		.uleb128 0xb
 478 0007 03       		.uleb128 0x3
ARM GAS  C:\Users\Admin\AppData\Local\Temp\ccYDOh9O.s 			page 11


 479 0008 0E       		.uleb128 0xe
 480 0009 1B       		.uleb128 0x1b
 481 000a 0E       		.uleb128 0xe
 482 000b 55       		.uleb128 0x55
 483 000c 17       		.uleb128 0x17
 484 000d 11       		.uleb128 0x11
 485 000e 01       		.uleb128 0x1
 486 000f 10       		.uleb128 0x10
 487 0010 17       		.uleb128 0x17
 488 0011 00       		.byte	0
 489 0012 00       		.byte	0
 490 0013 02       		.uleb128 0x2
 491 0014 24       		.uleb128 0x24
 492 0015 00       		.byte	0
 493 0016 0B       		.uleb128 0xb
 494 0017 0B       		.uleb128 0xb
 495 0018 3E       		.uleb128 0x3e
 496 0019 0B       		.uleb128 0xb
 497 001a 03       		.uleb128 0x3
 498 001b 0E       		.uleb128 0xe
 499 001c 00       		.byte	0
 500 001d 00       		.byte	0
 501 001e 03       		.uleb128 0x3
 502 001f 16       		.uleb128 0x16
 503 0020 00       		.byte	0
 504 0021 03       		.uleb128 0x3
 505 0022 0E       		.uleb128 0xe
 506 0023 3A       		.uleb128 0x3a
 507 0024 0B       		.uleb128 0xb
 508 0025 3B       		.uleb128 0x3b
 509 0026 0B       		.uleb128 0xb
 510 0027 49       		.uleb128 0x49
 511 0028 13       		.uleb128 0x13
 512 0029 00       		.byte	0
 513 002a 00       		.byte	0
 514 002b 04       		.uleb128 0x4
 515 002c 24       		.uleb128 0x24
 516 002d 00       		.byte	0
 517 002e 0B       		.uleb128 0xb
 518 002f 0B       		.uleb128 0xb
 519 0030 3E       		.uleb128 0x3e
 520 0031 0B       		.uleb128 0xb
 521 0032 03       		.uleb128 0x3
 522 0033 08       		.uleb128 0x8
 523 0034 00       		.byte	0
 524 0035 00       		.byte	0
 525 0036 05       		.uleb128 0x5
 526 0037 2E       		.uleb128 0x2e
 527 0038 01       		.byte	0x1
 528 0039 3F       		.uleb128 0x3f
 529 003a 19       		.uleb128 0x19
 530 003b 03       		.uleb128 0x3
 531 003c 0E       		.uleb128 0xe
 532 003d 3A       		.uleb128 0x3a
 533 003e 0B       		.uleb128 0xb
 534 003f 3B       		.uleb128 0x3b
 535 0040 0B       		.uleb128 0xb
ARM GAS  C:\Users\Admin\AppData\Local\Temp\ccYDOh9O.s 			page 12


 536 0041 27       		.uleb128 0x27
 537 0042 19       		.uleb128 0x19
 538 0043 11       		.uleb128 0x11
 539 0044 01       		.uleb128 0x1
 540 0045 12       		.uleb128 0x12
 541 0046 06       		.uleb128 0x6
 542 0047 40       		.uleb128 0x40
 543 0048 18       		.uleb128 0x18
 544 0049 9742     		.uleb128 0x2117
 545 004b 19       		.uleb128 0x19
 546 004c 01       		.uleb128 0x1
 547 004d 13       		.uleb128 0x13
 548 004e 00       		.byte	0
 549 004f 00       		.byte	0
 550 0050 06       		.uleb128 0x6
 551 0051 05       		.uleb128 0x5
 552 0052 00       		.byte	0
 553 0053 03       		.uleb128 0x3
 554 0054 0E       		.uleb128 0xe
 555 0055 3A       		.uleb128 0x3a
 556 0056 0B       		.uleb128 0xb
 557 0057 3B       		.uleb128 0x3b
 558 0058 0B       		.uleb128 0xb
 559 0059 49       		.uleb128 0x49
 560 005a 13       		.uleb128 0x13
 561 005b 02       		.uleb128 0x2
 562 005c 17       		.uleb128 0x17
 563 005d 00       		.byte	0
 564 005e 00       		.byte	0
 565 005f 07       		.uleb128 0x7
 566 0060 34       		.uleb128 0x34
 567 0061 00       		.byte	0
 568 0062 03       		.uleb128 0x3
 569 0063 0E       		.uleb128 0xe
 570 0064 3A       		.uleb128 0x3a
 571 0065 0B       		.uleb128 0xb
 572 0066 3B       		.uleb128 0x3b
 573 0067 0B       		.uleb128 0xb
 574 0068 49       		.uleb128 0x49
 575 0069 13       		.uleb128 0x13
 576 006a 02       		.uleb128 0x2
 577 006b 17       		.uleb128 0x17
 578 006c 00       		.byte	0
 579 006d 00       		.byte	0
 580 006e 08       		.uleb128 0x8
 581 006f 34       		.uleb128 0x34
 582 0070 00       		.byte	0
 583 0071 03       		.uleb128 0x3
 584 0072 08       		.uleb128 0x8
 585 0073 3A       		.uleb128 0x3a
 586 0074 0B       		.uleb128 0xb
 587 0075 3B       		.uleb128 0x3b
 588 0076 0B       		.uleb128 0xb
 589 0077 49       		.uleb128 0x49
 590 0078 13       		.uleb128 0x13
 591 0079 02       		.uleb128 0x2
 592 007a 17       		.uleb128 0x17
ARM GAS  C:\Users\Admin\AppData\Local\Temp\ccYDOh9O.s 			page 13


 593 007b 00       		.byte	0
 594 007c 00       		.byte	0
 595 007d 09       		.uleb128 0x9
 596 007e 898201   		.uleb128 0x4109
 597 0081 01       		.byte	0x1
 598 0082 11       		.uleb128 0x11
 599 0083 01       		.uleb128 0x1
 600 0084 31       		.uleb128 0x31
 601 0085 13       		.uleb128 0x13
 602 0086 01       		.uleb128 0x1
 603 0087 13       		.uleb128 0x13
 604 0088 00       		.byte	0
 605 0089 00       		.byte	0
 606 008a 0A       		.uleb128 0xa
 607 008b 8A8201   		.uleb128 0x410a
 608 008e 00       		.byte	0
 609 008f 02       		.uleb128 0x2
 610 0090 18       		.uleb128 0x18
 611 0091 9142     		.uleb128 0x2111
 612 0093 18       		.uleb128 0x18
 613 0094 00       		.byte	0
 614 0095 00       		.byte	0
 615 0096 0B       		.uleb128 0xb
 616 0097 898201   		.uleb128 0x4109
 617 009a 01       		.byte	0x1
 618 009b 11       		.uleb128 0x11
 619 009c 01       		.uleb128 0x1
 620 009d 31       		.uleb128 0x31
 621 009e 13       		.uleb128 0x13
 622 009f 00       		.byte	0
 623 00a0 00       		.byte	0
 624 00a1 0C       		.uleb128 0xc
 625 00a2 0F       		.uleb128 0xf
 626 00a3 00       		.byte	0
 627 00a4 0B       		.uleb128 0xb
 628 00a5 0B       		.uleb128 0xb
 629 00a6 49       		.uleb128 0x49
 630 00a7 13       		.uleb128 0x13
 631 00a8 00       		.byte	0
 632 00a9 00       		.byte	0
 633 00aa 0D       		.uleb128 0xd
 634 00ab 2E       		.uleb128 0x2e
 635 00ac 01       		.byte	0x1
 636 00ad 3F       		.uleb128 0x3f
 637 00ae 19       		.uleb128 0x19
 638 00af 03       		.uleb128 0x3
 639 00b0 0E       		.uleb128 0xe
 640 00b1 3A       		.uleb128 0x3a
 641 00b2 0B       		.uleb128 0xb
 642 00b3 3B       		.uleb128 0x3b
 643 00b4 0B       		.uleb128 0xb
 644 00b5 27       		.uleb128 0x27
 645 00b6 19       		.uleb128 0x19
 646 00b7 49       		.uleb128 0x49
 647 00b8 13       		.uleb128 0x13
 648 00b9 8701     		.uleb128 0x87
 649 00bb 19       		.uleb128 0x19
ARM GAS  C:\Users\Admin\AppData\Local\Temp\ccYDOh9O.s 			page 14


 650 00bc 11       		.uleb128 0x11
 651 00bd 01       		.uleb128 0x1
 652 00be 12       		.uleb128 0x12
 653 00bf 06       		.uleb128 0x6
 654 00c0 40       		.uleb128 0x40
 655 00c1 18       		.uleb128 0x18
 656 00c2 9742     		.uleb128 0x2117
 657 00c4 19       		.uleb128 0x19
 658 00c5 01       		.uleb128 0x1
 659 00c6 13       		.uleb128 0x13
 660 00c7 00       		.byte	0
 661 00c8 00       		.byte	0
 662 00c9 0E       		.uleb128 0xe
 663 00ca 898201   		.uleb128 0x4109
 664 00cd 00       		.byte	0
 665 00ce 11       		.uleb128 0x11
 666 00cf 01       		.uleb128 0x1
 667 00d0 31       		.uleb128 0x31
 668 00d1 13       		.uleb128 0x13
 669 00d2 00       		.byte	0
 670 00d3 00       		.byte	0
 671 00d4 0F       		.uleb128 0xf
 672 00d5 34       		.uleb128 0x34
 673 00d6 00       		.byte	0
 674 00d7 03       		.uleb128 0x3
 675 00d8 0E       		.uleb128 0xe
 676 00d9 3A       		.uleb128 0x3a
 677 00da 0B       		.uleb128 0xb
 678 00db 3B       		.uleb128 0x3b
 679 00dc 05       		.uleb128 0x5
 680 00dd 49       		.uleb128 0x49
 681 00de 13       		.uleb128 0x13
 682 00df 3F       		.uleb128 0x3f
 683 00e0 19       		.uleb128 0x19
 684 00e1 3C       		.uleb128 0x3c
 685 00e2 19       		.uleb128 0x19
 686 00e3 00       		.byte	0
 687 00e4 00       		.byte	0
 688 00e5 10       		.uleb128 0x10
 689 00e6 35       		.uleb128 0x35
 690 00e7 00       		.byte	0
 691 00e8 49       		.uleb128 0x49
 692 00e9 13       		.uleb128 0x13
 693 00ea 00       		.byte	0
 694 00eb 00       		.byte	0
 695 00ec 11       		.uleb128 0x11
 696 00ed 01       		.uleb128 0x1
 697 00ee 01       		.byte	0x1
 698 00ef 49       		.uleb128 0x49
 699 00f0 13       		.uleb128 0x13
 700 00f1 01       		.uleb128 0x1
 701 00f2 13       		.uleb128 0x13
 702 00f3 00       		.byte	0
 703 00f4 00       		.byte	0
 704 00f5 12       		.uleb128 0x12
 705 00f6 21       		.uleb128 0x21
 706 00f7 00       		.byte	0
ARM GAS  C:\Users\Admin\AppData\Local\Temp\ccYDOh9O.s 			page 15


 707 00f8 49       		.uleb128 0x49
 708 00f9 13       		.uleb128 0x13
 709 00fa 2F       		.uleb128 0x2f
 710 00fb 0B       		.uleb128 0xb
 711 00fc 00       		.byte	0
 712 00fd 00       		.byte	0
 713 00fe 13       		.uleb128 0x13
 714 00ff 34       		.uleb128 0x34
 715 0100 00       		.byte	0
 716 0101 03       		.uleb128 0x3
 717 0102 0E       		.uleb128 0xe
 718 0103 3A       		.uleb128 0x3a
 719 0104 0B       		.uleb128 0xb
 720 0105 3B       		.uleb128 0x3b
 721 0106 0B       		.uleb128 0xb
 722 0107 49       		.uleb128 0x49
 723 0108 13       		.uleb128 0x13
 724 0109 3F       		.uleb128 0x3f
 725 010a 19       		.uleb128 0x19
 726 010b 02       		.uleb128 0x2
 727 010c 18       		.uleb128 0x18
 728 010d 00       		.byte	0
 729 010e 00       		.byte	0
 730 010f 14       		.uleb128 0x14
 731 0110 2E       		.uleb128 0x2e
 732 0111 00       		.byte	0
 733 0112 3F       		.uleb128 0x3f
 734 0113 19       		.uleb128 0x19
 735 0114 3C       		.uleb128 0x3c
 736 0115 19       		.uleb128 0x19
 737 0116 6E       		.uleb128 0x6e
 738 0117 0E       		.uleb128 0xe
 739 0118 03       		.uleb128 0x3
 740 0119 0E       		.uleb128 0xe
 741 011a 3A       		.uleb128 0x3a
 742 011b 0B       		.uleb128 0xb
 743 011c 3B       		.uleb128 0x3b
 744 011d 0B       		.uleb128 0xb
 745 011e 00       		.byte	0
 746 011f 00       		.byte	0
 747 0120 00       		.byte	0
 748              		.section	.debug_loc,"",%progbits
 749              	.Ldebug_loc0:
 750              	.LLST0:
 751 0000 00000000 		.4byte	.LVL0
 752 0004 10000000 		.4byte	.LVL2
 753 0008 0100     		.2byte	0x1
 754 000a 50       		.byte	0x50
 755 000b 10000000 		.4byte	.LVL2
 756 000f 7E000000 		.4byte	.LFE64
 757 0013 0100     		.2byte	0x1
 758 0015 56       		.byte	0x56
 759 0016 00000000 		.4byte	0
 760 001a 00000000 		.4byte	0
 761              	.LLST1:
 762 001e 00000000 		.4byte	.LVL0
 763 0022 10000000 		.4byte	.LVL2
ARM GAS  C:\Users\Admin\AppData\Local\Temp\ccYDOh9O.s 			page 16


 764 0026 0100     		.2byte	0x1
 765 0028 51       		.byte	0x51
 766 0029 10000000 		.4byte	.LVL2
 767 002d 7E000000 		.4byte	.LFE64
 768 0031 0100     		.2byte	0x1
 769 0033 59       		.byte	0x59
 770 0034 00000000 		.4byte	0
 771 0038 00000000 		.4byte	0
 772              	.LLST2:
 773 003c 08000000 		.4byte	.LVL1
 774 0040 10000000 		.4byte	.LVL2
 775 0044 0200     		.2byte	0x2
 776 0046 30       		.byte	0x30
 777 0047 9F       		.byte	0x9f
 778 0048 10000000 		.4byte	.LVL2
 779 004c 7E000000 		.4byte	.LFE64
 780 0050 0100     		.2byte	0x1
 781 0052 58       		.byte	0x58
 782 0053 00000000 		.4byte	0
 783 0057 00000000 		.4byte	0
 784              	.LLST3:
 785 005b 08000000 		.4byte	.LVL1
 786 005f 10000000 		.4byte	.LVL2
 787 0063 0200     		.2byte	0x2
 788 0065 30       		.byte	0x30
 789 0066 9F       		.byte	0x9f
 790 0067 10000000 		.4byte	.LVL2
 791 006b 26000000 		.4byte	.LVL3
 792 006f 0100     		.2byte	0x1
 793 0071 55       		.byte	0x55
 794 0072 26000000 		.4byte	.LVL3
 795 0076 28000000 		.4byte	.LVL4
 796 007a 0200     		.2byte	0x2
 797 007c 30       		.byte	0x30
 798 007d 9F       		.byte	0x9f
 799 007e 28000000 		.4byte	.LVL4
 800 0082 34000000 		.4byte	.LVL5
 801 0086 0100     		.2byte	0x1
 802 0088 55       		.byte	0x55
 803 0089 34000000 		.4byte	.LVL5
 804 008d 36000000 		.4byte	.LVL6
 805 0091 0200     		.2byte	0x2
 806 0093 30       		.byte	0x30
 807 0094 9F       		.byte	0x9f
 808 0095 36000000 		.4byte	.LVL6
 809 0099 5A000000 		.4byte	.LVL10
 810 009d 0100     		.2byte	0x1
 811 009f 55       		.byte	0x55
 812 00a0 5A000000 		.4byte	.LVL10
 813 00a4 5C000000 		.4byte	.LVL11
 814 00a8 0200     		.2byte	0x2
 815 00aa 30       		.byte	0x30
 816 00ab 9F       		.byte	0x9f
 817 00ac 5C000000 		.4byte	.LVL11
 818 00b0 6C000000 		.4byte	.LVL12
 819 00b4 0100     		.2byte	0x1
 820 00b6 55       		.byte	0x55
ARM GAS  C:\Users\Admin\AppData\Local\Temp\ccYDOh9O.s 			page 17


 821 00b7 6C000000 		.4byte	.LVL12
 822 00bb 6E000000 		.4byte	.LVL13
 823 00bf 0200     		.2byte	0x2
 824 00c1 30       		.byte	0x30
 825 00c2 9F       		.byte	0x9f
 826 00c3 6E000000 		.4byte	.LVL13
 827 00c7 7E000000 		.4byte	.LFE64
 828 00cb 0100     		.2byte	0x1
 829 00cd 55       		.byte	0x55
 830 00ce 00000000 		.4byte	0
 831 00d2 00000000 		.4byte	0
 832              	.LLST4:
 833 00d6 08000000 		.4byte	.LVL1
 834 00da 10000000 		.4byte	.LVL2
 835 00de 0200     		.2byte	0x2
 836 00e0 30       		.byte	0x30
 837 00e1 9F       		.byte	0x9f
 838 00e2 10000000 		.4byte	.LVL2
 839 00e6 7E000000 		.4byte	.LFE64
 840 00ea 0100     		.2byte	0x1
 841 00ec 54       		.byte	0x54
 842 00ed 00000000 		.4byte	0
 843 00f1 00000000 		.4byte	0
 844              		.section	.debug_aranges,"",%progbits
 845 0000 24000000 		.4byte	0x24
 846 0004 0200     		.2byte	0x2
 847 0006 00000000 		.4byte	.Ldebug_info0
 848 000a 04       		.byte	0x4
 849 000b 00       		.byte	0
 850 000c 0000     		.2byte	0
 851 000e 0000     		.2byte	0
 852 0010 00000000 		.4byte	.LFB64
 853 0014 7E000000 		.4byte	.LFE64-.LFB64
 854 0018 00000000 		.4byte	.LFB63
 855 001c 18000000 		.4byte	.LFE63-.LFB63
 856 0020 00000000 		.4byte	0
 857 0024 00000000 		.4byte	0
 858              		.section	.debug_ranges,"",%progbits
 859              	.Ldebug_ranges0:
 860 0000 00000000 		.4byte	.LFB64
 861 0004 7E000000 		.4byte	.LFE64
 862 0008 00000000 		.4byte	.LFB63
 863 000c 18000000 		.4byte	.LFE63
 864 0010 00000000 		.4byte	0
 865 0014 00000000 		.4byte	0
 866              		.section	.debug_line,"",%progbits
 867              	.Ldebug_line0:
 868 0000 BE010000 		.section	.debug_str,"MS",%progbits,1
 868      02005701 
 868      00000201 
 868      FB0E0D00 
 868      01010101 
 869              	.LASF9:
 870 0000 5F5F696E 		.ascii	"__int32_t\000"
 870      7433325F 
 870      7400
 871              	.LASF27:
ARM GAS  C:\Users\Admin\AppData\Local\Temp\ccYDOh9O.s 			page 18


 872 000a 48444233 		.ascii	"HDB3_Codec\000"
 872      5F436F64 
 872      656300
 873              	.LASF11:
 874 0015 666C6F61 		.ascii	"float\000"
 874      7400
 875              	.LASF19:
 876 001b 636F756E 		.ascii	"counter\000"
 876      74657200 
 877              	.LASF1:
 878 0023 756E7369 		.ascii	"unsigned char\000"
 878      676E6564 
 878      20636861 
 878      7200
 879              	.LASF24:
 880 0031 474E5520 		.ascii	"GNU C11 5.4.1 20160609 (release) [ARM/embedded-5-br"
 880      43313120 
 880      352E342E 
 880      31203230 
 880      31363036 
 881 0064 616E6368 		.ascii	"anch revision 237715] -mcpu=cortex-m3 -mthumb -g -O"
 881      20726576 
 881      6973696F 
 881      6E203233 
 881      37373135 
 882 0097 67202D66 		.ascii	"g -ffunction-sections -ffat-lto-objects\000"
 882      66756E63 
 882      74696F6E 
 882      2D736563 
 882      74696F6E 
 883              	.LASF5:
 884 00bf 6C6F6E67 		.ascii	"long unsigned int\000"
 884      20756E73 
 884      69676E65 
 884      6420696E 
 884      7400
 885              	.LASF3:
 886 00d1 73686F72 		.ascii	"short unsigned int\000"
 886      7420756E 
 886      7369676E 
 886      65642069 
 886      6E7400
 887              	.LASF20:
 888 00e4 49544D5F 		.ascii	"ITM_RxBuffer\000"
 888      52784275 
 888      66666572 
 888      00
 889              	.LASF12:
 890 00f1 646F7562 		.ascii	"double\000"
 890      6C6500
 891              	.LASF18:
 892 00f8 666C6167 		.ascii	"flagPoliariti\000"
 892      506F6C69 
 892      61726974 
 892      6900
 893              	.LASF28:
 894 0106 6D61696E 		.ascii	"main\000"
ARM GAS  C:\Users\Admin\AppData\Local\Temp\ccYDOh9O.s 			page 19


 894      00
 895              	.LASF16:
 896 010b 636F6465 		.ascii	"code\000"
 896      00
 897              	.LASF23:
 898 0110 49444143 		.ascii	"IDAC8_1_Start\000"
 898      385F315F 
 898      53746172 
 898      7400
 899              	.LASF8:
 900 011e 756E7369 		.ascii	"unsigned int\000"
 900      676E6564 
 900      20696E74 
 900      00
 901              	.LASF21:
 902 012b 49444143 		.ascii	"IDAC8_1_SetValue\000"
 902      385F315F 
 902      53657456 
 902      616C7565 
 902      00
 903              	.LASF7:
 904 013c 6C6F6E67 		.ascii	"long long unsigned int\000"
 904      206C6F6E 
 904      6720756E 
 904      7369676E 
 904      65642069 
 905              	.LASF10:
 906 0153 696E7433 		.ascii	"int32_t\000"
 906      325F7400 
 907              	.LASF14:
 908 015b 73697A65 		.ascii	"sizetype\000"
 908      74797065 
 908      00
 909              	.LASF6:
 910 0164 6C6F6E67 		.ascii	"long long int\000"
 910      206C6F6E 
 910      6720696E 
 910      7400
 911              	.LASF25:
 912 0172 6D61696E 		.ascii	"main.c\000"
 912      2E6300
 913              	.LASF13:
 914 0179 63686172 		.ascii	"char\000"
 914      00
 915              	.LASF17:
 916 017e 73697A65 		.ascii	"sizeArey\000"
 916      41726579 
 916      00
 917              	.LASF2:
 918 0187 73686F72 		.ascii	"short int\000"
 918      7420696E 
 918      7400
 919              	.LASF4:
 920 0191 6C6F6E67 		.ascii	"long int\000"
 920      20696E74 
 920      00
 921              	.LASF15:
ARM GAS  C:\Users\Admin\AppData\Local\Temp\ccYDOh9O.s 			page 20


 922 019a 6C6F6E67 		.ascii	"long double\000"
 922      20646F75 
 922      626C6500 
 923              	.LASF26:
 924 01a6 443A5C50 		.ascii	"D:\\PAZ_lab\\lab_1\\ppaz_lab_2.cydsn\000"
 924      415A5F6C 
 924      61625C6C 
 924      61625F31 
 924      5C707061 
 925              	.LASF0:
 926 01c8 7369676E 		.ascii	"signed char\000"
 926      65642063 
 926      68617200 
 927              	.LASF22:
 928 01d4 43794465 		.ascii	"CyDelay\000"
 928      6C617900 
 929              		.ident	"GCC: (GNU Tools for ARM Embedded Processors) 5.4.1 20160609 (release) [ARM/embedded-5-bran
