ARM GAS  C:\Users\OLEKSA~1\AppData\Local\Temp\ccxDIhsz.s 			page 1


   1              		.syntax unified
   2              		.cpu cortex-m3
   3              		.fpu softvfp
   4              		.eabi_attribute 20, 1
   5              		.eabi_attribute 21, 1
   6              		.eabi_attribute 23, 3
   7              		.eabi_attribute 24, 1
   8              		.eabi_attribute 25, 1
   9              		.eabi_attribute 26, 1
  10              		.eabi_attribute 30, 1
  11              		.eabi_attribute 34, 1
  12              		.eabi_attribute 18, 4
  13              		.thumb
  14              		.syntax unified
  15              		.file	"main.c"
  16              		.text
  17              	.Ltext0:
  18              		.cfi_sections	.debug_frame
  19              		.section	.text.main,"ax",%progbits
  20              		.align	2
  21              		.global	main
  22              		.thumb
  23              		.thumb_func
  24              		.type	main, %function
  25              	main:
  26              	.LFB63:
  27              		.file 1 "main.c"
   1:main.c        **** /* ========================================
   2:main.c        ****  *
   3:main.c        ****  * Copyright YOUR COMPANY, THE YEAR
   4:main.c        ****  * All Rights Reserved
   5:main.c        ****  * UNPUBLISHED, LICENSED SOFTWARE.
   6:main.c        ****  *
   7:main.c        ****  * CONFIDENTIAL AND PROPRIETARY INFORMATION
   8:main.c        ****  * WHICH IS THE PROPERTY OF your company.
   9:main.c        ****  *
  10:main.c        ****  * ========================================
  11:main.c        **** */
  12:main.c        **** #include "project.h"
  13:main.c        **** 
  14:main.c        **** #define POSITIVE 127
  15:main.c        **** #define ZERO 64
  16:main.c        **** #define NEGATIVE 0
  17:main.c        **** 
  18:main.c        **** uint8 signal[] = {1,0,1,1,0,0,0,0,1,0,1,0};
  19:main.c        **** 
  20:main.c        **** int main(void)
  21:main.c        **** {
  28              		.loc 1 21 0
  29              		.cfi_startproc
  30              		@ args = 0, pretend = 0, frame = 0
  31              		@ frame_needed = 0, uses_anonymous_args = 0
  32 0000 10B5     		push	{r4, lr}
  33              		.cfi_def_cfa_offset 8
  34              		.cfi_offset 4, -8
  35              		.cfi_offset 14, -4
  22:main.c        ****     CyGlobalIntEnable; /* Enable global interrupts. */
ARM GAS  C:\Users\OLEKSA~1\AppData\Local\Temp\ccxDIhsz.s 			page 2


  36              		.loc 1 22 0
  37              		.syntax unified
  38              	@ 22 "main.c" 1
  39 0002 62B6     		CPSIE   i
  40              	@ 0 "" 2
  23:main.c        **** 
  24:main.c        ****     /* Place your initialization/startup code here (e.g. MyInst_Start()) */
  25:main.c        ****     VDAC8_Start();
  41              		.loc 1 25 0
  42              		.thumb
  43              		.syntax unified
  44 0004 FFF7FEFF 		bl	VDAC8_Start
  45              	.LVL0:
  46              	.L6:
  47              	.LBB2:
  26:main.c        ****     int temp = 1;
  27:main.c        **** 
  28:main.c        ****     for(;;)
  29:main.c        ****     {
  30:main.c        ****         /* Place your application code here. */
  31:main.c        ****         for(int i = 0; i < 12; i++)
  48              		.loc 1 31 0
  49 0008 0024     		movs	r4, #0
  50 000a 19E0     		b	.L2
  51              	.LVL1:
  52              	.L5:
  32:main.c        ****         {
  33:main.c        ****             if(signal[i] == 0)
  53              		.loc 1 33 0
  54 000c 0E4B     		ldr	r3, .L8
  55 000e 1B5D     		ldrb	r3, [r3, r4]	@ zero_extendqisi2
  56 0010 2BB9     		cbnz	r3, .L3
  34:main.c        ****             {
  35:main.c        ****                 VDAC8_SetValue(ZERO);
  57              		.loc 1 35 0
  58 0012 4020     		movs	r0, #64
  59 0014 FFF7FEFF 		bl	VDAC8_SetValue
  60              	.LVL2:
  36:main.c        ****                 CyDelay(10);
  61              		.loc 1 36 0
  62 0018 0A20     		movs	r0, #10
  63 001a FFF7FEFF 		bl	CyDelay
  64              	.LVL3:
  65              	.L3:
  37:main.c        ****             }
  38:main.c        ****             
  39:main.c        ****             if(signal[i] == 1)
  66              		.loc 1 39 0
  67 001e 0A4B     		ldr	r3, .L8
  68 0020 1B5D     		ldrb	r3, [r3, r4]	@ zero_extendqisi2
  69 0022 012B     		cmp	r3, #1
  70 0024 0BD1     		bne	.L4
  40:main.c        ****             {
  41:main.c        ****                 if(temp == 1)
  42:main.c        ****                 {
  43:main.c        ****                     VDAC8_SetValue(POSITIVE);
  71              		.loc 1 43 0
ARM GAS  C:\Users\OLEKSA~1\AppData\Local\Temp\ccxDIhsz.s 			page 3


  72 0026 7F20     		movs	r0, #127
  73 0028 FFF7FEFF 		bl	VDAC8_SetValue
  74              	.LVL4:
  44:main.c        ****                     CyDelay(10);
  75              		.loc 1 44 0
  76 002c 0A20     		movs	r0, #10
  77 002e FFF7FEFF 		bl	CyDelay
  78              	.LVL5:
  45:main.c        ****                     temp = 0;
  46:main.c        ****                 }
  47:main.c        ****                 if(temp == 0)
  48:main.c        ****                 {
  49:main.c        ****                     VDAC8_SetValue(NEGATIVE);
  79              		.loc 1 49 0
  80 0032 0020     		movs	r0, #0
  81 0034 FFF7FEFF 		bl	VDAC8_SetValue
  82              	.LVL6:
  50:main.c        ****                     CyDelay(10);
  83              		.loc 1 50 0
  84 0038 0A20     		movs	r0, #10
  85 003a FFF7FEFF 		bl	CyDelay
  86              	.LVL7:
  87              	.L4:
  31:main.c        ****         {
  88              		.loc 1 31 0 discriminator 2
  89 003e 0134     		adds	r4, r4, #1
  90              	.LVL8:
  91              	.L2:
  31:main.c        ****         {
  92              		.loc 1 31 0 is_stmt 0 discriminator 1
  93 0040 0B2C     		cmp	r4, #11
  94 0042 E3DD     		ble	.L5
  95 0044 E0E7     		b	.L6
  96              	.L9:
  97 0046 00BF     		.align	2
  98              	.L8:
  99 0048 00000000 		.word	.LANCHOR0
 100              	.LBE2:
 101              		.cfi_endproc
 102              	.LFE63:
 103              		.size	main, .-main
 104              		.global	signal
 105              		.data
 106              		.align	2
 107              		.set	.LANCHOR0,. + 0
 108              		.type	signal, %object
 109              		.size	signal, 12
 110              	signal:
 111 0000 01       		.byte	1
 112 0001 00       		.byte	0
 113 0002 01       		.byte	1
 114 0003 01       		.byte	1
 115 0004 00       		.byte	0
 116 0005 00       		.byte	0
 117 0006 00       		.byte	0
 118 0007 00       		.byte	0
 119 0008 01       		.byte	1
ARM GAS  C:\Users\OLEKSA~1\AppData\Local\Temp\ccxDIhsz.s 			page 4


 120 0009 00       		.byte	0
 121 000a 01       		.byte	1
 122 000b 00       		.byte	0
 123              		.text
 124              	.Letext0:
 125              		.file 2 "c:\\program files (x86)\\cypress\\psoc creator\\4.4\\psoc creator\\import\\gnu\\arm\\5.4.
 126              		.file 3 "c:\\program files (x86)\\cypress\\psoc creator\\4.4\\psoc creator\\import\\gnu\\arm\\5.4.
 127              		.file 4 "Generated_Source\\PSoC5/cytypes.h"
 128              		.file 5 "Generated_Source\\PSoC5/core_cm3.h"
 129              		.file 6 "Generated_Source\\PSoC5/VDAC8.h"
 130              		.file 7 "Generated_Source\\PSoC5/CyLib.h"
 131              		.section	.debug_info,"",%progbits
 132              	.Ldebug_info0:
 133 0000 BD010000 		.4byte	0x1bd
 134 0004 0400     		.2byte	0x4
 135 0006 00000000 		.4byte	.Ldebug_abbrev0
 136 000a 04       		.byte	0x4
 137 000b 01       		.uleb128 0x1
 138 000c 41000000 		.4byte	.LASF23
 139 0010 0C       		.byte	0xc
 140 0011 2E000000 		.4byte	.LASF24
 141 0015 06010000 		.4byte	.LASF25
 142 0019 00000000 		.4byte	.Ldebug_ranges0+0
 143 001d 00000000 		.4byte	0
 144 0021 00000000 		.4byte	.Ldebug_line0
 145 0025 02       		.uleb128 0x2
 146 0026 01       		.byte	0x1
 147 0027 06       		.byte	0x6
 148 0028 92010000 		.4byte	.LASF0
 149 002c 02       		.uleb128 0x2
 150 002d 01       		.byte	0x1
 151 002e 08       		.byte	0x8
 152 002f 62010000 		.4byte	.LASF1
 153 0033 02       		.uleb128 0x2
 154 0034 02       		.byte	0x2
 155 0035 05       		.byte	0x5
 156 0036 C6010000 		.4byte	.LASF2
 157 003a 02       		.uleb128 0x2
 158 003b 02       		.byte	0x2
 159 003c 07       		.byte	0x7
 160 003d 0E000000 		.4byte	.LASF3
 161 0041 03       		.uleb128 0x3
 162 0042 B6010000 		.4byte	.LASF9
 163 0046 02       		.byte	0x2
 164 0047 3F       		.byte	0x3f
 165 0048 4C000000 		.4byte	0x4c
 166 004c 02       		.uleb128 0x2
 167 004d 04       		.byte	0x4
 168 004e 05       		.byte	0x5
 169 004f 75010000 		.4byte	.LASF4
 170 0053 02       		.uleb128 0x2
 171 0054 04       		.byte	0x4
 172 0055 07       		.byte	0x7
 173 0056 DD000000 		.4byte	.LASF5
 174 005a 02       		.uleb128 0x2
 175 005b 08       		.byte	0x8
 176 005c 05       		.byte	0x5
ARM GAS  C:\Users\OLEKSA~1\AppData\Local\Temp\ccxDIhsz.s 			page 5


 177 005d 00000000 		.4byte	.LASF6
 178 0061 02       		.uleb128 0x2
 179 0062 08       		.byte	0x8
 180 0063 07       		.byte	0x7
 181 0064 EF000000 		.4byte	.LASF7
 182 0068 04       		.uleb128 0x4
 183 0069 04       		.byte	0x4
 184 006a 05       		.byte	0x5
 185 006b 696E7400 		.ascii	"int\000"
 186 006f 02       		.uleb128 0x2
 187 0070 04       		.byte	0x4
 188 0071 07       		.byte	0x7
 189 0072 21000000 		.4byte	.LASF8
 190 0076 03       		.uleb128 0x3
 191 0077 D0010000 		.4byte	.LASF10
 192 007b 03       		.byte	0x3
 193 007c 2C       		.byte	0x2c
 194 007d 41000000 		.4byte	0x41
 195 0081 05       		.uleb128 0x5
 196 0082 D7000000 		.4byte	.LASF11
 197 0086 04       		.byte	0x4
 198 0087 E801     		.2byte	0x1e8
 199 0089 2C000000 		.4byte	0x2c
 200 008d 02       		.uleb128 0x2
 201 008e 04       		.byte	0x4
 202 008f 04       		.byte	0x4
 203 0090 C0010000 		.4byte	.LASF12
 204 0094 02       		.uleb128 0x2
 205 0095 08       		.byte	0x8
 206 0096 04       		.byte	0x4
 207 0097 7E010000 		.4byte	.LASF13
 208 009b 02       		.uleb128 0x2
 209 009c 01       		.byte	0x1
 210 009d 08       		.byte	0x8
 211 009e 70010000 		.4byte	.LASF14
 212 00a2 02       		.uleb128 0x2
 213 00a3 04       		.byte	0x4
 214 00a4 07       		.byte	0x7
 215 00a5 E7010000 		.4byte	.LASF15
 216 00a9 02       		.uleb128 0x2
 217 00aa 08       		.byte	0x8
 218 00ab 04       		.byte	0x4
 219 00ac 9E010000 		.4byte	.LASF16
 220 00b0 06       		.uleb128 0x6
 221 00b1 5D010000 		.4byte	.LASF26
 222 00b5 01       		.byte	0x1
 223 00b6 14       		.byte	0x14
 224 00b7 68000000 		.4byte	0x68
 225 00bb 00000000 		.4byte	.LFB63
 226 00bf 4C000000 		.4byte	.LFE63-.LFB63
 227 00c3 01       		.uleb128 0x1
 228 00c4 9C       		.byte	0x9c
 229 00c5 6D010000 		.4byte	0x16d
 230 00c9 07       		.uleb128 0x7
 231 00ca 35000000 		.4byte	.LASF17
 232 00ce 01       		.byte	0x1
 233 00cf 1A       		.byte	0x1a
ARM GAS  C:\Users\OLEKSA~1\AppData\Local\Temp\ccxDIhsz.s 			page 6


 234 00d0 68000000 		.4byte	0x68
 235 00d4 00000000 		.4byte	.LLST0
 236 00d8 08       		.uleb128 0x8
 237 00d9 08000000 		.4byte	.LBB2
 238 00dd 44000000 		.4byte	.LBE2-.LBB2
 239 00e1 63010000 		.4byte	0x163
 240 00e5 09       		.uleb128 0x9
 241 00e6 6900     		.ascii	"i\000"
 242 00e8 01       		.byte	0x1
 243 00e9 1F       		.byte	0x1f
 244 00ea 68000000 		.4byte	0x68
 245 00ee 2C000000 		.4byte	.LLST1
 246 00f2 0A       		.uleb128 0xa
 247 00f3 18000000 		.4byte	.LVL2
 248 00f7 9F010000 		.4byte	0x19f
 249 00fb 06010000 		.4byte	0x106
 250 00ff 0B       		.uleb128 0xb
 251 0100 01       		.uleb128 0x1
 252 0101 50       		.byte	0x50
 253 0102 02       		.uleb128 0x2
 254 0103 08       		.byte	0x8
 255 0104 40       		.byte	0x40
 256 0105 00       		.byte	0
 257 0106 0A       		.uleb128 0xa
 258 0107 1E000000 		.4byte	.LVL3
 259 010b AA010000 		.4byte	0x1aa
 260 010f 19010000 		.4byte	0x119
 261 0113 0B       		.uleb128 0xb
 262 0114 01       		.uleb128 0x1
 263 0115 50       		.byte	0x50
 264 0116 01       		.uleb128 0x1
 265 0117 3A       		.byte	0x3a
 266 0118 00       		.byte	0
 267 0119 0A       		.uleb128 0xa
 268 011a 2C000000 		.4byte	.LVL4
 269 011e 9F010000 		.4byte	0x19f
 270 0122 2D010000 		.4byte	0x12d
 271 0126 0B       		.uleb128 0xb
 272 0127 01       		.uleb128 0x1
 273 0128 50       		.byte	0x50
 274 0129 02       		.uleb128 0x2
 275 012a 08       		.byte	0x8
 276 012b 7F       		.byte	0x7f
 277 012c 00       		.byte	0
 278 012d 0A       		.uleb128 0xa
 279 012e 32000000 		.4byte	.LVL5
 280 0132 AA010000 		.4byte	0x1aa
 281 0136 40010000 		.4byte	0x140
 282 013a 0B       		.uleb128 0xb
 283 013b 01       		.uleb128 0x1
 284 013c 50       		.byte	0x50
 285 013d 01       		.uleb128 0x1
 286 013e 3A       		.byte	0x3a
 287 013f 00       		.byte	0
 288 0140 0A       		.uleb128 0xa
 289 0141 38000000 		.4byte	.LVL6
 290 0145 9F010000 		.4byte	0x19f
ARM GAS  C:\Users\OLEKSA~1\AppData\Local\Temp\ccxDIhsz.s 			page 7


 291 0149 53010000 		.4byte	0x153
 292 014d 0B       		.uleb128 0xb
 293 014e 01       		.uleb128 0x1
 294 014f 50       		.byte	0x50
 295 0150 01       		.uleb128 0x1
 296 0151 30       		.byte	0x30
 297 0152 00       		.byte	0
 298 0153 0C       		.uleb128 0xc
 299 0154 3E000000 		.4byte	.LVL7
 300 0158 AA010000 		.4byte	0x1aa
 301 015c 0B       		.uleb128 0xb
 302 015d 01       		.uleb128 0x1
 303 015e 50       		.byte	0x50
 304 015f 01       		.uleb128 0x1
 305 0160 3A       		.byte	0x3a
 306 0161 00       		.byte	0
 307 0162 00       		.byte	0
 308 0163 0D       		.uleb128 0xd
 309 0164 08000000 		.4byte	.LVL0
 310 0168 B5010000 		.4byte	0x1b5
 311 016c 00       		.byte	0
 312 016d 0E       		.uleb128 0xe
 313 016e 85010000 		.4byte	.LASF18
 314 0172 05       		.byte	0x5
 315 0173 1207     		.2byte	0x712
 316 0175 79010000 		.4byte	0x179
 317 0179 0F       		.uleb128 0xf
 318 017a 76000000 		.4byte	0x76
 319 017e 10       		.uleb128 0x10
 320 017f 81000000 		.4byte	0x81
 321 0183 8E010000 		.4byte	0x18e
 322 0187 11       		.uleb128 0x11
 323 0188 A2000000 		.4byte	0xa2
 324 018c 0B       		.byte	0xb
 325 018d 00       		.byte	0
 326 018e 12       		.uleb128 0x12
 327 018f 3A000000 		.4byte	.LASF19
 328 0193 01       		.byte	0x1
 329 0194 12       		.byte	0x12
 330 0195 7E010000 		.4byte	0x17e
 331 0199 05       		.uleb128 0x5
 332 019a 03       		.byte	0x3
 333 019b 00000000 		.4byte	signal
 334 019f 13       		.uleb128 0x13
 335 01a0 D8010000 		.4byte	.LASF20
 336 01a4 D8010000 		.4byte	.LASF20
 337 01a8 06       		.byte	0x6
 338 01a9 37       		.byte	0x37
 339 01aa 13       		.uleb128 0x13
 340 01ab CF000000 		.4byte	.LASF21
 341 01af CF000000 		.4byte	.LASF21
 342 01b3 07       		.byte	0x7
 343 01b4 76       		.byte	0x76
 344 01b5 13       		.uleb128 0x13
 345 01b6 AA010000 		.4byte	.LASF22
 346 01ba AA010000 		.4byte	.LASF22
 347 01be 06       		.byte	0x6
ARM GAS  C:\Users\OLEKSA~1\AppData\Local\Temp\ccxDIhsz.s 			page 8


 348 01bf 33       		.byte	0x33
 349 01c0 00       		.byte	0
 350              		.section	.debug_abbrev,"",%progbits
 351              	.Ldebug_abbrev0:
 352 0000 01       		.uleb128 0x1
 353 0001 11       		.uleb128 0x11
 354 0002 01       		.byte	0x1
 355 0003 25       		.uleb128 0x25
 356 0004 0E       		.uleb128 0xe
 357 0005 13       		.uleb128 0x13
 358 0006 0B       		.uleb128 0xb
 359 0007 03       		.uleb128 0x3
 360 0008 0E       		.uleb128 0xe
 361 0009 1B       		.uleb128 0x1b
 362 000a 0E       		.uleb128 0xe
 363 000b 55       		.uleb128 0x55
 364 000c 17       		.uleb128 0x17
 365 000d 11       		.uleb128 0x11
 366 000e 01       		.uleb128 0x1
 367 000f 10       		.uleb128 0x10
 368 0010 17       		.uleb128 0x17
 369 0011 00       		.byte	0
 370 0012 00       		.byte	0
 371 0013 02       		.uleb128 0x2
 372 0014 24       		.uleb128 0x24
 373 0015 00       		.byte	0
 374 0016 0B       		.uleb128 0xb
 375 0017 0B       		.uleb128 0xb
 376 0018 3E       		.uleb128 0x3e
 377 0019 0B       		.uleb128 0xb
 378 001a 03       		.uleb128 0x3
 379 001b 0E       		.uleb128 0xe
 380 001c 00       		.byte	0
 381 001d 00       		.byte	0
 382 001e 03       		.uleb128 0x3
 383 001f 16       		.uleb128 0x16
 384 0020 00       		.byte	0
 385 0021 03       		.uleb128 0x3
 386 0022 0E       		.uleb128 0xe
 387 0023 3A       		.uleb128 0x3a
 388 0024 0B       		.uleb128 0xb
 389 0025 3B       		.uleb128 0x3b
 390 0026 0B       		.uleb128 0xb
 391 0027 49       		.uleb128 0x49
 392 0028 13       		.uleb128 0x13
 393 0029 00       		.byte	0
 394 002a 00       		.byte	0
 395 002b 04       		.uleb128 0x4
 396 002c 24       		.uleb128 0x24
 397 002d 00       		.byte	0
 398 002e 0B       		.uleb128 0xb
 399 002f 0B       		.uleb128 0xb
 400 0030 3E       		.uleb128 0x3e
 401 0031 0B       		.uleb128 0xb
 402 0032 03       		.uleb128 0x3
 403 0033 08       		.uleb128 0x8
 404 0034 00       		.byte	0
ARM GAS  C:\Users\OLEKSA~1\AppData\Local\Temp\ccxDIhsz.s 			page 9


 405 0035 00       		.byte	0
 406 0036 05       		.uleb128 0x5
 407 0037 16       		.uleb128 0x16
 408 0038 00       		.byte	0
 409 0039 03       		.uleb128 0x3
 410 003a 0E       		.uleb128 0xe
 411 003b 3A       		.uleb128 0x3a
 412 003c 0B       		.uleb128 0xb
 413 003d 3B       		.uleb128 0x3b
 414 003e 05       		.uleb128 0x5
 415 003f 49       		.uleb128 0x49
 416 0040 13       		.uleb128 0x13
 417 0041 00       		.byte	0
 418 0042 00       		.byte	0
 419 0043 06       		.uleb128 0x6
 420 0044 2E       		.uleb128 0x2e
 421 0045 01       		.byte	0x1
 422 0046 3F       		.uleb128 0x3f
 423 0047 19       		.uleb128 0x19
 424 0048 03       		.uleb128 0x3
 425 0049 0E       		.uleb128 0xe
 426 004a 3A       		.uleb128 0x3a
 427 004b 0B       		.uleb128 0xb
 428 004c 3B       		.uleb128 0x3b
 429 004d 0B       		.uleb128 0xb
 430 004e 27       		.uleb128 0x27
 431 004f 19       		.uleb128 0x19
 432 0050 49       		.uleb128 0x49
 433 0051 13       		.uleb128 0x13
 434 0052 8701     		.uleb128 0x87
 435 0054 19       		.uleb128 0x19
 436 0055 11       		.uleb128 0x11
 437 0056 01       		.uleb128 0x1
 438 0057 12       		.uleb128 0x12
 439 0058 06       		.uleb128 0x6
 440 0059 40       		.uleb128 0x40
 441 005a 18       		.uleb128 0x18
 442 005b 9742     		.uleb128 0x2117
 443 005d 19       		.uleb128 0x19
 444 005e 01       		.uleb128 0x1
 445 005f 13       		.uleb128 0x13
 446 0060 00       		.byte	0
 447 0061 00       		.byte	0
 448 0062 07       		.uleb128 0x7
 449 0063 34       		.uleb128 0x34
 450 0064 00       		.byte	0
 451 0065 03       		.uleb128 0x3
 452 0066 0E       		.uleb128 0xe
 453 0067 3A       		.uleb128 0x3a
 454 0068 0B       		.uleb128 0xb
 455 0069 3B       		.uleb128 0x3b
 456 006a 0B       		.uleb128 0xb
 457 006b 49       		.uleb128 0x49
 458 006c 13       		.uleb128 0x13
 459 006d 02       		.uleb128 0x2
 460 006e 17       		.uleb128 0x17
 461 006f 00       		.byte	0
ARM GAS  C:\Users\OLEKSA~1\AppData\Local\Temp\ccxDIhsz.s 			page 10


 462 0070 00       		.byte	0
 463 0071 08       		.uleb128 0x8
 464 0072 0B       		.uleb128 0xb
 465 0073 01       		.byte	0x1
 466 0074 11       		.uleb128 0x11
 467 0075 01       		.uleb128 0x1
 468 0076 12       		.uleb128 0x12
 469 0077 06       		.uleb128 0x6
 470 0078 01       		.uleb128 0x1
 471 0079 13       		.uleb128 0x13
 472 007a 00       		.byte	0
 473 007b 00       		.byte	0
 474 007c 09       		.uleb128 0x9
 475 007d 34       		.uleb128 0x34
 476 007e 00       		.byte	0
 477 007f 03       		.uleb128 0x3
 478 0080 08       		.uleb128 0x8
 479 0081 3A       		.uleb128 0x3a
 480 0082 0B       		.uleb128 0xb
 481 0083 3B       		.uleb128 0x3b
 482 0084 0B       		.uleb128 0xb
 483 0085 49       		.uleb128 0x49
 484 0086 13       		.uleb128 0x13
 485 0087 02       		.uleb128 0x2
 486 0088 17       		.uleb128 0x17
 487 0089 00       		.byte	0
 488 008a 00       		.byte	0
 489 008b 0A       		.uleb128 0xa
 490 008c 898201   		.uleb128 0x4109
 491 008f 01       		.byte	0x1
 492 0090 11       		.uleb128 0x11
 493 0091 01       		.uleb128 0x1
 494 0092 31       		.uleb128 0x31
 495 0093 13       		.uleb128 0x13
 496 0094 01       		.uleb128 0x1
 497 0095 13       		.uleb128 0x13
 498 0096 00       		.byte	0
 499 0097 00       		.byte	0
 500 0098 0B       		.uleb128 0xb
 501 0099 8A8201   		.uleb128 0x410a
 502 009c 00       		.byte	0
 503 009d 02       		.uleb128 0x2
 504 009e 18       		.uleb128 0x18
 505 009f 9142     		.uleb128 0x2111
 506 00a1 18       		.uleb128 0x18
 507 00a2 00       		.byte	0
 508 00a3 00       		.byte	0
 509 00a4 0C       		.uleb128 0xc
 510 00a5 898201   		.uleb128 0x4109
 511 00a8 01       		.byte	0x1
 512 00a9 11       		.uleb128 0x11
 513 00aa 01       		.uleb128 0x1
 514 00ab 31       		.uleb128 0x31
 515 00ac 13       		.uleb128 0x13
 516 00ad 00       		.byte	0
 517 00ae 00       		.byte	0
 518 00af 0D       		.uleb128 0xd
ARM GAS  C:\Users\OLEKSA~1\AppData\Local\Temp\ccxDIhsz.s 			page 11


 519 00b0 898201   		.uleb128 0x4109
 520 00b3 00       		.byte	0
 521 00b4 11       		.uleb128 0x11
 522 00b5 01       		.uleb128 0x1
 523 00b6 31       		.uleb128 0x31
 524 00b7 13       		.uleb128 0x13
 525 00b8 00       		.byte	0
 526 00b9 00       		.byte	0
 527 00ba 0E       		.uleb128 0xe
 528 00bb 34       		.uleb128 0x34
 529 00bc 00       		.byte	0
 530 00bd 03       		.uleb128 0x3
 531 00be 0E       		.uleb128 0xe
 532 00bf 3A       		.uleb128 0x3a
 533 00c0 0B       		.uleb128 0xb
 534 00c1 3B       		.uleb128 0x3b
 535 00c2 05       		.uleb128 0x5
 536 00c3 49       		.uleb128 0x49
 537 00c4 13       		.uleb128 0x13
 538 00c5 3F       		.uleb128 0x3f
 539 00c6 19       		.uleb128 0x19
 540 00c7 3C       		.uleb128 0x3c
 541 00c8 19       		.uleb128 0x19
 542 00c9 00       		.byte	0
 543 00ca 00       		.byte	0
 544 00cb 0F       		.uleb128 0xf
 545 00cc 35       		.uleb128 0x35
 546 00cd 00       		.byte	0
 547 00ce 49       		.uleb128 0x49
 548 00cf 13       		.uleb128 0x13
 549 00d0 00       		.byte	0
 550 00d1 00       		.byte	0
 551 00d2 10       		.uleb128 0x10
 552 00d3 01       		.uleb128 0x1
 553 00d4 01       		.byte	0x1
 554 00d5 49       		.uleb128 0x49
 555 00d6 13       		.uleb128 0x13
 556 00d7 01       		.uleb128 0x1
 557 00d8 13       		.uleb128 0x13
 558 00d9 00       		.byte	0
 559 00da 00       		.byte	0
 560 00db 11       		.uleb128 0x11
 561 00dc 21       		.uleb128 0x21
 562 00dd 00       		.byte	0
 563 00de 49       		.uleb128 0x49
 564 00df 13       		.uleb128 0x13
 565 00e0 2F       		.uleb128 0x2f
 566 00e1 0B       		.uleb128 0xb
 567 00e2 00       		.byte	0
 568 00e3 00       		.byte	0
 569 00e4 12       		.uleb128 0x12
 570 00e5 34       		.uleb128 0x34
 571 00e6 00       		.byte	0
 572 00e7 03       		.uleb128 0x3
 573 00e8 0E       		.uleb128 0xe
 574 00e9 3A       		.uleb128 0x3a
 575 00ea 0B       		.uleb128 0xb
ARM GAS  C:\Users\OLEKSA~1\AppData\Local\Temp\ccxDIhsz.s 			page 12


 576 00eb 3B       		.uleb128 0x3b
 577 00ec 0B       		.uleb128 0xb
 578 00ed 49       		.uleb128 0x49
 579 00ee 13       		.uleb128 0x13
 580 00ef 3F       		.uleb128 0x3f
 581 00f0 19       		.uleb128 0x19
 582 00f1 02       		.uleb128 0x2
 583 00f2 18       		.uleb128 0x18
 584 00f3 00       		.byte	0
 585 00f4 00       		.byte	0
 586 00f5 13       		.uleb128 0x13
 587 00f6 2E       		.uleb128 0x2e
 588 00f7 00       		.byte	0
 589 00f8 3F       		.uleb128 0x3f
 590 00f9 19       		.uleb128 0x19
 591 00fa 3C       		.uleb128 0x3c
 592 00fb 19       		.uleb128 0x19
 593 00fc 6E       		.uleb128 0x6e
 594 00fd 0E       		.uleb128 0xe
 595 00fe 03       		.uleb128 0x3
 596 00ff 0E       		.uleb128 0xe
 597 0100 3A       		.uleb128 0x3a
 598 0101 0B       		.uleb128 0xb
 599 0102 3B       		.uleb128 0x3b
 600 0103 0B       		.uleb128 0xb
 601 0104 00       		.byte	0
 602 0105 00       		.byte	0
 603 0106 00       		.byte	0
 604              		.section	.debug_loc,"",%progbits
 605              	.Ldebug_loc0:
 606              	.LLST0:
 607 0000 08000000 		.4byte	.LVL0
 608 0004 32000000 		.4byte	.LVL5
 609 0008 0200     		.2byte	0x2
 610 000a 31       		.byte	0x31
 611 000b 9F       		.byte	0x9f
 612 000c 32000000 		.4byte	.LVL5
 613 0010 3E000000 		.4byte	.LVL7
 614 0014 0200     		.2byte	0x2
 615 0016 30       		.byte	0x30
 616 0017 9F       		.byte	0x9f
 617 0018 3E000000 		.4byte	.LVL7
 618 001c 4C000000 		.4byte	.LFE63
 619 0020 0200     		.2byte	0x2
 620 0022 31       		.byte	0x31
 621 0023 9F       		.byte	0x9f
 622 0024 00000000 		.4byte	0
 623 0028 00000000 		.4byte	0
 624              	.LLST1:
 625 002c 08000000 		.4byte	.LVL0
 626 0030 0C000000 		.4byte	.LVL1
 627 0034 0200     		.2byte	0x2
 628 0036 30       		.byte	0x30
 629 0037 9F       		.byte	0x9f
 630 0038 0C000000 		.4byte	.LVL1
 631 003c 4C000000 		.4byte	.LFE63
 632 0040 0100     		.2byte	0x1
ARM GAS  C:\Users\OLEKSA~1\AppData\Local\Temp\ccxDIhsz.s 			page 13


 633 0042 54       		.byte	0x54
 634 0043 00000000 		.4byte	0
 635 0047 00000000 		.4byte	0
 636              		.section	.debug_aranges,"",%progbits
 637 0000 1C000000 		.4byte	0x1c
 638 0004 0200     		.2byte	0x2
 639 0006 00000000 		.4byte	.Ldebug_info0
 640 000a 04       		.byte	0x4
 641 000b 00       		.byte	0
 642 000c 0000     		.2byte	0
 643 000e 0000     		.2byte	0
 644 0010 00000000 		.4byte	.LFB63
 645 0014 4C000000 		.4byte	.LFE63-.LFB63
 646 0018 00000000 		.4byte	0
 647 001c 00000000 		.4byte	0
 648              		.section	.debug_ranges,"",%progbits
 649              	.Ldebug_ranges0:
 650 0000 00000000 		.4byte	.LFB63
 651 0004 4C000000 		.4byte	.LFE63
 652 0008 00000000 		.4byte	0
 653 000c 00000000 		.4byte	0
 654              		.section	.debug_line,"",%progbits
 655              	.Ldebug_line0:
 656 0000 8F010000 		.section	.debug_str,"MS",%progbits,1
 656      02006201 
 656      00000201 
 656      FB0E0D00 
 656      01010101 
 657              	.LASF6:
 658 0000 6C6F6E67 		.ascii	"long long int\000"
 658      206C6F6E 
 658      6720696E 
 658      7400
 659              	.LASF3:
 660 000e 73686F72 		.ascii	"short unsigned int\000"
 660      7420756E 
 660      7369676E 
 660      65642069 
 660      6E7400
 661              	.LASF8:
 662 0021 756E7369 		.ascii	"unsigned int\000"
 662      676E6564 
 662      20696E74 
 662      00
 663              	.LASF24:
 664 002e 6D61696E 		.ascii	"main.c\000"
 664      2E6300
 665              	.LASF17:
 666 0035 74656D70 		.ascii	"temp\000"
 666      00
 667              	.LASF19:
 668 003a 7369676E 		.ascii	"signal\000"
 668      616C00
 669              	.LASF23:
 670 0041 474E5520 		.ascii	"GNU C11 5.4.1 20160609 (release) [ARM/embedded-5-br"
 670      43313120 
 670      352E342E 
ARM GAS  C:\Users\OLEKSA~1\AppData\Local\Temp\ccxDIhsz.s 			page 14


 670      31203230 
 670      31363036 
 671 0074 616E6368 		.ascii	"anch revision 237715] -mcpu=cortex-m3 -mthumb -g -O"
 671      20726576 
 671      6973696F 
 671      6E203233 
 671      37373135 
 672 00a7 67202D66 		.ascii	"g -ffunction-sections -ffat-lto-objects\000"
 672      66756E63 
 672      74696F6E 
 672      2D736563 
 672      74696F6E 
 673              	.LASF21:
 674 00cf 43794465 		.ascii	"CyDelay\000"
 674      6C617900 
 675              	.LASF11:
 676 00d7 75696E74 		.ascii	"uint8\000"
 676      3800
 677              	.LASF5:
 678 00dd 6C6F6E67 		.ascii	"long unsigned int\000"
 678      20756E73 
 678      69676E65 
 678      6420696E 
 678      7400
 679              	.LASF7:
 680 00ef 6C6F6E67 		.ascii	"long long unsigned int\000"
 680      206C6F6E 
 680      6720756E 
 680      7369676E 
 680      65642069 
 681              	.LASF25:
 682 0106 433A5C55 		.ascii	"C:\\Users\\oleksandr\\Documents\\PSoC Creator\\Work"
 682      73657273 
 682      5C6F6C65 
 682      6B73616E 
 682      64725C44 
 683 0134 73706163 		.ascii	"space08\\LAB2_Osyka_Oleksandr_TR_44.cydsn\000"
 683      6530385C 
 683      4C414232 
 683      5F4F7379 
 683      6B615F4F 
 684              	.LASF26:
 685 015d 6D61696E 		.ascii	"main\000"
 685      00
 686              	.LASF1:
 687 0162 756E7369 		.ascii	"unsigned char\000"
 687      676E6564 
 687      20636861 
 687      7200
 688              	.LASF14:
 689 0170 63686172 		.ascii	"char\000"
 689      00
 690              	.LASF4:
 691 0175 6C6F6E67 		.ascii	"long int\000"
 691      20696E74 
 691      00
 692              	.LASF13:
ARM GAS  C:\Users\OLEKSA~1\AppData\Local\Temp\ccxDIhsz.s 			page 15


 693 017e 646F7562 		.ascii	"double\000"
 693      6C6500
 694              	.LASF18:
 695 0185 49544D5F 		.ascii	"ITM_RxBuffer\000"
 695      52784275 
 695      66666572 
 695      00
 696              	.LASF0:
 697 0192 7369676E 		.ascii	"signed char\000"
 697      65642063 
 697      68617200 
 698              	.LASF16:
 699 019e 6C6F6E67 		.ascii	"long double\000"
 699      20646F75 
 699      626C6500 
 700              	.LASF22:
 701 01aa 56444143 		.ascii	"VDAC8_Start\000"
 701      385F5374 
 701      61727400 
 702              	.LASF9:
 703 01b6 5F5F696E 		.ascii	"__int32_t\000"
 703      7433325F 
 703      7400
 704              	.LASF12:
 705 01c0 666C6F61 		.ascii	"float\000"
 705      7400
 706              	.LASF2:
 707 01c6 73686F72 		.ascii	"short int\000"
 707      7420696E 
 707      7400
 708              	.LASF10:
 709 01d0 696E7433 		.ascii	"int32_t\000"
 709      325F7400 
 710              	.LASF20:
 711 01d8 56444143 		.ascii	"VDAC8_SetValue\000"
 711      385F5365 
 711      7456616C 
 711      756500
 712              	.LASF15:
 713 01e7 73697A65 		.ascii	"sizetype\000"
 713      74797065 
 713      00
 714              		.ident	"GCC: (GNU Tools for ARM Embedded Processors) 5.4.1 20160609 (release) [ARM/embedded-5-bran
