ARM GAS  C:\Users\Admin\AppData\Local\Temp\ccsVHvZh.s 			page 1


   1              		.syntax unified
   2              		.cpu cortex-m3
   3              		.fpu softvfp
   4              		.eabi_attribute 20, 1
   5              		.eabi_attribute 21, 1
   6              		.eabi_attribute 23, 3
   7              		.eabi_attribute 24, 1
   8              		.eabi_attribute 25, 1
   9              		.eabi_attribute 26, 1
  10              		.eabi_attribute 30, 1
  11              		.eabi_attribute 34, 1
  12              		.eabi_attribute 18, 4
  13              		.thumb
  14              		.syntax unified
  15              		.file	"cyfitter_cfg.c"
  16              		.text
  17              	.Ltext0:
  18              		.cfi_sections	.debug_frame
  19              		.section	.text.CyClockStartupError,"ax",%progbits
  20              		.align	2
  21              		.thumb
  22              		.thumb_func
  23              		.type	CyClockStartupError, %function
  24              	CyClockStartupError:
  25              	.LFB3:
  26              		.file 1 "Generated_Source\\PSoC5\\cyfitter_cfg.c"
   1:Generated_Source\PSoC5/cyfitter_cfg.c **** 
   2:Generated_Source\PSoC5/cyfitter_cfg.c **** /*******************************************************************************
   3:Generated_Source\PSoC5/cyfitter_cfg.c **** * File Name: cyfitter_cfg.c
   4:Generated_Source\PSoC5/cyfitter_cfg.c **** * 
   5:Generated_Source\PSoC5/cyfitter_cfg.c **** * PSoC Creator  4.4
   6:Generated_Source\PSoC5/cyfitter_cfg.c **** *
   7:Generated_Source\PSoC5/cyfitter_cfg.c **** * Description:
   8:Generated_Source\PSoC5/cyfitter_cfg.c **** * This file contains device initialization code.
   9:Generated_Source\PSoC5/cyfitter_cfg.c **** * Except for the user defined sections in CyClockStartupError(), this file should not be modified.
  10:Generated_Source\PSoC5/cyfitter_cfg.c **** * This file is automatically generated by PSoC Creator.
  11:Generated_Source\PSoC5/cyfitter_cfg.c **** *
  12:Generated_Source\PSoC5/cyfitter_cfg.c **** ********************************************************************************
  13:Generated_Source\PSoC5/cyfitter_cfg.c **** * Copyright (c) 2007-2020 Cypress Semiconductor.  All rights reserved.
  14:Generated_Source\PSoC5/cyfitter_cfg.c **** * You may use this file only in accordance with the license, terms, conditions, 
  15:Generated_Source\PSoC5/cyfitter_cfg.c **** * disclaimers, and limitations in the end user license agreement accompanying 
  16:Generated_Source\PSoC5/cyfitter_cfg.c **** * the software package with which this file was provided.
  17:Generated_Source\PSoC5/cyfitter_cfg.c **** ********************************************************************************/
  18:Generated_Source\PSoC5/cyfitter_cfg.c **** 
  19:Generated_Source\PSoC5/cyfitter_cfg.c **** #include <string.h>
  20:Generated_Source\PSoC5/cyfitter_cfg.c **** #include "cytypes.h"
  21:Generated_Source\PSoC5/cyfitter_cfg.c **** #include "cydevice_trm.h"
  22:Generated_Source\PSoC5/cyfitter_cfg.c **** #include "cyfitter.h"
  23:Generated_Source\PSoC5/cyfitter_cfg.c **** #include "CyLib.h"
  24:Generated_Source\PSoC5/cyfitter_cfg.c **** #include "cyfitter_cfg.h"
  25:Generated_Source\PSoC5/cyfitter_cfg.c **** #include "cyapicallbacks.h"
  26:Generated_Source\PSoC5/cyfitter_cfg.c **** 
  27:Generated_Source\PSoC5/cyfitter_cfg.c **** #define CY_NEED_CYCLOCKSTARTUPERROR 1
  28:Generated_Source\PSoC5/cyfitter_cfg.c **** 
  29:Generated_Source\PSoC5/cyfitter_cfg.c **** 
  30:Generated_Source\PSoC5/cyfitter_cfg.c **** #if defined(__GNUC__) || defined(__ARMCC_VERSION)
  31:Generated_Source\PSoC5/cyfitter_cfg.c ****     #define CYPACKED 
ARM GAS  C:\Users\Admin\AppData\Local\Temp\ccsVHvZh.s 			page 2


  32:Generated_Source\PSoC5/cyfitter_cfg.c ****     #define CYPACKED_ATTR __attribute__ ((packed))
  33:Generated_Source\PSoC5/cyfitter_cfg.c ****     #define CYALIGNED __attribute__ ((aligned))
  34:Generated_Source\PSoC5/cyfitter_cfg.c ****     #define CY_CFG_UNUSED __attribute__ ((unused))
  35:Generated_Source\PSoC5/cyfitter_cfg.c ****     #ifndef CY_CFG_SECTION
  36:Generated_Source\PSoC5/cyfitter_cfg.c ****         #define CY_CFG_SECTION __attribute__ ((section(".psocinit")))
  37:Generated_Source\PSoC5/cyfitter_cfg.c ****     #endif
  38:Generated_Source\PSoC5/cyfitter_cfg.c ****     
  39:Generated_Source\PSoC5/cyfitter_cfg.c ****     #if defined(__ARMCC_VERSION)
  40:Generated_Source\PSoC5/cyfitter_cfg.c ****         #define CY_CFG_MEMORY_BARRIER() __memory_changed()
  41:Generated_Source\PSoC5/cyfitter_cfg.c ****     #else
  42:Generated_Source\PSoC5/cyfitter_cfg.c ****         #define CY_CFG_MEMORY_BARRIER() __sync_synchronize()
  43:Generated_Source\PSoC5/cyfitter_cfg.c ****     #endif
  44:Generated_Source\PSoC5/cyfitter_cfg.c ****     
  45:Generated_Source\PSoC5/cyfitter_cfg.c **** #elif defined(__ICCARM__)
  46:Generated_Source\PSoC5/cyfitter_cfg.c ****     #include <intrinsics.h>
  47:Generated_Source\PSoC5/cyfitter_cfg.c **** 
  48:Generated_Source\PSoC5/cyfitter_cfg.c ****     #define CYPACKED __packed
  49:Generated_Source\PSoC5/cyfitter_cfg.c ****     #define CYPACKED_ATTR 
  50:Generated_Source\PSoC5/cyfitter_cfg.c ****     #define CYALIGNED _Pragma("data_alignment=4")
  51:Generated_Source\PSoC5/cyfitter_cfg.c ****     #define CY_CFG_UNUSED _Pragma("diag_suppress=Pe177")
  52:Generated_Source\PSoC5/cyfitter_cfg.c ****     #define CY_CFG_SECTION _Pragma("location=\".psocinit\"")
  53:Generated_Source\PSoC5/cyfitter_cfg.c ****     
  54:Generated_Source\PSoC5/cyfitter_cfg.c ****     #define CY_CFG_MEMORY_BARRIER() __DMB()
  55:Generated_Source\PSoC5/cyfitter_cfg.c ****     
  56:Generated_Source\PSoC5/cyfitter_cfg.c **** #else
  57:Generated_Source\PSoC5/cyfitter_cfg.c ****     #error Unsupported toolchain
  58:Generated_Source\PSoC5/cyfitter_cfg.c **** #endif
  59:Generated_Source\PSoC5/cyfitter_cfg.c **** 
  60:Generated_Source\PSoC5/cyfitter_cfg.c **** #ifndef CYCODE
  61:Generated_Source\PSoC5/cyfitter_cfg.c ****     #define CYCODE
  62:Generated_Source\PSoC5/cyfitter_cfg.c **** #endif
  63:Generated_Source\PSoC5/cyfitter_cfg.c **** #ifndef CYDATA
  64:Generated_Source\PSoC5/cyfitter_cfg.c ****     #define CYDATA
  65:Generated_Source\PSoC5/cyfitter_cfg.c **** #endif
  66:Generated_Source\PSoC5/cyfitter_cfg.c **** #ifndef CYFAR
  67:Generated_Source\PSoC5/cyfitter_cfg.c ****     #define CYFAR
  68:Generated_Source\PSoC5/cyfitter_cfg.c **** #endif
  69:Generated_Source\PSoC5/cyfitter_cfg.c **** #ifndef CYXDATA
  70:Generated_Source\PSoC5/cyfitter_cfg.c ****     #define CYXDATA
  71:Generated_Source\PSoC5/cyfitter_cfg.c **** #endif
  72:Generated_Source\PSoC5/cyfitter_cfg.c **** 
  73:Generated_Source\PSoC5/cyfitter_cfg.c **** 
  74:Generated_Source\PSoC5/cyfitter_cfg.c **** CY_CFG_UNUSED
  75:Generated_Source\PSoC5/cyfitter_cfg.c **** static void CYMEMZERO(void *s, size_t n);
  76:Generated_Source\PSoC5/cyfitter_cfg.c **** CY_CFG_UNUSED
  77:Generated_Source\PSoC5/cyfitter_cfg.c **** static void CYMEMZERO(void *s, size_t n)
  78:Generated_Source\PSoC5/cyfitter_cfg.c **** {
  79:Generated_Source\PSoC5/cyfitter_cfg.c **** 	(void)memset(s, 0, n);
  80:Generated_Source\PSoC5/cyfitter_cfg.c **** }
  81:Generated_Source\PSoC5/cyfitter_cfg.c **** CY_CFG_UNUSED
  82:Generated_Source\PSoC5/cyfitter_cfg.c **** static void CYCONFIGCPY(void *dest, const void *src, size_t n);
  83:Generated_Source\PSoC5/cyfitter_cfg.c **** CY_CFG_UNUSED
  84:Generated_Source\PSoC5/cyfitter_cfg.c **** static void CYCONFIGCPY(void *dest, const void *src, size_t n)
  85:Generated_Source\PSoC5/cyfitter_cfg.c **** {
  86:Generated_Source\PSoC5/cyfitter_cfg.c **** 	(void)memcpy(dest, src, n);
  87:Generated_Source\PSoC5/cyfitter_cfg.c **** }
  88:Generated_Source\PSoC5/cyfitter_cfg.c **** CY_CFG_UNUSED
ARM GAS  C:\Users\Admin\AppData\Local\Temp\ccsVHvZh.s 			page 3


  89:Generated_Source\PSoC5/cyfitter_cfg.c **** static void CYCONFIGCPYCODE(void *dest, const void *src, size_t n);
  90:Generated_Source\PSoC5/cyfitter_cfg.c **** CY_CFG_UNUSED
  91:Generated_Source\PSoC5/cyfitter_cfg.c **** static void CYCONFIGCPYCODE(void *dest, const void *src, size_t n)
  92:Generated_Source\PSoC5/cyfitter_cfg.c **** {
  93:Generated_Source\PSoC5/cyfitter_cfg.c **** 	(void)memcpy(dest, src, n);
  94:Generated_Source\PSoC5/cyfitter_cfg.c **** }
  95:Generated_Source\PSoC5/cyfitter_cfg.c **** 
  96:Generated_Source\PSoC5/cyfitter_cfg.c **** 
  97:Generated_Source\PSoC5/cyfitter_cfg.c **** 
  98:Generated_Source\PSoC5/cyfitter_cfg.c **** 
  99:Generated_Source\PSoC5/cyfitter_cfg.c **** /* Clock startup error codes                                                   */
 100:Generated_Source\PSoC5/cyfitter_cfg.c **** #define CYCLOCKSTART_NO_ERROR    0u
 101:Generated_Source\PSoC5/cyfitter_cfg.c **** #define CYCLOCKSTART_XTAL_ERROR  1u
 102:Generated_Source\PSoC5/cyfitter_cfg.c **** #define CYCLOCKSTART_32KHZ_ERROR 2u
 103:Generated_Source\PSoC5/cyfitter_cfg.c **** #define CYCLOCKSTART_PLL_ERROR   3u
 104:Generated_Source\PSoC5/cyfitter_cfg.c **** #define CYCLOCKSTART_FLL_ERROR   4u
 105:Generated_Source\PSoC5/cyfitter_cfg.c **** #define CYCLOCKSTART_WCO_ERROR   5u
 106:Generated_Source\PSoC5/cyfitter_cfg.c **** 
 107:Generated_Source\PSoC5/cyfitter_cfg.c **** 
 108:Generated_Source\PSoC5/cyfitter_cfg.c **** #ifdef CY_NEED_CYCLOCKSTARTUPERROR
 109:Generated_Source\PSoC5/cyfitter_cfg.c **** /*******************************************************************************
 110:Generated_Source\PSoC5/cyfitter_cfg.c **** * Function Name: CyClockStartupError
 111:Generated_Source\PSoC5/cyfitter_cfg.c **** ********************************************************************************
 112:Generated_Source\PSoC5/cyfitter_cfg.c **** * Summary:
 113:Generated_Source\PSoC5/cyfitter_cfg.c **** *  If an error is encountered during clock configuration (crystal startup error,
 114:Generated_Source\PSoC5/cyfitter_cfg.c **** *  PLL lock error, etc.), the system will end up here.  Unless reimplemented by
 115:Generated_Source\PSoC5/cyfitter_cfg.c **** *  the customer, this function will stop in an infinite loop.
 116:Generated_Source\PSoC5/cyfitter_cfg.c **** *
 117:Generated_Source\PSoC5/cyfitter_cfg.c **** * Parameters:
 118:Generated_Source\PSoC5/cyfitter_cfg.c **** *   void
 119:Generated_Source\PSoC5/cyfitter_cfg.c **** *
 120:Generated_Source\PSoC5/cyfitter_cfg.c **** * Return:
 121:Generated_Source\PSoC5/cyfitter_cfg.c **** *   void
 122:Generated_Source\PSoC5/cyfitter_cfg.c **** *
 123:Generated_Source\PSoC5/cyfitter_cfg.c **** *******************************************************************************/
 124:Generated_Source\PSoC5/cyfitter_cfg.c **** CY_CFG_UNUSED
 125:Generated_Source\PSoC5/cyfitter_cfg.c **** static void CyClockStartupError(uint8 errorCode);
 126:Generated_Source\PSoC5/cyfitter_cfg.c **** CY_CFG_UNUSED
 127:Generated_Source\PSoC5/cyfitter_cfg.c **** static void CyClockStartupError(uint8 errorCode)
 128:Generated_Source\PSoC5/cyfitter_cfg.c **** {
  27              		.loc 1 128 0
  28              		.cfi_startproc
  29              		@ Volatile: function does not return.
  30              		@ args = 0, pretend = 0, frame = 0
  31              		@ frame_needed = 0, uses_anonymous_args = 0
  32              		@ link register save eliminated.
  33              	.LVL0:
  34              	.L2:
  35 0000 FEE7     		b	.L2
  36              		.cfi_endproc
  37              	.LFE3:
  38              		.size	CyClockStartupError, .-CyClockStartupError
  39 0002 00BF     		.section	.text.AnalogSetDefault,"ax",%progbits
  40              		.align	2
  41              		.thumb
  42              		.thumb_func
  43              		.type	AnalogSetDefault, %function
ARM GAS  C:\Users\Admin\AppData\Local\Temp\ccsVHvZh.s 			page 4


  44              	AnalogSetDefault:
  45              	.LFB5:
 129:Generated_Source\PSoC5/cyfitter_cfg.c ****     /* To remove the compiler warning if errorCode not used.                */
 130:Generated_Source\PSoC5/cyfitter_cfg.c ****     errorCode = errorCode;
 131:Generated_Source\PSoC5/cyfitter_cfg.c **** 
 132:Generated_Source\PSoC5/cyfitter_cfg.c ****     /* If we have a clock startup error (bad MHz crystal, PLL lock, etc.),  */
 133:Generated_Source\PSoC5/cyfitter_cfg.c ****     /* we will end up here to allow the customer to implement something to  */
 134:Generated_Source\PSoC5/cyfitter_cfg.c ****     /* deal with the clock condition.                                       */
 135:Generated_Source\PSoC5/cyfitter_cfg.c **** 
 136:Generated_Source\PSoC5/cyfitter_cfg.c **** #ifdef CY_CFG_CLOCK_STARTUP_ERROR_CALLBACK
 137:Generated_Source\PSoC5/cyfitter_cfg.c ****     CY_CFG_Clock_Startup_ErrorCallback();
 138:Generated_Source\PSoC5/cyfitter_cfg.c **** #else
 139:Generated_Source\PSoC5/cyfitter_cfg.c ****     /*  If not using CY_CFG_CLOCK_STARTUP_ERROR_CALLBACK, place your clock startup code here. */
 140:Generated_Source\PSoC5/cyfitter_cfg.c ****     /* `#START CyClockStartupError` */
 141:Generated_Source\PSoC5/cyfitter_cfg.c **** 
 142:Generated_Source\PSoC5/cyfitter_cfg.c **** 
 143:Generated_Source\PSoC5/cyfitter_cfg.c **** 
 144:Generated_Source\PSoC5/cyfitter_cfg.c ****     /* `#END` */
 145:Generated_Source\PSoC5/cyfitter_cfg.c **** 
 146:Generated_Source\PSoC5/cyfitter_cfg.c ****     while(1) {}
 147:Generated_Source\PSoC5/cyfitter_cfg.c **** #endif /* CY_CFG_CLOCK_STARTUP_ERROR_CALLBACK */
 148:Generated_Source\PSoC5/cyfitter_cfg.c **** }
 149:Generated_Source\PSoC5/cyfitter_cfg.c **** #endif
 150:Generated_Source\PSoC5/cyfitter_cfg.c **** 
 151:Generated_Source\PSoC5/cyfitter_cfg.c **** /* IOPINS0_1 Address: CYREG_PRT1_DM0 Size (bytes): 8 */
 152:Generated_Source\PSoC5/cyfitter_cfg.c **** #define BS_IOPINS0_1_VAL ((const uint8 CYFAR *)0x48000000u)
 153:Generated_Source\PSoC5/cyfitter_cfg.c **** 
 154:Generated_Source\PSoC5/cyfitter_cfg.c **** /* IOPINS0_2 Address: CYREG_PRT2_DM0 Size (bytes): 8 */
 155:Generated_Source\PSoC5/cyfitter_cfg.c **** #define BS_IOPINS0_2_VAL ((const uint8 CYFAR *)0x48000008u)
 156:Generated_Source\PSoC5/cyfitter_cfg.c **** 
 157:Generated_Source\PSoC5/cyfitter_cfg.c **** 
 158:Generated_Source\PSoC5/cyfitter_cfg.c **** /*******************************************************************************
 159:Generated_Source\PSoC5/cyfitter_cfg.c **** * Function Name: ClockSetup
 160:Generated_Source\PSoC5/cyfitter_cfg.c **** ********************************************************************************
 161:Generated_Source\PSoC5/cyfitter_cfg.c **** *
 162:Generated_Source\PSoC5/cyfitter_cfg.c **** * Summary:
 163:Generated_Source\PSoC5/cyfitter_cfg.c **** *  Performs the initialization of all of the clocks in the device based on the
 164:Generated_Source\PSoC5/cyfitter_cfg.c **** *  settings in the Clock tab of the DWR.  This includes enabling the requested
 165:Generated_Source\PSoC5/cyfitter_cfg.c **** *  clocks and setting the necessary dividers to produce the desired frequency. 
 166:Generated_Source\PSoC5/cyfitter_cfg.c **** *
 167:Generated_Source\PSoC5/cyfitter_cfg.c **** * Parameters:
 168:Generated_Source\PSoC5/cyfitter_cfg.c **** *  void
 169:Generated_Source\PSoC5/cyfitter_cfg.c **** *
 170:Generated_Source\PSoC5/cyfitter_cfg.c **** * Return:
 171:Generated_Source\PSoC5/cyfitter_cfg.c **** *  void
 172:Generated_Source\PSoC5/cyfitter_cfg.c **** *
 173:Generated_Source\PSoC5/cyfitter_cfg.c **** *******************************************************************************/
 174:Generated_Source\PSoC5/cyfitter_cfg.c **** static void ClockSetup(void);
 175:Generated_Source\PSoC5/cyfitter_cfg.c **** static void ClockSetup(void)
 176:Generated_Source\PSoC5/cyfitter_cfg.c **** {
 177:Generated_Source\PSoC5/cyfitter_cfg.c **** 	uint32 timeout;
 178:Generated_Source\PSoC5/cyfitter_cfg.c **** 	uint8 pllLock;
 179:Generated_Source\PSoC5/cyfitter_cfg.c **** 
 180:Generated_Source\PSoC5/cyfitter_cfg.c **** 
 181:Generated_Source\PSoC5/cyfitter_cfg.c **** 	/* Configure ILO based on settings from Clock DWR */
 182:Generated_Source\PSoC5/cyfitter_cfg.c **** 	CY_SET_XTND_REG8((void CYFAR *)(CYREG_SLOWCLK_ILO_CR0), 0x02u);
 183:Generated_Source\PSoC5/cyfitter_cfg.c **** 	CY_SET_XTND_REG8((void CYFAR *)(CYREG_CLKDIST_CR), 0x08u);
ARM GAS  C:\Users\Admin\AppData\Local\Temp\ccsVHvZh.s 			page 5


 184:Generated_Source\PSoC5/cyfitter_cfg.c **** 
 185:Generated_Source\PSoC5/cyfitter_cfg.c **** 	/* Configure IMO based on settings from Clock DWR */
 186:Generated_Source\PSoC5/cyfitter_cfg.c **** 	CY_SET_XTND_REG8((void CYFAR *)(CYREG_FASTCLK_IMO_CR), 0x03u);
 187:Generated_Source\PSoC5/cyfitter_cfg.c **** 	CY_SET_XTND_REG8((void CYFAR *)(CYREG_IMO_TR1), (CY_GET_XTND_REG8((void CYFAR *)CYREG_FLSHID_CUST_
 188:Generated_Source\PSoC5/cyfitter_cfg.c **** 
 189:Generated_Source\PSoC5/cyfitter_cfg.c **** 	/* Configure PLL based on settings from Clock DWR */
 190:Generated_Source\PSoC5/cyfitter_cfg.c **** 	CY_SET_XTND_REG16((void CYFAR *)(CYREG_FASTCLK_PLL_P), 0x0008u);
 191:Generated_Source\PSoC5/cyfitter_cfg.c **** 	CY_SET_XTND_REG16((void CYFAR *)(CYREG_FASTCLK_PLL_CFG0), 0x1251u);
 192:Generated_Source\PSoC5/cyfitter_cfg.c **** 	/* Wait up to 250us for the PLL to lock */
 193:Generated_Source\PSoC5/cyfitter_cfg.c **** 	pllLock = 0u;
 194:Generated_Source\PSoC5/cyfitter_cfg.c **** 	for (timeout = 250u / 10u; (timeout > 0u) && (pllLock != 0x03u); timeout--)
 195:Generated_Source\PSoC5/cyfitter_cfg.c **** 	{ 
 196:Generated_Source\PSoC5/cyfitter_cfg.c **** 		pllLock = 0x03u & ((uint8)((uint8)pllLock << 1) | ((CY_GET_XTND_REG8((void CYFAR *)CYREG_FASTCLK_
 197:Generated_Source\PSoC5/cyfitter_cfg.c **** 		CyDelayCycles(10u * 48u); /* Delay 10us based on 48MHz clock */
 198:Generated_Source\PSoC5/cyfitter_cfg.c **** 	}
 199:Generated_Source\PSoC5/cyfitter_cfg.c **** 	/* If we ran out of time the PLL didn't lock so go to the error function */
 200:Generated_Source\PSoC5/cyfitter_cfg.c **** 	if (timeout == 0u)
 201:Generated_Source\PSoC5/cyfitter_cfg.c **** 	{
 202:Generated_Source\PSoC5/cyfitter_cfg.c **** 		CyClockStartupError(CYCLOCKSTART_PLL_ERROR);
 203:Generated_Source\PSoC5/cyfitter_cfg.c **** 	}
 204:Generated_Source\PSoC5/cyfitter_cfg.c **** 
 205:Generated_Source\PSoC5/cyfitter_cfg.c **** 	/* Configure Bus/Master Clock based on settings from Clock DWR */
 206:Generated_Source\PSoC5/cyfitter_cfg.c **** 	CY_SET_XTND_REG16((void CYFAR *)(CYREG_CLKDIST_MSTR0), 0x0100u);
 207:Generated_Source\PSoC5/cyfitter_cfg.c **** 	CY_SET_XTND_REG8((void CYFAR *)(CYREG_CLKDIST_MSTR0), 0x07u);
 208:Generated_Source\PSoC5/cyfitter_cfg.c **** 	CY_SET_XTND_REG8((void CYFAR *)(CYREG_CLKDIST_BCFG0), 0x00u);
 209:Generated_Source\PSoC5/cyfitter_cfg.c **** 	CY_SET_XTND_REG8((void CYFAR *)(CYREG_CLKDIST_BCFG2), 0x48u);
 210:Generated_Source\PSoC5/cyfitter_cfg.c **** 	CY_SET_XTND_REG8((void CYFAR *)(CYREG_CLKDIST_MSTR0), 0x00u);
 211:Generated_Source\PSoC5/cyfitter_cfg.c **** 	CY_SET_XTND_REG8((void CYFAR *)(CYREG_CLKDIST_LD), 0x02u);
 212:Generated_Source\PSoC5/cyfitter_cfg.c **** }
 213:Generated_Source\PSoC5/cyfitter_cfg.c **** 
 214:Generated_Source\PSoC5/cyfitter_cfg.c **** 
 215:Generated_Source\PSoC5/cyfitter_cfg.c **** /* Analog API Functions */
 216:Generated_Source\PSoC5/cyfitter_cfg.c **** 
 217:Generated_Source\PSoC5/cyfitter_cfg.c **** 
 218:Generated_Source\PSoC5/cyfitter_cfg.c **** /*******************************************************************************
 219:Generated_Source\PSoC5/cyfitter_cfg.c **** * Function Name: AnalogSetDefault
 220:Generated_Source\PSoC5/cyfitter_cfg.c **** ********************************************************************************
 221:Generated_Source\PSoC5/cyfitter_cfg.c **** *
 222:Generated_Source\PSoC5/cyfitter_cfg.c **** * Summary:
 223:Generated_Source\PSoC5/cyfitter_cfg.c **** *  Sets up the analog portions of the chip to default values based on chip
 224:Generated_Source\PSoC5/cyfitter_cfg.c **** *  configuration options from the project.
 225:Generated_Source\PSoC5/cyfitter_cfg.c **** *
 226:Generated_Source\PSoC5/cyfitter_cfg.c **** * Parameters:
 227:Generated_Source\PSoC5/cyfitter_cfg.c **** *  void
 228:Generated_Source\PSoC5/cyfitter_cfg.c **** *
 229:Generated_Source\PSoC5/cyfitter_cfg.c **** * Return:
 230:Generated_Source\PSoC5/cyfitter_cfg.c **** *  void
 231:Generated_Source\PSoC5/cyfitter_cfg.c **** *
 232:Generated_Source\PSoC5/cyfitter_cfg.c **** *******************************************************************************/
 233:Generated_Source\PSoC5/cyfitter_cfg.c **** static void AnalogSetDefault(void);
 234:Generated_Source\PSoC5/cyfitter_cfg.c **** static void AnalogSetDefault(void)
 235:Generated_Source\PSoC5/cyfitter_cfg.c **** {
  46              		.loc 1 235 0
  47              		.cfi_startproc
  48              		@ args = 0, pretend = 0, frame = 0
  49              		@ frame_needed = 0, uses_anonymous_args = 0
  50              		@ link register save eliminated.
ARM GAS  C:\Users\Admin\AppData\Local\Temp\ccsVHvZh.s 			page 6


 236:Generated_Source\PSoC5/cyfitter_cfg.c **** 	uint8 bg_xover_inl_trim = CY_GET_XTND_REG8((void CYFAR *)(CYREG_FLSHID_MFG_CFG_BG_XOVER_INL_TRIM +
  51              		.loc 1 236 0
  52 0000 0A4B     		ldr	r3, .L4
  53 0002 1B78     		ldrb	r3, [r3]	@ zero_extendqisi2
  54 0004 DBB2     		uxtb	r3, r3
  55              	.LVL1:
 237:Generated_Source\PSoC5/cyfitter_cfg.c **** 	CY_SET_XTND_REG8((void CYFAR *)(CYREG_BG_DFT0), (bg_xover_inl_trim & 0x07u));
  56              		.loc 1 237 0
  57 0006 03F00701 		and	r1, r3, #7
  58 000a 094A     		ldr	r2, .L4+4
  59 000c 1170     		strb	r1, [r2]
 238:Generated_Source\PSoC5/cyfitter_cfg.c **** 	CY_SET_XTND_REG8((void CYFAR *)(CYREG_BG_DFT1), ((bg_xover_inl_trim >> 4) & 0x0Fu));
  60              		.loc 1 238 0
  61 000e 1B09     		lsrs	r3, r3, #4
  62              	.LVL2:
  63 0010 0132     		adds	r2, r2, #1
  64 0012 1370     		strb	r3, [r2]
 239:Generated_Source\PSoC5/cyfitter_cfg.c **** 	CY_SET_XTND_REG8((void CYFAR *)CYREG_PRT2_AMUX, 0x80u);
  65              		.loc 1 239 0
  66 0014 8022     		movs	r2, #128
  67 0016 074B     		ldr	r3, .L4+8
  68 0018 1A70     		strb	r2, [r3]
 240:Generated_Source\PSoC5/cyfitter_cfg.c **** 	CY_SET_XTND_REG8((void CYFAR *)CYREG_DAC0_SW3, 0x01u);
  69              		.loc 1 240 0
  70 001a 0122     		movs	r2, #1
  71 001c 03F65713 		addw	r3, r3, #2391
  72 0020 1A70     		strb	r2, [r3]
 241:Generated_Source\PSoC5/cyfitter_cfg.c **** 	CY_SET_XTND_REG8((void CYFAR *)CYREG_PUMP_CR0, 0x44u);
  73              		.loc 1 241 0
  74 0022 4422     		movs	r2, #68
  75 0024 A3F20D23 		subw	r3, r3, #525
  76 0028 1A70     		strb	r2, [r3]
  77 002a 7047     		bx	lr
  78              	.L5:
  79              		.align	2
  80              	.L4:
  81 002c CF010049 		.word	1224737231
  82 0030 6E580040 		.word	1073764462
  83 0034 2C510040 		.word	1073762604
  84              		.cfi_endproc
  85              	.LFE5:
  86              		.size	AnalogSetDefault, .-AnalogSetDefault
  87              		.section	.text.CYMEMZERO,"ax",%progbits
  88              		.align	2
  89              		.thumb
  90              		.thumb_func
  91              		.type	CYMEMZERO, %function
  92              	CYMEMZERO:
  93              	.LFB0:
  78:Generated_Source\PSoC5/cyfitter_cfg.c **** 	(void)memset(s, 0, n);
  94              		.loc 1 78 0
  95              		.cfi_startproc
  96              		@ args = 0, pretend = 0, frame = 0
  97              		@ frame_needed = 0, uses_anonymous_args = 0
  98              	.LVL3:
  99 0000 08B5     		push	{r3, lr}
 100              		.cfi_def_cfa_offset 8
ARM GAS  C:\Users\Admin\AppData\Local\Temp\ccsVHvZh.s 			page 7


 101              		.cfi_offset 3, -8
 102              		.cfi_offset 14, -4
  79:Generated_Source\PSoC5/cyfitter_cfg.c **** }
 103              		.loc 1 79 0
 104 0002 0A46     		mov	r2, r1
 105 0004 0021     		movs	r1, #0
 106              	.LVL4:
 107 0006 FFF7FEFF 		bl	memset
 108              	.LVL5:
 109 000a 08BD     		pop	{r3, pc}
 110              		.cfi_endproc
 111              	.LFE0:
 112              		.size	CYMEMZERO, .-CYMEMZERO
 113              		.section	.text.ClockSetup,"ax",%progbits
 114              		.align	2
 115              		.thumb
 116              		.thumb_func
 117              		.type	ClockSetup, %function
 118              	ClockSetup:
 119              	.LFB4:
 176:Generated_Source\PSoC5/cyfitter_cfg.c **** 	uint32 timeout;
 120              		.loc 1 176 0
 121              		.cfi_startproc
 122              		@ args = 0, pretend = 0, frame = 0
 123              		@ frame_needed = 0, uses_anonymous_args = 0
 124 0000 38B5     		push	{r3, r4, r5, lr}
 125              		.cfi_def_cfa_offset 16
 126              		.cfi_offset 3, -16
 127              		.cfi_offset 4, -12
 128              		.cfi_offset 5, -8
 129              		.cfi_offset 14, -4
 182:Generated_Source\PSoC5/cyfitter_cfg.c **** 	CY_SET_XTND_REG8((void CYFAR *)(CYREG_CLKDIST_CR), 0x08u);
 130              		.loc 1 182 0
 131 0002 0222     		movs	r2, #2
 132 0004 1E4B     		ldr	r3, .L14
 133 0006 1A70     		strb	r2, [r3]
 183:Generated_Source\PSoC5/cyfitter_cfg.c **** 
 134              		.loc 1 183 0
 135 0008 0822     		movs	r2, #8
 136 000a 4FF04023 		mov	r3, #1073758208
 137 000e 1A70     		strb	r2, [r3]
 186:Generated_Source\PSoC5/cyfitter_cfg.c **** 	CY_SET_XTND_REG8((void CYFAR *)(CYREG_IMO_TR1), (CY_GET_XTND_REG8((void CYFAR *)CYREG_FLSHID_CUST_
 138              		.loc 1 186 0
 139 0010 0321     		movs	r1, #3
 140 0012 03F50073 		add	r3, r3, #512
 141 0016 1970     		strb	r1, [r3]
 187:Generated_Source\PSoC5/cyfitter_cfg.c **** 
 142              		.loc 1 187 0
 143 0018 1A4B     		ldr	r3, .L14+4
 144 001a 1B78     		ldrb	r3, [r3]	@ zero_extendqisi2
 145 001c DBB2     		uxtb	r3, r3
 146 001e 1A49     		ldr	r1, .L14+8
 147 0020 0B70     		strb	r3, [r1]
 190:Generated_Source\PSoC5/cyfitter_cfg.c **** 	CY_SET_XTND_REG16((void CYFAR *)(CYREG_FASTCLK_PLL_CFG0), 0x1251u);
 148              		.loc 1 190 0
 149 0022 1A4B     		ldr	r3, .L14+12
 150 0024 1A80     		strh	r2, [r3]	@ movhi
ARM GAS  C:\Users\Admin\AppData\Local\Temp\ccsVHvZh.s 			page 8


 191:Generated_Source\PSoC5/cyfitter_cfg.c **** 	/* Wait up to 250us for the PLL to lock */
 151              		.loc 1 191 0
 152 0026 41F25122 		movw	r2, #4689
 153 002a 023B     		subs	r3, r3, #2
 154 002c 1A80     		strh	r2, [r3]	@ movhi
 155              	.LVL6:
 193:Generated_Source\PSoC5/cyfitter_cfg.c **** 	for (timeout = 250u / 10u; (timeout > 0u) && (pllLock != 0x03u); timeout--)
 156              		.loc 1 193 0
 157 002e 0024     		movs	r4, #0
 194:Generated_Source\PSoC5/cyfitter_cfg.c **** 	{ 
 158              		.loc 1 194 0
 159 0030 1925     		movs	r5, #25
 160 0032 0CE0     		b	.L9
 161              	.LVL7:
 162              	.L11:
 196:Generated_Source\PSoC5/cyfitter_cfg.c **** 		CyDelayCycles(10u * 48u); /* Delay 10us based on 48MHz clock */
 163              		.loc 1 196 0 discriminator 4
 164 0034 164B     		ldr	r3, .L14+16
 165 0036 1B78     		ldrb	r3, [r3]	@ zero_extendqisi2
 166 0038 03F00103 		and	r3, r3, #1
 167 003c 43EA4404 		orr	r4, r3, r4, lsl #1
 168              	.LVL8:
 169 0040 04F00304 		and	r4, r4, #3
 170              	.LVL9:
 197:Generated_Source\PSoC5/cyfitter_cfg.c **** 	}
 171              		.loc 1 197 0 discriminator 4
 172 0044 4FF4F070 		mov	r0, #480
 173 0048 FFF7FEFF 		bl	CyDelayCycles
 174              	.LVL10:
 194:Generated_Source\PSoC5/cyfitter_cfg.c **** 	{ 
 175              		.loc 1 194 0 discriminator 4
 176 004c 013D     		subs	r5, r5, #1
 177              	.LVL11:
 178              	.L9:
 194:Generated_Source\PSoC5/cyfitter_cfg.c **** 	{ 
 179              		.loc 1 194 0 is_stmt 0 discriminator 1
 180 004e 0DB1     		cbz	r5, .L10
 194:Generated_Source\PSoC5/cyfitter_cfg.c **** 	{ 
 181              		.loc 1 194 0 discriminator 3
 182 0050 032C     		cmp	r4, #3
 183 0052 EFD1     		bne	.L11
 184              	.L10:
 200:Generated_Source\PSoC5/cyfitter_cfg.c **** 	{
 185              		.loc 1 200 0 is_stmt 1
 186 0054 15B9     		cbnz	r5, .L12
 202:Generated_Source\PSoC5/cyfitter_cfg.c **** 	}
 187              		.loc 1 202 0
 188 0056 0320     		movs	r0, #3
 189 0058 FFF7FEFF 		bl	CyClockStartupError
 190              	.LVL12:
 191              	.L12:
 206:Generated_Source\PSoC5/cyfitter_cfg.c **** 	CY_SET_XTND_REG8((void CYFAR *)(CYREG_CLKDIST_MSTR0), 0x07u);
 192              		.loc 1 206 0
 193 005c 0D4B     		ldr	r3, .L14+20
 194 005e 4FF48072 		mov	r2, #256
 195 0062 1A80     		strh	r2, [r3]	@ movhi
 207:Generated_Source\PSoC5/cyfitter_cfg.c **** 	CY_SET_XTND_REG8((void CYFAR *)(CYREG_CLKDIST_BCFG0), 0x00u);
ARM GAS  C:\Users\Admin\AppData\Local\Temp\ccsVHvZh.s 			page 9


 196              		.loc 1 207 0
 197 0064 0722     		movs	r2, #7
 198 0066 1A70     		strb	r2, [r3]
 208:Generated_Source\PSoC5/cyfitter_cfg.c **** 	CY_SET_XTND_REG8((void CYFAR *)(CYREG_CLKDIST_BCFG2), 0x48u);
 199              		.loc 1 208 0
 200 0068 0022     		movs	r2, #0
 201 006a 0B49     		ldr	r1, .L14+24
 202 006c 0A70     		strb	r2, [r1]
 209:Generated_Source\PSoC5/cyfitter_cfg.c **** 	CY_SET_XTND_REG8((void CYFAR *)(CYREG_CLKDIST_MSTR0), 0x00u);
 203              		.loc 1 209 0
 204 006e 4820     		movs	r0, #72
 205 0070 0231     		adds	r1, r1, #2
 206 0072 0870     		strb	r0, [r1]
 210:Generated_Source\PSoC5/cyfitter_cfg.c **** 	CY_SET_XTND_REG8((void CYFAR *)(CYREG_CLKDIST_LD), 0x02u);
 207              		.loc 1 210 0
 208 0074 1A70     		strb	r2, [r3]
 211:Generated_Source\PSoC5/cyfitter_cfg.c **** }
 209              		.loc 1 211 0
 210 0076 0222     		movs	r2, #2
 211 0078 033B     		subs	r3, r3, #3
 212 007a 1A70     		strb	r2, [r3]
 213 007c 38BD     		pop	{r3, r4, r5, pc}
 214              	.LVL13:
 215              	.L15:
 216 007e 00BF     		.align	2
 217              	.L14:
 218 0080 00430040 		.word	1073758976
 219 0084 08010049 		.word	1224737032
 220 0088 A1460040 		.word	1073759905
 221 008c 22420040 		.word	1073758754
 222 0090 25420040 		.word	1073758757
 223 0094 04400040 		.word	1073758212
 224 0098 06400040 		.word	1073758214
 225              		.cfi_endproc
 226              	.LFE4:
 227              		.size	ClockSetup, .-ClockSetup
 228              		.section	.text.CYCONFIGCPY,"ax",%progbits
 229              		.align	2
 230              		.thumb
 231              		.thumb_func
 232              		.type	CYCONFIGCPY, %function
 233              	CYCONFIGCPY:
 234              	.LFB1:
  85:Generated_Source\PSoC5/cyfitter_cfg.c **** 	(void)memcpy(dest, src, n);
 235              		.loc 1 85 0
 236              		.cfi_startproc
 237              		@ args = 0, pretend = 0, frame = 0
 238              		@ frame_needed = 0, uses_anonymous_args = 0
 239              	.LVL14:
 240 0000 08B5     		push	{r3, lr}
 241              		.cfi_def_cfa_offset 8
 242              		.cfi_offset 3, -8
 243              		.cfi_offset 14, -4
  86:Generated_Source\PSoC5/cyfitter_cfg.c **** }
 244              		.loc 1 86 0
 245 0002 FFF7FEFF 		bl	memcpy
 246              	.LVL15:
ARM GAS  C:\Users\Admin\AppData\Local\Temp\ccsVHvZh.s 			page 10


 247 0006 08BD     		pop	{r3, pc}
 248              		.cfi_endproc
 249              	.LFE1:
 250              		.size	CYCONFIGCPY, .-CYCONFIGCPY
 251              		.section	.text.SetAnalogRoutingPumps,"ax",%progbits
 252              		.align	2
 253              		.global	SetAnalogRoutingPumps
 254              		.thumb
 255              		.thumb_func
 256              		.type	SetAnalogRoutingPumps, %function
 257              	SetAnalogRoutingPumps:
 258              	.LFB6:
 242:Generated_Source\PSoC5/cyfitter_cfg.c **** }
 243:Generated_Source\PSoC5/cyfitter_cfg.c **** 
 244:Generated_Source\PSoC5/cyfitter_cfg.c **** 
 245:Generated_Source\PSoC5/cyfitter_cfg.c **** /*******************************************************************************
 246:Generated_Source\PSoC5/cyfitter_cfg.c **** * Function Name: SetAnalogRoutingPumps
 247:Generated_Source\PSoC5/cyfitter_cfg.c **** ********************************************************************************
 248:Generated_Source\PSoC5/cyfitter_cfg.c **** *
 249:Generated_Source\PSoC5/cyfitter_cfg.c **** * Summary:
 250:Generated_Source\PSoC5/cyfitter_cfg.c **** * Enables or disables the analog pumps feeding analog routing switches.
 251:Generated_Source\PSoC5/cyfitter_cfg.c **** * Intended to be called at startup, based on the Vdda system configuration;
 252:Generated_Source\PSoC5/cyfitter_cfg.c **** * may be called during operation when the user informs us that the Vdda voltage
 253:Generated_Source\PSoC5/cyfitter_cfg.c **** * crossed the pump threshold.
 254:Generated_Source\PSoC5/cyfitter_cfg.c **** *
 255:Generated_Source\PSoC5/cyfitter_cfg.c **** * Parameters:
 256:Generated_Source\PSoC5/cyfitter_cfg.c **** *  enabled - 1 to enable the pumps, 0 to disable the pumps
 257:Generated_Source\PSoC5/cyfitter_cfg.c **** *
 258:Generated_Source\PSoC5/cyfitter_cfg.c **** * Return:
 259:Generated_Source\PSoC5/cyfitter_cfg.c **** *  void
 260:Generated_Source\PSoC5/cyfitter_cfg.c **** *
 261:Generated_Source\PSoC5/cyfitter_cfg.c **** *******************************************************************************/
 262:Generated_Source\PSoC5/cyfitter_cfg.c **** void SetAnalogRoutingPumps(uint8 enabled)
 263:Generated_Source\PSoC5/cyfitter_cfg.c **** {
 259              		.loc 1 263 0
 260              		.cfi_startproc
 261              		@ args = 0, pretend = 0, frame = 0
 262              		@ frame_needed = 0, uses_anonymous_args = 0
 263              		@ link register save eliminated.
 264              	.LVL16:
 264:Generated_Source\PSoC5/cyfitter_cfg.c **** 	uint8 regValue = CY_GET_XTND_REG8((void CYFAR *)CYREG_PUMP_CR0);
 265              		.loc 1 264 0
 266 0000 024A     		ldr	r2, .L19
 267 0002 1378     		ldrb	r3, [r2]	@ zero_extendqisi2
 268 0004 DBB2     		uxtb	r3, r3
 269              	.LVL17:
 265:Generated_Source\PSoC5/cyfitter_cfg.c **** 	if (enabled != 0u)
 266:Generated_Source\PSoC5/cyfitter_cfg.c **** 	{
 267:Generated_Source\PSoC5/cyfitter_cfg.c **** 		regValue |= 0x00u;
 268:Generated_Source\PSoC5/cyfitter_cfg.c **** 	}
 269:Generated_Source\PSoC5/cyfitter_cfg.c **** 	else
 270:Generated_Source\PSoC5/cyfitter_cfg.c **** 	{
 271:Generated_Source\PSoC5/cyfitter_cfg.c **** 		regValue &= (uint8)~0x00u;
 272:Generated_Source\PSoC5/cyfitter_cfg.c **** 	}
 273:Generated_Source\PSoC5/cyfitter_cfg.c **** 	CY_SET_XTND_REG8((void CYFAR *)CYREG_PUMP_CR0, regValue);
 270              		.loc 1 273 0
 271 0006 1370     		strb	r3, [r2]
ARM GAS  C:\Users\Admin\AppData\Local\Temp\ccsVHvZh.s 			page 11


 272 0008 7047     		bx	lr
 273              	.L20:
 274 000a 00BF     		.align	2
 275              	.L19:
 276 000c 76580040 		.word	1073764470
 277              		.cfi_endproc
 278              	.LFE6:
 279              		.size	SetAnalogRoutingPumps, .-SetAnalogRoutingPumps
 280              		.section	.text.cyfitter_cfg,"ax",%progbits
 281              		.align	2
 282              		.global	cyfitter_cfg
 283              		.thumb
 284              		.thumb_func
 285              		.type	cyfitter_cfg, %function
 286              	cyfitter_cfg:
 287              	.LFB7:
 274:Generated_Source\PSoC5/cyfitter_cfg.c **** }
 275:Generated_Source\PSoC5/cyfitter_cfg.c **** 
 276:Generated_Source\PSoC5/cyfitter_cfg.c **** 
 277:Generated_Source\PSoC5/cyfitter_cfg.c **** 
 278:Generated_Source\PSoC5/cyfitter_cfg.c **** 
 279:Generated_Source\PSoC5/cyfitter_cfg.c **** /*******************************************************************************
 280:Generated_Source\PSoC5/cyfitter_cfg.c **** * Function Name: cyfitter_cfg
 281:Generated_Source\PSoC5/cyfitter_cfg.c **** ********************************************************************************
 282:Generated_Source\PSoC5/cyfitter_cfg.c **** * Summary:
 283:Generated_Source\PSoC5/cyfitter_cfg.c **** *  This function is called by the start-up code for the selected device. It
 284:Generated_Source\PSoC5/cyfitter_cfg.c **** *  performs all of the necessary device configuration based on the design
 285:Generated_Source\PSoC5/cyfitter_cfg.c **** *  settings.  This includes settings from the Design Wide Resources (DWR) such
 286:Generated_Source\PSoC5/cyfitter_cfg.c **** *  as Clocks and Pins as well as any component configuration that is necessary.
 287:Generated_Source\PSoC5/cyfitter_cfg.c **** *
 288:Generated_Source\PSoC5/cyfitter_cfg.c **** * Parameters:
 289:Generated_Source\PSoC5/cyfitter_cfg.c **** *   void
 290:Generated_Source\PSoC5/cyfitter_cfg.c **** *
 291:Generated_Source\PSoC5/cyfitter_cfg.c **** * Return:
 292:Generated_Source\PSoC5/cyfitter_cfg.c **** *   void
 293:Generated_Source\PSoC5/cyfitter_cfg.c **** *
 294:Generated_Source\PSoC5/cyfitter_cfg.c **** *******************************************************************************/
 295:Generated_Source\PSoC5/cyfitter_cfg.c **** 
 296:Generated_Source\PSoC5/cyfitter_cfg.c **** void cyfitter_cfg(void)
 297:Generated_Source\PSoC5/cyfitter_cfg.c **** {
 288              		.loc 1 297 0
 289              		.cfi_startproc
 290              		@ args = 0, pretend = 0, frame = 0
 291              		@ frame_needed = 0, uses_anonymous_args = 0
 292 0000 38B5     		push	{r3, r4, r5, lr}
 293              		.cfi_def_cfa_offset 16
 294              		.cfi_offset 3, -16
 295              		.cfi_offset 4, -12
 296              		.cfi_offset 5, -8
 297              		.cfi_offset 14, -4
 298:Generated_Source\PSoC5/cyfitter_cfg.c **** #ifdef CYGlobalIntDisable
 299:Generated_Source\PSoC5/cyfitter_cfg.c **** 	/* Disable interrupts by default. Let user enable if/when they want. */
 300:Generated_Source\PSoC5/cyfitter_cfg.c **** 	CYGlobalIntDisable
 298              		.loc 1 300 0
 299              		.syntax unified
 300              	@ 300 "Generated_Source\PSoC5\cyfitter_cfg.c" 1
 301 0002 72B6     		CPSID   i
ARM GAS  C:\Users\Admin\AppData\Local\Temp\ccsVHvZh.s 			page 12


 302              	@ 0 "" 2
 301:Generated_Source\PSoC5/cyfitter_cfg.c **** #endif
 302:Generated_Source\PSoC5/cyfitter_cfg.c **** 
 303:Generated_Source\PSoC5/cyfitter_cfg.c **** 	/* Enable/Disable Debug functionality based on settings from System DWR */
 304:Generated_Source\PSoC5/cyfitter_cfg.c **** 	CY_SET_XTND_REG8((void CYFAR *)CYREG_MLOGIC_DEBUG, (CY_GET_XTND_REG8((void CYFAR *)CYREG_MLOGIC_DE
 303              		.loc 1 304 0
 304              		.thumb
 305              		.syntax unified
 306 0004 204A     		ldr	r2, .L25
 307 0006 1378     		ldrb	r3, [r2]	@ zero_extendqisi2
 308 0008 43F00403 		orr	r3, r3, #4
 309 000c 1370     		strb	r3, [r2]
 310              	.LVL18:
 311              	.LBB2:
 305:Generated_Source\PSoC5/cyfitter_cfg.c **** 
 306:Generated_Source\PSoC5/cyfitter_cfg.c **** 	{
 307:Generated_Source\PSoC5/cyfitter_cfg.c **** 
 308:Generated_Source\PSoC5/cyfitter_cfg.c **** 		CYPACKED typedef struct {
 309:Generated_Source\PSoC5/cyfitter_cfg.c **** 			void CYFAR *address;
 310:Generated_Source\PSoC5/cyfitter_cfg.c **** 			uint16 size;
 311:Generated_Source\PSoC5/cyfitter_cfg.c **** 		} CYPACKED_ATTR cfg_memset_t;
 312:Generated_Source\PSoC5/cyfitter_cfg.c **** 
 313:Generated_Source\PSoC5/cyfitter_cfg.c **** 		static const cfg_memset_t CYCODE cfg_memset_list[] = {
 314:Generated_Source\PSoC5/cyfitter_cfg.c **** 			/* address, size */
 315:Generated_Source\PSoC5/cyfitter_cfg.c **** 			{(void CYFAR *)(CYREG_PRT0_DR), 16u},
 316:Generated_Source\PSoC5/cyfitter_cfg.c **** 			{(void CYFAR *)(CYREG_PRT3_DR), 64u},
 317:Generated_Source\PSoC5/cyfitter_cfg.c **** 			{(void CYFAR *)(CYREG_PRT12_DR), 16u},
 318:Generated_Source\PSoC5/cyfitter_cfg.c **** 			{(void CYFAR *)(CYREG_PRT15_DR), 16u},
 319:Generated_Source\PSoC5/cyfitter_cfg.c **** 			{(void CYFAR *)(CYDEV_UCFG_B0_P0_U0_BASE), 4096u},
 320:Generated_Source\PSoC5/cyfitter_cfg.c **** 			{(void CYFAR *)(CYDEV_UCFG_B1_P2_U0_BASE), 2048u},
 321:Generated_Source\PSoC5/cyfitter_cfg.c **** 			{(void CYFAR *)(CYDEV_UCFG_DSI0_BASE), 2560u},
 322:Generated_Source\PSoC5/cyfitter_cfg.c **** 			{(void CYFAR *)(CYDEV_UCFG_DSI12_BASE), 512u},
 323:Generated_Source\PSoC5/cyfitter_cfg.c **** 			{(void CYFAR *)(CYREG_BCTL0_MDCLK_EN), 32u},
 324:Generated_Source\PSoC5/cyfitter_cfg.c **** 		};
 325:Generated_Source\PSoC5/cyfitter_cfg.c **** 
 326:Generated_Source\PSoC5/cyfitter_cfg.c **** 		uint8 CYDATA i;
 327:Generated_Source\PSoC5/cyfitter_cfg.c **** 
 328:Generated_Source\PSoC5/cyfitter_cfg.c **** 		/* Zero out critical memory blocks before beginning configuration */
 329:Generated_Source\PSoC5/cyfitter_cfg.c **** 		for (i = 0u; i < (sizeof(cfg_memset_list)/sizeof(cfg_memset_list[0])); i++)
 312              		.loc 1 329 0
 313 000e 0024     		movs	r4, #0
 314 0010 0CE0     		b	.L22
 315              	.LVL19:
 316              	.L23:
 317              	.LBB3:
 330:Generated_Source\PSoC5/cyfitter_cfg.c **** 		{
 331:Generated_Source\PSoC5/cyfitter_cfg.c **** 			const cfg_memset_t CYCODE * CYDATA ms = &cfg_memset_list[i];
 332:Generated_Source\PSoC5/cyfitter_cfg.c **** 			CYMEMZERO(ms->address, (size_t)(uint32)(ms->size));
 318              		.loc 1 332 0 discriminator 3
 319 0012 1E4D     		ldr	r5, .L25+4
 320 0014 6300     		lsls	r3, r4, #1
 321 0016 1919     		adds	r1, r3, r4
 322 0018 4A00     		lsls	r2, r1, #1
 323 001a 1146     		mov	r1, r2
 324 001c 2A44     		add	r2, r2, r5
 325 001e 0846     		mov	r0, r1
 326 0020 9188     		ldrh	r1, [r2, #4]
ARM GAS  C:\Users\Admin\AppData\Local\Temp\ccsVHvZh.s 			page 13


 327 0022 2858     		ldr	r0, [r5, r0]	@ unaligned
 328 0024 FFF7FEFF 		bl	CYMEMZERO
 329              	.LVL20:
 330              	.LBE3:
 329:Generated_Source\PSoC5/cyfitter_cfg.c **** 		{
 331              		.loc 1 329 0 discriminator 3
 332 0028 0134     		adds	r4, r4, #1
 333              	.LVL21:
 334 002a E4B2     		uxtb	r4, r4
 335              	.LVL22:
 336              	.L22:
 329:Generated_Source\PSoC5/cyfitter_cfg.c **** 		{
 337              		.loc 1 329 0 is_stmt 0 discriminator 1
 338 002c 082C     		cmp	r4, #8
 339 002e F0D9     		bls	.L23
 333:Generated_Source\PSoC5/cyfitter_cfg.c **** 		}
 334:Generated_Source\PSoC5/cyfitter_cfg.c **** 
 335:Generated_Source\PSoC5/cyfitter_cfg.c **** 		/* Enable digital routing */
 336:Generated_Source\PSoC5/cyfitter_cfg.c **** 		CY_SET_XTND_REG8((void CYFAR *)CYREG_BCTL0_BANK_CTL, CY_GET_XTND_REG8((void CYFAR *)CYREG_BCTL0_B
 340              		.loc 1 336 0 is_stmt 1
 341 0030 174A     		ldr	r2, .L25+8
 342 0032 1378     		ldrb	r3, [r2]	@ zero_extendqisi2
 343 0034 43F00203 		orr	r3, r3, #2
 344 0038 1370     		strb	r3, [r2]
 337:Generated_Source\PSoC5/cyfitter_cfg.c **** 		CY_SET_XTND_REG8((void CYFAR *)CYREG_BCTL1_BANK_CTL, CY_GET_XTND_REG8((void CYFAR *)CYREG_BCTL1_B
 345              		.loc 1 337 0
 346 003a 1032     		adds	r2, r2, #16
 347 003c 1378     		ldrb	r3, [r2]	@ zero_extendqisi2
 348 003e 43F00203 		orr	r3, r3, #2
 349 0042 1370     		strb	r3, [r2]
 350              	.LBE2:
 338:Generated_Source\PSoC5/cyfitter_cfg.c **** 	}
 339:Generated_Source\PSoC5/cyfitter_cfg.c **** 
 340:Generated_Source\PSoC5/cyfitter_cfg.c **** 
 341:Generated_Source\PSoC5/cyfitter_cfg.c **** 	/* Perform second pass device configuration. These items must be configured in specific order afte
 342:Generated_Source\PSoC5/cyfitter_cfg.c **** 	CYCONFIGCPY((void CYFAR *)(CYREG_PRT1_DM0), (const void CYFAR *)(BS_IOPINS0_1_VAL), 8u);
 351              		.loc 1 342 0
 352 0044 0822     		movs	r2, #8
 353 0046 4FF09041 		mov	r1, #1207959552
 354 004a 1248     		ldr	r0, .L25+12
 355 004c FFF7FEFF 		bl	CYCONFIGCPY
 356              	.LVL23:
 343:Generated_Source\PSoC5/cyfitter_cfg.c **** 	CYCONFIGCPY((void CYFAR *)(CYREG_PRT2_DM0), (const void CYFAR *)(BS_IOPINS0_2_VAL), 8u);
 357              		.loc 1 343 0
 358 0050 0822     		movs	r2, #8
 359 0052 1149     		ldr	r1, .L25+16
 360 0054 1148     		ldr	r0, .L25+20
 361 0056 FFF7FEFF 		bl	CYCONFIGCPY
 362              	.LVL24:
 344:Generated_Source\PSoC5/cyfitter_cfg.c **** 	/* Switch Boost to the precision bandgap reference from its internal reference */
 345:Generated_Source\PSoC5/cyfitter_cfg.c **** 	CY_SET_REG8((void CYXDATA *)CYREG_BOOST_CR2, (CY_GET_REG8((void CYXDATA *)CYREG_BOOST_CR2) | 0x08u
 363              		.loc 1 345 0
 364 005a 114A     		ldr	r2, .L25+24
 365 005c 1378     		ldrb	r3, [r2]	@ zero_extendqisi2
 366 005e 43F00803 		orr	r3, r3, #8
 367 0062 1370     		strb	r3, [r2]
 346:Generated_Source\PSoC5/cyfitter_cfg.c **** 
ARM GAS  C:\Users\Admin\AppData\Local\Temp\ccsVHvZh.s 			page 14


 347:Generated_Source\PSoC5/cyfitter_cfg.c **** 	/* Set Flash Cycles based on max possible frequency in case a glitch occurs during ClockSetup(). *
 348:Generated_Source\PSoC5/cyfitter_cfg.c **** 	CY_SET_XTND_REG8((void CYFAR *)(CYREG_CACHE_CC_CTL), (((CYDEV_INSTRUCT_CACHE_ENABLED) != 0) ? 0x61
 368              		.loc 1 348 0
 369 0064 0F4C     		ldr	r4, .L25+28
 370              	.LVL25:
 371 0066 6123     		movs	r3, #97
 372 0068 2370     		strb	r3, [r4]
 349:Generated_Source\PSoC5/cyfitter_cfg.c **** 	/* Setup clocks based on selections from Clock DWR */
 350:Generated_Source\PSoC5/cyfitter_cfg.c **** 	ClockSetup();
 373              		.loc 1 350 0
 374 006a FFF7FEFF 		bl	ClockSetup
 375              	.LVL26:
 351:Generated_Source\PSoC5/cyfitter_cfg.c **** 	/* Set Flash Cycles based on newly configured 24.00MHz Bus Clock. */
 352:Generated_Source\PSoC5/cyfitter_cfg.c **** 	CY_SET_XTND_REG8((void CYFAR *)(CYREG_CACHE_CC_CTL), (((CYDEV_INSTRUCT_CACHE_ENABLED) != 0) ? 0x81
 376              		.loc 1 352 0
 377 006e 8123     		movs	r3, #129
 378 0070 2370     		strb	r3, [r4]
 353:Generated_Source\PSoC5/cyfitter_cfg.c **** 	CY_SET_XTND_REG8((void CYFAR *)(CYREG_PANTHER_WAITPIPE), 0x01u);
 379              		.loc 1 353 0
 380 0072 0122     		movs	r2, #1
 381 0074 0C4B     		ldr	r3, .L25+32
 382 0076 1A70     		strb	r2, [r3]
 354:Generated_Source\PSoC5/cyfitter_cfg.c **** 
 355:Generated_Source\PSoC5/cyfitter_cfg.c **** 	/* Perform basic analog initialization to defaults */
 356:Generated_Source\PSoC5/cyfitter_cfg.c **** 	AnalogSetDefault();
 383              		.loc 1 356 0
 384 0078 FFF7FEFF 		bl	AnalogSetDefault
 385              	.LVL27:
 357:Generated_Source\PSoC5/cyfitter_cfg.c **** 
 358:Generated_Source\PSoC5/cyfitter_cfg.c **** 	/* Configure alternate active mode */
 359:Generated_Source\PSoC5/cyfitter_cfg.c **** 	CYCONFIGCPY((void CYFAR *)CYDEV_PM_STBY_BASE, (const void CYFAR *)CYDEV_PM_ACT_BASE, 14u);
 386              		.loc 1 359 0
 387 007c 0E22     		movs	r2, #14
 388 007e 0B49     		ldr	r1, .L25+36
 389 0080 0B48     		ldr	r0, .L25+40
 390 0082 FFF7FEFF 		bl	CYCONFIGCPY
 391              	.LVL28:
 392 0086 38BD     		pop	{r3, r4, r5, pc}
 393              	.L26:
 394              		.align	2
 395              	.L25:
 396 0088 E8460040 		.word	1073759976
 397 008c 00000000 		.word	.LANCHOR0
 398 0090 03500140 		.word	1073827843
 399 0094 12510040 		.word	1073762578
 400 0098 08000048 		.word	1207959560
 401 009c 22510040 		.word	1073762594
 402 00a0 22430040 		.word	1073759010
 403 00a4 00480040 		.word	1073760256
 404 00a8 04000840 		.word	1074266116
 405 00ac A0430040 		.word	1073759136
 406 00b0 B0430040 		.word	1073759152
 407              		.cfi_endproc
 408              	.LFE7:
 409              		.size	cyfitter_cfg, .-cyfitter_cfg
 410              		.section	.rodata
 411              		.align	2
ARM GAS  C:\Users\Admin\AppData\Local\Temp\ccsVHvZh.s 			page 15


 412              		.set	.LANCHOR0,. + 0
 413              		.type	cfg_memset_list.4992, %object
 414              		.size	cfg_memset_list.4992, 54
 415              	cfg_memset_list.4992:
 416 0000 00510040 		.word	1073762560
 417 0004 1000     		.short	16
 418 0006 30510040 		.4byte	1073762608
 419 000a 4000     		.short	64
 420 000c C0510040 		.word	1073762752
 421 0010 1000     		.short	16
 422 0012 F0510040 		.4byte	1073762800
 423 0016 1000     		.short	16
 424 0018 00000140 		.word	1073807360
 425 001c 0010     		.short	4096
 426 001e 00140140 		.4byte	1073812480
 427 0022 0008     		.short	2048
 428 0024 00400140 		.word	1073823744
 429 0028 000A     		.short	2560
 430 002a 004C0140 		.4byte	1073826816
 431 002e 0002     		.short	512
 432 0030 00500140 		.word	1073827840
 433 0034 2000     		.short	32
 434              		.text
 435              	.Letext0:
 436              		.file 2 "c:\\program files (x86)\\cypress\\psoc creator\\4.4\\psoc creator\\import\\gnu\\arm\\5.4.
 437              		.file 3 "Generated_Source\\PSoC5\\cytypes.h"
 438              		.file 4 "Generated_Source\\PSoC5\\CyLib.h"
 439              		.section	.debug_info,"",%progbits
 440              	.Ldebug_info0:
 441 0000 CD030000 		.4byte	0x3cd
 442 0004 0400     		.2byte	0x4
 443 0006 00000000 		.4byte	.Ldebug_abbrev0
 444 000a 04       		.byte	0x4
 445 000b 01       		.uleb128 0x1
 446 000c 8E000000 		.4byte	.LASF39
 447 0010 0C       		.byte	0xc
 448 0011 EA010000 		.4byte	.LASF40
 449 0015 17020000 		.4byte	.LASF41
 450 0019 00000000 		.4byte	.Ldebug_ranges0+0
 451 001d 00000000 		.4byte	0
 452 0021 00000000 		.4byte	.Ldebug_line0
 453 0025 02       		.uleb128 0x2
 454 0026 04       		.byte	0x4
 455 0027 05       		.byte	0x5
 456 0028 696E7400 		.ascii	"int\000"
 457 002c 03       		.uleb128 0x3
 458 002d 14000000 		.4byte	.LASF12
 459 0031 02       		.byte	0x2
 460 0032 D8       		.byte	0xd8
 461 0033 37000000 		.4byte	0x37
 462 0037 04       		.uleb128 0x4
 463 0038 04       		.byte	0x4
 464 0039 07       		.byte	0x7
 465 003a 9A010000 		.4byte	.LASF0
 466 003e 04       		.uleb128 0x4
 467 003f 08       		.byte	0x8
 468 0040 05       		.byte	0x5
ARM GAS  C:\Users\Admin\AppData\Local\Temp\ccsVHvZh.s 			page 16


 469 0041 DC010000 		.4byte	.LASF1
 470 0045 04       		.uleb128 0x4
 471 0046 08       		.byte	0x8
 472 0047 04       		.byte	0x4
 473 0048 6E020000 		.4byte	.LASF2
 474 004c 04       		.uleb128 0x4
 475 004d 01       		.byte	0x1
 476 004e 06       		.byte	0x6
 477 004f 8C020000 		.4byte	.LASF3
 478 0053 04       		.uleb128 0x4
 479 0054 01       		.byte	0x1
 480 0055 08       		.byte	0x8
 481 0056 59010000 		.4byte	.LASF4
 482 005a 04       		.uleb128 0x4
 483 005b 02       		.byte	0x2
 484 005c 05       		.byte	0x5
 485 005d 4E020000 		.4byte	.LASF5
 486 0061 04       		.uleb128 0x4
 487 0062 02       		.byte	0x2
 488 0063 07       		.byte	0x7
 489 0064 4F000000 		.4byte	.LASF6
 490 0068 04       		.uleb128 0x4
 491 0069 04       		.byte	0x4
 492 006a 05       		.byte	0x5
 493 006b 60020000 		.4byte	.LASF7
 494 006f 04       		.uleb128 0x4
 495 0070 04       		.byte	0x4
 496 0071 07       		.byte	0x7
 497 0072 21010000 		.4byte	.LASF8
 498 0076 04       		.uleb128 0x4
 499 0077 08       		.byte	0x8
 500 0078 07       		.byte	0x7
 501 0079 AF010000 		.4byte	.LASF9
 502 007d 04       		.uleb128 0x4
 503 007e 04       		.byte	0x4
 504 007f 07       		.byte	0x7
 505 0080 D3010000 		.4byte	.LASF10
 506 0084 05       		.uleb128 0x5
 507 0085 04       		.byte	0x4
 508 0086 04       		.uleb128 0x4
 509 0087 01       		.byte	0x1
 510 0088 08       		.byte	0x8
 511 0089 69020000 		.4byte	.LASF11
 512 008d 06       		.uleb128 0x6
 513 008e 33010000 		.4byte	.LASF13
 514 0092 03       		.byte	0x3
 515 0093 E801     		.2byte	0x1e8
 516 0095 53000000 		.4byte	0x53
 517 0099 06       		.uleb128 0x6
 518 009a 82010000 		.4byte	.LASF14
 519 009e 03       		.byte	0x3
 520 009f E901     		.2byte	0x1e9
 521 00a1 61000000 		.4byte	0x61
 522 00a5 06       		.uleb128 0x6
 523 00a6 93010000 		.4byte	.LASF15
 524 00aa 03       		.byte	0x3
 525 00ab EA01     		.2byte	0x1ea
ARM GAS  C:\Users\Admin\AppData\Local\Temp\ccsVHvZh.s 			page 17


 526 00ad 6F000000 		.4byte	0x6f
 527 00b1 04       		.uleb128 0x4
 528 00b2 04       		.byte	0x4
 529 00b3 04       		.byte	0x4
 530 00b4 6A000000 		.4byte	.LASF16
 531 00b8 04       		.uleb128 0x4
 532 00b9 08       		.byte	0x8
 533 00ba 04       		.byte	0x4
 534 00bb 6E010000 		.4byte	.LASF17
 535 00bf 06       		.uleb128 0x6
 536 00c0 1C010000 		.4byte	.LASF18
 537 00c4 03       		.byte	0x3
 538 00c5 9202     		.2byte	0x292
 539 00c7 CB000000 		.4byte	0xcb
 540 00cb 07       		.uleb128 0x7
 541 00cc 8D000000 		.4byte	0x8d
 542 00d0 06       		.uleb128 0x6
 543 00d1 00000000 		.4byte	.LASF19
 544 00d5 03       		.byte	0x3
 545 00d6 9302     		.2byte	0x293
 546 00d8 DC000000 		.4byte	0xdc
 547 00dc 07       		.uleb128 0x7
 548 00dd 99000000 		.4byte	0x99
 549 00e1 08       		.uleb128 0x8
 550 00e2 70000000 		.4byte	.LASF42
 551 00e6 01       		.byte	0x1
 552 00e7 7F       		.byte	0x7f
 553 00e8 00000000 		.4byte	.LFB3
 554 00ec 02000000 		.4byte	.LFE3-.LFB3
 555 00f0 01       		.uleb128 0x1
 556 00f1 9C       		.byte	0x9c
 557 00f2 04010000 		.4byte	0x104
 558 00f6 09       		.uleb128 0x9
 559 00f7 89010000 		.4byte	.LASF22
 560 00fb 01       		.byte	0x1
 561 00fc 7F       		.byte	0x7f
 562 00fd 8D000000 		.4byte	0x8d
 563 0101 01       		.uleb128 0x1
 564 0102 50       		.byte	0x50
 565 0103 00       		.byte	0
 566 0104 0A       		.uleb128 0xa
 567 0105 1B000000 		.4byte	.LASF20
 568 0109 01       		.byte	0x1
 569 010a EA       		.byte	0xea
 570 010b 00000000 		.4byte	.LFB5
 571 010f 38000000 		.4byte	.LFE5-.LFB5
 572 0113 01       		.uleb128 0x1
 573 0114 9C       		.byte	0x9c
 574 0115 29010000 		.4byte	0x129
 575 0119 0B       		.uleb128 0xb
 576 011a 7A020000 		.4byte	.LASF24
 577 011e 01       		.byte	0x1
 578 011f EC       		.byte	0xec
 579 0120 8D000000 		.4byte	0x8d
 580 0124 00000000 		.4byte	.LLST0
 581 0128 00       		.byte	0
 582 0129 0A       		.uleb128 0xa
ARM GAS  C:\Users\Admin\AppData\Local\Temp\ccsVHvZh.s 			page 18


 583 012a 39010000 		.4byte	.LASF21
 584 012e 01       		.byte	0x1
 585 012f 4D       		.byte	0x4d
 586 0130 00000000 		.4byte	.LFB0
 587 0134 0C000000 		.4byte	.LFE0-.LFB0
 588 0138 01       		.uleb128 0x1
 589 0139 9C       		.byte	0x9c
 590 013a 76010000 		.4byte	0x176
 591 013e 0C       		.uleb128 0xc
 592 013f 7300     		.ascii	"s\000"
 593 0141 01       		.byte	0x1
 594 0142 4D       		.byte	0x4d
 595 0143 84000000 		.4byte	0x84
 596 0147 13000000 		.4byte	.LLST1
 597 014b 0C       		.uleb128 0xc
 598 014c 6E00     		.ascii	"n\000"
 599 014e 01       		.byte	0x1
 600 014f 4D       		.byte	0x4d
 601 0150 2C000000 		.4byte	0x2c
 602 0154 34000000 		.4byte	.LLST2
 603 0158 0D       		.uleb128 0xd
 604 0159 0A000000 		.4byte	.LVL5
 605 015d B3030000 		.4byte	0x3b3
 606 0161 0E       		.uleb128 0xe
 607 0162 01       		.uleb128 0x1
 608 0163 50       		.byte	0x50
 609 0164 03       		.uleb128 0x3
 610 0165 F3       		.byte	0xf3
 611 0166 01       		.uleb128 0x1
 612 0167 50       		.byte	0x50
 613 0168 0E       		.uleb128 0xe
 614 0169 01       		.uleb128 0x1
 615 016a 51       		.byte	0x51
 616 016b 01       		.uleb128 0x1
 617 016c 30       		.byte	0x30
 618 016d 0E       		.uleb128 0xe
 619 016e 01       		.uleb128 0x1
 620 016f 52       		.byte	0x52
 621 0170 03       		.uleb128 0x3
 622 0171 F3       		.byte	0xf3
 623 0172 01       		.uleb128 0x1
 624 0173 51       		.byte	0x51
 625 0174 00       		.byte	0
 626 0175 00       		.byte	0
 627 0176 0A       		.uleb128 0xa
 628 0177 44000000 		.4byte	.LASF23
 629 017b 01       		.byte	0x1
 630 017c AF       		.byte	0xaf
 631 017d 00000000 		.4byte	.LFB4
 632 0181 9C000000 		.4byte	.LFE4-.LFB4
 633 0185 01       		.uleb128 0x1
 634 0186 9C       		.byte	0x9c
 635 0187 CE010000 		.4byte	0x1ce
 636 018b 0B       		.uleb128 0xb
 637 018c 2C000000 		.4byte	.LASF25
 638 0190 01       		.byte	0x1
 639 0191 B1       		.byte	0xb1
ARM GAS  C:\Users\Admin\AppData\Local\Temp\ccsVHvZh.s 			page 19


 640 0192 A5000000 		.4byte	0xa5
 641 0196 60000000 		.4byte	.LLST3
 642 019a 0B       		.uleb128 0xb
 643 019b 62000000 		.4byte	.LASF26
 644 019f 01       		.byte	0x1
 645 01a0 B2       		.byte	0xb2
 646 01a1 8D000000 		.4byte	0x8d
 647 01a5 7F000000 		.4byte	.LLST4
 648 01a9 0F       		.uleb128 0xf
 649 01aa 4C000000 		.4byte	.LVL10
 650 01ae BC030000 		.4byte	0x3bc
 651 01b2 BE010000 		.4byte	0x1be
 652 01b6 0E       		.uleb128 0xe
 653 01b7 01       		.uleb128 0x1
 654 01b8 50       		.byte	0x50
 655 01b9 03       		.uleb128 0x3
 656 01ba 0A       		.byte	0xa
 657 01bb E001     		.2byte	0x1e0
 658 01bd 00       		.byte	0
 659 01be 0D       		.uleb128 0xd
 660 01bf 5C000000 		.4byte	.LVL12
 661 01c3 E1000000 		.4byte	0xe1
 662 01c7 0E       		.uleb128 0xe
 663 01c8 01       		.uleb128 0x1
 664 01c9 50       		.byte	0x50
 665 01ca 01       		.uleb128 0x1
 666 01cb 33       		.byte	0x33
 667 01cc 00       		.byte	0
 668 01cd 00       		.byte	0
 669 01ce 0A       		.uleb128 0xa
 670 01cf A1020000 		.4byte	.LASF27
 671 01d3 01       		.byte	0x1
 672 01d4 54       		.byte	0x54
 673 01d5 00000000 		.4byte	.LFB1
 674 01d9 08000000 		.4byte	.LFE1-.LFB1
 675 01dd 01       		.uleb128 0x1
 676 01de 9C       		.byte	0x9c
 677 01df 2E020000 		.4byte	0x22e
 678 01e3 10       		.uleb128 0x10
 679 01e4 84000000 		.4byte	.LASF28
 680 01e8 01       		.byte	0x1
 681 01e9 54       		.byte	0x54
 682 01ea 84000000 		.4byte	0x84
 683 01ee A9000000 		.4byte	.LLST5
 684 01f2 0C       		.uleb128 0xc
 685 01f3 73726300 		.ascii	"src\000"
 686 01f7 01       		.byte	0x1
 687 01f8 54       		.byte	0x54
 688 01f9 2E020000 		.4byte	0x22e
 689 01fd CA000000 		.4byte	.LLST6
 690 0201 0C       		.uleb128 0xc
 691 0202 6E00     		.ascii	"n\000"
 692 0204 01       		.byte	0x1
 693 0205 54       		.byte	0x54
 694 0206 2C000000 		.4byte	0x2c
 695 020a EB000000 		.4byte	.LLST7
 696 020e 0D       		.uleb128 0xd
ARM GAS  C:\Users\Admin\AppData\Local\Temp\ccsVHvZh.s 			page 20


 697 020f 06000000 		.4byte	.LVL15
 698 0213 C7030000 		.4byte	0x3c7
 699 0217 0E       		.uleb128 0xe
 700 0218 01       		.uleb128 0x1
 701 0219 50       		.byte	0x50
 702 021a 03       		.uleb128 0x3
 703 021b F3       		.byte	0xf3
 704 021c 01       		.uleb128 0x1
 705 021d 50       		.byte	0x50
 706 021e 0E       		.uleb128 0xe
 707 021f 01       		.uleb128 0x1
 708 0220 51       		.byte	0x51
 709 0221 03       		.uleb128 0x3
 710 0222 F3       		.byte	0xf3
 711 0223 01       		.uleb128 0x1
 712 0224 51       		.byte	0x51
 713 0225 0E       		.uleb128 0xe
 714 0226 01       		.uleb128 0x1
 715 0227 52       		.byte	0x52
 716 0228 03       		.uleb128 0x3
 717 0229 F3       		.byte	0xf3
 718 022a 01       		.uleb128 0x1
 719 022b 52       		.byte	0x52
 720 022c 00       		.byte	0
 721 022d 00       		.byte	0
 722 022e 11       		.uleb128 0x11
 723 022f 04       		.byte	0x4
 724 0230 34020000 		.4byte	0x234
 725 0234 12       		.uleb128 0x12
 726 0235 13       		.uleb128 0x13
 727 0236 43010000 		.4byte	.LASF31
 728 023a 01       		.byte	0x1
 729 023b 0601     		.2byte	0x106
 730 023d 00000000 		.4byte	.LFB6
 731 0241 10000000 		.4byte	.LFE6-.LFB6
 732 0245 01       		.uleb128 0x1
 733 0246 9C       		.byte	0x9c
 734 0247 68020000 		.4byte	0x268
 735 024b 14       		.uleb128 0x14
 736 024c 58020000 		.4byte	.LASF29
 737 0250 01       		.byte	0x1
 738 0251 0601     		.2byte	0x106
 739 0253 8D000000 		.4byte	0x8d
 740 0257 01       		.uleb128 0x1
 741 0258 50       		.byte	0x50
 742 0259 15       		.uleb128 0x15
 743 025a 98020000 		.4byte	.LASF30
 744 025e 01       		.byte	0x1
 745 025f 0801     		.2byte	0x108
 746 0261 8D000000 		.4byte	0x8d
 747 0265 01       		.uleb128 0x1
 748 0266 53       		.byte	0x53
 749 0267 00       		.byte	0
 750 0268 13       		.uleb128 0x13
 751 0269 75010000 		.4byte	.LASF32
 752 026d 01       		.byte	0x1
 753 026e 2801     		.2byte	0x128
ARM GAS  C:\Users\Admin\AppData\Local\Temp\ccsVHvZh.s 			page 21


 754 0270 00000000 		.4byte	.LFB7
 755 0274 B4000000 		.4byte	.LFE7-.LFB7
 756 0278 01       		.uleb128 0x1
 757 0279 9C       		.byte	0x9c
 758 027a B3030000 		.4byte	0x3b3
 759 027e 16       		.uleb128 0x16
 760 027f 0E000000 		.4byte	.LBB2
 761 0283 36000000 		.4byte	.LBE2-.LBB2
 762 0287 37030000 		.4byte	0x337
 763 028b 17       		.uleb128 0x17
 764 028c 06       		.byte	0x6
 765 028d 01       		.byte	0x1
 766 028e 3401     		.2byte	0x134
 767 0290 AF020000 		.4byte	0x2af
 768 0294 18       		.uleb128 0x18
 769 0295 A7010000 		.4byte	.LASF33
 770 0299 01       		.byte	0x1
 771 029a 3501     		.2byte	0x135
 772 029c 84000000 		.4byte	0x84
 773 02a0 00       		.byte	0
 774 02a1 18       		.uleb128 0x18
 775 02a2 89000000 		.4byte	.LASF34
 776 02a6 01       		.byte	0x1
 777 02a7 3601     		.2byte	0x136
 778 02a9 99000000 		.4byte	0x99
 779 02ad 04       		.byte	0x4
 780 02ae 00       		.byte	0
 781 02af 06       		.uleb128 0x6
 782 02b0 C6010000 		.4byte	.LASF35
 783 02b4 01       		.byte	0x1
 784 02b5 3701     		.2byte	0x137
 785 02b7 8B020000 		.4byte	0x28b
 786 02bb 19       		.uleb128 0x19
 787 02bc CB020000 		.4byte	0x2cb
 788 02c0 CB020000 		.4byte	0x2cb
 789 02c4 1A       		.uleb128 0x1a
 790 02c5 7D000000 		.4byte	0x7d
 791 02c9 08       		.byte	0x8
 792 02ca 00       		.byte	0
 793 02cb 1B       		.uleb128 0x1b
 794 02cc AF020000 		.4byte	0x2af
 795 02d0 15       		.uleb128 0x15
 796 02d1 34000000 		.4byte	.LASF36
 797 02d5 01       		.byte	0x1
 798 02d6 3901     		.2byte	0x139
 799 02d8 E2020000 		.4byte	0x2e2
 800 02dc 05       		.uleb128 0x5
 801 02dd 03       		.byte	0x3
 802 02de 00000000 		.4byte	cfg_memset_list.4992
 803 02e2 1B       		.uleb128 0x1b
 804 02e3 BB020000 		.4byte	0x2bb
 805 02e7 1C       		.uleb128 0x1c
 806 02e8 6900     		.ascii	"i\000"
 807 02ea 01       		.byte	0x1
 808 02eb 4601     		.2byte	0x146
 809 02ed 8D000000 		.4byte	0x8d
 810 02f1 0C010000 		.4byte	.LLST8
ARM GAS  C:\Users\Admin\AppData\Local\Temp\ccsVHvZh.s 			page 22


 811 02f5 1D       		.uleb128 0x1d
 812 02f6 12000000 		.4byte	.LBB3
 813 02fa 16000000 		.4byte	.LBE3-.LBB3
 814 02fe 1C       		.uleb128 0x1c
 815 02ff 6D7300   		.ascii	"ms\000"
 816 0302 01       		.byte	0x1
 817 0303 4B01     		.2byte	0x14b
 818 0305 0D030000 		.4byte	0x30d
 819 0309 36010000 		.4byte	.LLST9
 820 030d 11       		.uleb128 0x11
 821 030e 04       		.byte	0x4
 822 030f CB020000 		.4byte	0x2cb
 823 0313 0D       		.uleb128 0xd
 824 0314 28000000 		.4byte	.LVL20
 825 0318 29010000 		.4byte	0x129
 826 031c 0E       		.uleb128 0xe
 827 031d 01       		.uleb128 0x1
 828 031e 51       		.byte	0x51
 829 031f 14       		.uleb128 0x14
 830 0320 74       		.byte	0x74
 831 0321 00       		.sleb128 0
 832 0322 31       		.byte	0x31
 833 0323 24       		.byte	0x24
 834 0324 74       		.byte	0x74
 835 0325 00       		.sleb128 0
 836 0326 22       		.byte	0x22
 837 0327 31       		.byte	0x31
 838 0328 24       		.byte	0x24
 839 0329 75       		.byte	0x75
 840 032a 00       		.sleb128 0
 841 032b 22       		.byte	0x22
 842 032c 23       		.byte	0x23
 843 032d 04       		.uleb128 0x4
 844 032e 94       		.byte	0x94
 845 032f 02       		.byte	0x2
 846 0330 0A       		.byte	0xa
 847 0331 FFFF     		.2byte	0xffff
 848 0333 1A       		.byte	0x1a
 849 0334 00       		.byte	0
 850 0335 00       		.byte	0
 851 0336 00       		.byte	0
 852 0337 0F       		.uleb128 0xf
 853 0338 50000000 		.4byte	.LVL23
 854 033c CE010000 		.4byte	0x1ce
 855 0340 5A030000 		.4byte	0x35a
 856 0344 0E       		.uleb128 0xe
 857 0345 01       		.uleb128 0x1
 858 0346 50       		.byte	0x50
 859 0347 05       		.uleb128 0x5
 860 0348 0C       		.byte	0xc
 861 0349 12510040 		.4byte	0x40005112
 862 034d 0E       		.uleb128 0xe
 863 034e 01       		.uleb128 0x1
 864 034f 51       		.byte	0x51
 865 0350 03       		.uleb128 0x3
 866 0351 42       		.byte	0x42
 867 0352 4A       		.byte	0x4a
ARM GAS  C:\Users\Admin\AppData\Local\Temp\ccsVHvZh.s 			page 23


 868 0353 24       		.byte	0x24
 869 0354 0E       		.uleb128 0xe
 870 0355 01       		.uleb128 0x1
 871 0356 52       		.byte	0x52
 872 0357 01       		.uleb128 0x1
 873 0358 38       		.byte	0x38
 874 0359 00       		.byte	0
 875 035a 0F       		.uleb128 0xf
 876 035b 5A000000 		.4byte	.LVL24
 877 035f CE010000 		.4byte	0x1ce
 878 0363 7F030000 		.4byte	0x37f
 879 0367 0E       		.uleb128 0xe
 880 0368 01       		.uleb128 0x1
 881 0369 50       		.byte	0x50
 882 036a 05       		.uleb128 0x5
 883 036b 0C       		.byte	0xc
 884 036c 22510040 		.4byte	0x40005122
 885 0370 0E       		.uleb128 0xe
 886 0371 01       		.uleb128 0x1
 887 0372 51       		.byte	0x51
 888 0373 05       		.uleb128 0x5
 889 0374 0C       		.byte	0xc
 890 0375 08000048 		.4byte	0x48000008
 891 0379 0E       		.uleb128 0xe
 892 037a 01       		.uleb128 0x1
 893 037b 52       		.byte	0x52
 894 037c 01       		.uleb128 0x1
 895 037d 38       		.byte	0x38
 896 037e 00       		.byte	0
 897 037f 1E       		.uleb128 0x1e
 898 0380 6E000000 		.4byte	.LVL26
 899 0384 76010000 		.4byte	0x176
 900 0388 1E       		.uleb128 0x1e
 901 0389 7C000000 		.4byte	.LVL27
 902 038d 04010000 		.4byte	0x104
 903 0391 0D       		.uleb128 0xd
 904 0392 86000000 		.4byte	.LVL28
 905 0396 CE010000 		.4byte	0x1ce
 906 039a 0E       		.uleb128 0xe
 907 039b 01       		.uleb128 0x1
 908 039c 50       		.byte	0x50
 909 039d 05       		.uleb128 0x5
 910 039e 0C       		.byte	0xc
 911 039f B0430040 		.4byte	0x400043b0
 912 03a3 0E       		.uleb128 0xe
 913 03a4 01       		.uleb128 0x1
 914 03a5 51       		.byte	0x51
 915 03a6 05       		.uleb128 0x5
 916 03a7 0C       		.byte	0xc
 917 03a8 A0430040 		.4byte	0x400043a0
 918 03ac 0E       		.uleb128 0xe
 919 03ad 01       		.uleb128 0x1
 920 03ae 52       		.byte	0x52
 921 03af 01       		.uleb128 0x1
 922 03b0 3E       		.byte	0x3e
 923 03b1 00       		.byte	0
 924 03b2 00       		.byte	0
ARM GAS  C:\Users\Admin\AppData\Local\Temp\ccsVHvZh.s 			page 24


 925 03b3 1F       		.uleb128 0x1f
 926 03b4 67010000 		.4byte	.LASF37
 927 03b8 67010000 		.4byte	.LASF37
 928 03bc 20       		.uleb128 0x20
 929 03bd 06000000 		.4byte	.LASF43
 930 03c1 06000000 		.4byte	.LASF43
 931 03c5 04       		.byte	0x4
 932 03c6 79       		.byte	0x79
 933 03c7 1F       		.uleb128 0x1f
 934 03c8 10020000 		.4byte	.LASF38
 935 03cc 10020000 		.4byte	.LASF38
 936 03d0 00       		.byte	0
 937              		.section	.debug_abbrev,"",%progbits
 938              	.Ldebug_abbrev0:
 939 0000 01       		.uleb128 0x1
 940 0001 11       		.uleb128 0x11
 941 0002 01       		.byte	0x1
 942 0003 25       		.uleb128 0x25
 943 0004 0E       		.uleb128 0xe
 944 0005 13       		.uleb128 0x13
 945 0006 0B       		.uleb128 0xb
 946 0007 03       		.uleb128 0x3
 947 0008 0E       		.uleb128 0xe
 948 0009 1B       		.uleb128 0x1b
 949 000a 0E       		.uleb128 0xe
 950 000b 55       		.uleb128 0x55
 951 000c 17       		.uleb128 0x17
 952 000d 11       		.uleb128 0x11
 953 000e 01       		.uleb128 0x1
 954 000f 10       		.uleb128 0x10
 955 0010 17       		.uleb128 0x17
 956 0011 00       		.byte	0
 957 0012 00       		.byte	0
 958 0013 02       		.uleb128 0x2
 959 0014 24       		.uleb128 0x24
 960 0015 00       		.byte	0
 961 0016 0B       		.uleb128 0xb
 962 0017 0B       		.uleb128 0xb
 963 0018 3E       		.uleb128 0x3e
 964 0019 0B       		.uleb128 0xb
 965 001a 03       		.uleb128 0x3
 966 001b 08       		.uleb128 0x8
 967 001c 00       		.byte	0
 968 001d 00       		.byte	0
 969 001e 03       		.uleb128 0x3
 970 001f 16       		.uleb128 0x16
 971 0020 00       		.byte	0
 972 0021 03       		.uleb128 0x3
 973 0022 0E       		.uleb128 0xe
 974 0023 3A       		.uleb128 0x3a
 975 0024 0B       		.uleb128 0xb
 976 0025 3B       		.uleb128 0x3b
 977 0026 0B       		.uleb128 0xb
 978 0027 49       		.uleb128 0x49
 979 0028 13       		.uleb128 0x13
 980 0029 00       		.byte	0
 981 002a 00       		.byte	0
ARM GAS  C:\Users\Admin\AppData\Local\Temp\ccsVHvZh.s 			page 25


 982 002b 04       		.uleb128 0x4
 983 002c 24       		.uleb128 0x24
 984 002d 00       		.byte	0
 985 002e 0B       		.uleb128 0xb
 986 002f 0B       		.uleb128 0xb
 987 0030 3E       		.uleb128 0x3e
 988 0031 0B       		.uleb128 0xb
 989 0032 03       		.uleb128 0x3
 990 0033 0E       		.uleb128 0xe
 991 0034 00       		.byte	0
 992 0035 00       		.byte	0
 993 0036 05       		.uleb128 0x5
 994 0037 0F       		.uleb128 0xf
 995 0038 00       		.byte	0
 996 0039 0B       		.uleb128 0xb
 997 003a 0B       		.uleb128 0xb
 998 003b 00       		.byte	0
 999 003c 00       		.byte	0
 1000 003d 06       		.uleb128 0x6
 1001 003e 16       		.uleb128 0x16
 1002 003f 00       		.byte	0
 1003 0040 03       		.uleb128 0x3
 1004 0041 0E       		.uleb128 0xe
 1005 0042 3A       		.uleb128 0x3a
 1006 0043 0B       		.uleb128 0xb
 1007 0044 3B       		.uleb128 0x3b
 1008 0045 05       		.uleb128 0x5
 1009 0046 49       		.uleb128 0x49
 1010 0047 13       		.uleb128 0x13
 1011 0048 00       		.byte	0
 1012 0049 00       		.byte	0
 1013 004a 07       		.uleb128 0x7
 1014 004b 35       		.uleb128 0x35
 1015 004c 00       		.byte	0
 1016 004d 49       		.uleb128 0x49
 1017 004e 13       		.uleb128 0x13
 1018 004f 00       		.byte	0
 1019 0050 00       		.byte	0
 1020 0051 08       		.uleb128 0x8
 1021 0052 2E       		.uleb128 0x2e
 1022 0053 01       		.byte	0x1
 1023 0054 03       		.uleb128 0x3
 1024 0055 0E       		.uleb128 0xe
 1025 0056 3A       		.uleb128 0x3a
 1026 0057 0B       		.uleb128 0xb
 1027 0058 3B       		.uleb128 0x3b
 1028 0059 0B       		.uleb128 0xb
 1029 005a 27       		.uleb128 0x27
 1030 005b 19       		.uleb128 0x19
 1031 005c 8701     		.uleb128 0x87
 1032 005e 19       		.uleb128 0x19
 1033 005f 11       		.uleb128 0x11
 1034 0060 01       		.uleb128 0x1
 1035 0061 12       		.uleb128 0x12
 1036 0062 06       		.uleb128 0x6
 1037 0063 40       		.uleb128 0x40
 1038 0064 18       		.uleb128 0x18
ARM GAS  C:\Users\Admin\AppData\Local\Temp\ccsVHvZh.s 			page 26


 1039 0065 9742     		.uleb128 0x2117
 1040 0067 19       		.uleb128 0x19
 1041 0068 01       		.uleb128 0x1
 1042 0069 13       		.uleb128 0x13
 1043 006a 00       		.byte	0
 1044 006b 00       		.byte	0
 1045 006c 09       		.uleb128 0x9
 1046 006d 05       		.uleb128 0x5
 1047 006e 00       		.byte	0
 1048 006f 03       		.uleb128 0x3
 1049 0070 0E       		.uleb128 0xe
 1050 0071 3A       		.uleb128 0x3a
 1051 0072 0B       		.uleb128 0xb
 1052 0073 3B       		.uleb128 0x3b
 1053 0074 0B       		.uleb128 0xb
 1054 0075 49       		.uleb128 0x49
 1055 0076 13       		.uleb128 0x13
 1056 0077 02       		.uleb128 0x2
 1057 0078 18       		.uleb128 0x18
 1058 0079 00       		.byte	0
 1059 007a 00       		.byte	0
 1060 007b 0A       		.uleb128 0xa
 1061 007c 2E       		.uleb128 0x2e
 1062 007d 01       		.byte	0x1
 1063 007e 03       		.uleb128 0x3
 1064 007f 0E       		.uleb128 0xe
 1065 0080 3A       		.uleb128 0x3a
 1066 0081 0B       		.uleb128 0xb
 1067 0082 3B       		.uleb128 0x3b
 1068 0083 0B       		.uleb128 0xb
 1069 0084 27       		.uleb128 0x27
 1070 0085 19       		.uleb128 0x19
 1071 0086 11       		.uleb128 0x11
 1072 0087 01       		.uleb128 0x1
 1073 0088 12       		.uleb128 0x12
 1074 0089 06       		.uleb128 0x6
 1075 008a 40       		.uleb128 0x40
 1076 008b 18       		.uleb128 0x18
 1077 008c 9742     		.uleb128 0x2117
 1078 008e 19       		.uleb128 0x19
 1079 008f 01       		.uleb128 0x1
 1080 0090 13       		.uleb128 0x13
 1081 0091 00       		.byte	0
 1082 0092 00       		.byte	0
 1083 0093 0B       		.uleb128 0xb
 1084 0094 34       		.uleb128 0x34
 1085 0095 00       		.byte	0
 1086 0096 03       		.uleb128 0x3
 1087 0097 0E       		.uleb128 0xe
 1088 0098 3A       		.uleb128 0x3a
 1089 0099 0B       		.uleb128 0xb
 1090 009a 3B       		.uleb128 0x3b
 1091 009b 0B       		.uleb128 0xb
 1092 009c 49       		.uleb128 0x49
 1093 009d 13       		.uleb128 0x13
 1094 009e 02       		.uleb128 0x2
 1095 009f 17       		.uleb128 0x17
ARM GAS  C:\Users\Admin\AppData\Local\Temp\ccsVHvZh.s 			page 27


 1096 00a0 00       		.byte	0
 1097 00a1 00       		.byte	0
 1098 00a2 0C       		.uleb128 0xc
 1099 00a3 05       		.uleb128 0x5
 1100 00a4 00       		.byte	0
 1101 00a5 03       		.uleb128 0x3
 1102 00a6 08       		.uleb128 0x8
 1103 00a7 3A       		.uleb128 0x3a
 1104 00a8 0B       		.uleb128 0xb
 1105 00a9 3B       		.uleb128 0x3b
 1106 00aa 0B       		.uleb128 0xb
 1107 00ab 49       		.uleb128 0x49
 1108 00ac 13       		.uleb128 0x13
 1109 00ad 02       		.uleb128 0x2
 1110 00ae 17       		.uleb128 0x17
 1111 00af 00       		.byte	0
 1112 00b0 00       		.byte	0
 1113 00b1 0D       		.uleb128 0xd
 1114 00b2 898201   		.uleb128 0x4109
 1115 00b5 01       		.byte	0x1
 1116 00b6 11       		.uleb128 0x11
 1117 00b7 01       		.uleb128 0x1
 1118 00b8 31       		.uleb128 0x31
 1119 00b9 13       		.uleb128 0x13
 1120 00ba 00       		.byte	0
 1121 00bb 00       		.byte	0
 1122 00bc 0E       		.uleb128 0xe
 1123 00bd 8A8201   		.uleb128 0x410a
 1124 00c0 00       		.byte	0
 1125 00c1 02       		.uleb128 0x2
 1126 00c2 18       		.uleb128 0x18
 1127 00c3 9142     		.uleb128 0x2111
 1128 00c5 18       		.uleb128 0x18
 1129 00c6 00       		.byte	0
 1130 00c7 00       		.byte	0
 1131 00c8 0F       		.uleb128 0xf
 1132 00c9 898201   		.uleb128 0x4109
 1133 00cc 01       		.byte	0x1
 1134 00cd 11       		.uleb128 0x11
 1135 00ce 01       		.uleb128 0x1
 1136 00cf 31       		.uleb128 0x31
 1137 00d0 13       		.uleb128 0x13
 1138 00d1 01       		.uleb128 0x1
 1139 00d2 13       		.uleb128 0x13
 1140 00d3 00       		.byte	0
 1141 00d4 00       		.byte	0
 1142 00d5 10       		.uleb128 0x10
 1143 00d6 05       		.uleb128 0x5
 1144 00d7 00       		.byte	0
 1145 00d8 03       		.uleb128 0x3
 1146 00d9 0E       		.uleb128 0xe
 1147 00da 3A       		.uleb128 0x3a
 1148 00db 0B       		.uleb128 0xb
 1149 00dc 3B       		.uleb128 0x3b
 1150 00dd 0B       		.uleb128 0xb
 1151 00de 49       		.uleb128 0x49
 1152 00df 13       		.uleb128 0x13
ARM GAS  C:\Users\Admin\AppData\Local\Temp\ccsVHvZh.s 			page 28


 1153 00e0 02       		.uleb128 0x2
 1154 00e1 17       		.uleb128 0x17
 1155 00e2 00       		.byte	0
 1156 00e3 00       		.byte	0
 1157 00e4 11       		.uleb128 0x11
 1158 00e5 0F       		.uleb128 0xf
 1159 00e6 00       		.byte	0
 1160 00e7 0B       		.uleb128 0xb
 1161 00e8 0B       		.uleb128 0xb
 1162 00e9 49       		.uleb128 0x49
 1163 00ea 13       		.uleb128 0x13
 1164 00eb 00       		.byte	0
 1165 00ec 00       		.byte	0
 1166 00ed 12       		.uleb128 0x12
 1167 00ee 26       		.uleb128 0x26
 1168 00ef 00       		.byte	0
 1169 00f0 00       		.byte	0
 1170 00f1 00       		.byte	0
 1171 00f2 13       		.uleb128 0x13
 1172 00f3 2E       		.uleb128 0x2e
 1173 00f4 01       		.byte	0x1
 1174 00f5 3F       		.uleb128 0x3f
 1175 00f6 19       		.uleb128 0x19
 1176 00f7 03       		.uleb128 0x3
 1177 00f8 0E       		.uleb128 0xe
 1178 00f9 3A       		.uleb128 0x3a
 1179 00fa 0B       		.uleb128 0xb
 1180 00fb 3B       		.uleb128 0x3b
 1181 00fc 05       		.uleb128 0x5
 1182 00fd 27       		.uleb128 0x27
 1183 00fe 19       		.uleb128 0x19
 1184 00ff 11       		.uleb128 0x11
 1185 0100 01       		.uleb128 0x1
 1186 0101 12       		.uleb128 0x12
 1187 0102 06       		.uleb128 0x6
 1188 0103 40       		.uleb128 0x40
 1189 0104 18       		.uleb128 0x18
 1190 0105 9742     		.uleb128 0x2117
 1191 0107 19       		.uleb128 0x19
 1192 0108 01       		.uleb128 0x1
 1193 0109 13       		.uleb128 0x13
 1194 010a 00       		.byte	0
 1195 010b 00       		.byte	0
 1196 010c 14       		.uleb128 0x14
 1197 010d 05       		.uleb128 0x5
 1198 010e 00       		.byte	0
 1199 010f 03       		.uleb128 0x3
 1200 0110 0E       		.uleb128 0xe
 1201 0111 3A       		.uleb128 0x3a
 1202 0112 0B       		.uleb128 0xb
 1203 0113 3B       		.uleb128 0x3b
 1204 0114 05       		.uleb128 0x5
 1205 0115 49       		.uleb128 0x49
 1206 0116 13       		.uleb128 0x13
 1207 0117 02       		.uleb128 0x2
 1208 0118 18       		.uleb128 0x18
 1209 0119 00       		.byte	0
ARM GAS  C:\Users\Admin\AppData\Local\Temp\ccsVHvZh.s 			page 29


 1210 011a 00       		.byte	0
 1211 011b 15       		.uleb128 0x15
 1212 011c 34       		.uleb128 0x34
 1213 011d 00       		.byte	0
 1214 011e 03       		.uleb128 0x3
 1215 011f 0E       		.uleb128 0xe
 1216 0120 3A       		.uleb128 0x3a
 1217 0121 0B       		.uleb128 0xb
 1218 0122 3B       		.uleb128 0x3b
 1219 0123 05       		.uleb128 0x5
 1220 0124 49       		.uleb128 0x49
 1221 0125 13       		.uleb128 0x13
 1222 0126 02       		.uleb128 0x2
 1223 0127 18       		.uleb128 0x18
 1224 0128 00       		.byte	0
 1225 0129 00       		.byte	0
 1226 012a 16       		.uleb128 0x16
 1227 012b 0B       		.uleb128 0xb
 1228 012c 01       		.byte	0x1
 1229 012d 11       		.uleb128 0x11
 1230 012e 01       		.uleb128 0x1
 1231 012f 12       		.uleb128 0x12
 1232 0130 06       		.uleb128 0x6
 1233 0131 01       		.uleb128 0x1
 1234 0132 13       		.uleb128 0x13
 1235 0133 00       		.byte	0
 1236 0134 00       		.byte	0
 1237 0135 17       		.uleb128 0x17
 1238 0136 13       		.uleb128 0x13
 1239 0137 01       		.byte	0x1
 1240 0138 0B       		.uleb128 0xb
 1241 0139 0B       		.uleb128 0xb
 1242 013a 3A       		.uleb128 0x3a
 1243 013b 0B       		.uleb128 0xb
 1244 013c 3B       		.uleb128 0x3b
 1245 013d 05       		.uleb128 0x5
 1246 013e 01       		.uleb128 0x1
 1247 013f 13       		.uleb128 0x13
 1248 0140 00       		.byte	0
 1249 0141 00       		.byte	0
 1250 0142 18       		.uleb128 0x18
 1251 0143 0D       		.uleb128 0xd
 1252 0144 00       		.byte	0
 1253 0145 03       		.uleb128 0x3
 1254 0146 0E       		.uleb128 0xe
 1255 0147 3A       		.uleb128 0x3a
 1256 0148 0B       		.uleb128 0xb
 1257 0149 3B       		.uleb128 0x3b
 1258 014a 05       		.uleb128 0x5
 1259 014b 49       		.uleb128 0x49
 1260 014c 13       		.uleb128 0x13
 1261 014d 38       		.uleb128 0x38
 1262 014e 0B       		.uleb128 0xb
 1263 014f 00       		.byte	0
 1264 0150 00       		.byte	0
 1265 0151 19       		.uleb128 0x19
 1266 0152 01       		.uleb128 0x1
ARM GAS  C:\Users\Admin\AppData\Local\Temp\ccsVHvZh.s 			page 30


 1267 0153 01       		.byte	0x1
 1268 0154 49       		.uleb128 0x49
 1269 0155 13       		.uleb128 0x13
 1270 0156 01       		.uleb128 0x1
 1271 0157 13       		.uleb128 0x13
 1272 0158 00       		.byte	0
 1273 0159 00       		.byte	0
 1274 015a 1A       		.uleb128 0x1a
 1275 015b 21       		.uleb128 0x21
 1276 015c 00       		.byte	0
 1277 015d 49       		.uleb128 0x49
 1278 015e 13       		.uleb128 0x13
 1279 015f 2F       		.uleb128 0x2f
 1280 0160 0B       		.uleb128 0xb
 1281 0161 00       		.byte	0
 1282 0162 00       		.byte	0
 1283 0163 1B       		.uleb128 0x1b
 1284 0164 26       		.uleb128 0x26
 1285 0165 00       		.byte	0
 1286 0166 49       		.uleb128 0x49
 1287 0167 13       		.uleb128 0x13
 1288 0168 00       		.byte	0
 1289 0169 00       		.byte	0
 1290 016a 1C       		.uleb128 0x1c
 1291 016b 34       		.uleb128 0x34
 1292 016c 00       		.byte	0
 1293 016d 03       		.uleb128 0x3
 1294 016e 08       		.uleb128 0x8
 1295 016f 3A       		.uleb128 0x3a
 1296 0170 0B       		.uleb128 0xb
 1297 0171 3B       		.uleb128 0x3b
 1298 0172 05       		.uleb128 0x5
 1299 0173 49       		.uleb128 0x49
 1300 0174 13       		.uleb128 0x13
 1301 0175 02       		.uleb128 0x2
 1302 0176 17       		.uleb128 0x17
 1303 0177 00       		.byte	0
 1304 0178 00       		.byte	0
 1305 0179 1D       		.uleb128 0x1d
 1306 017a 0B       		.uleb128 0xb
 1307 017b 01       		.byte	0x1
 1308 017c 11       		.uleb128 0x11
 1309 017d 01       		.uleb128 0x1
 1310 017e 12       		.uleb128 0x12
 1311 017f 06       		.uleb128 0x6
 1312 0180 00       		.byte	0
 1313 0181 00       		.byte	0
 1314 0182 1E       		.uleb128 0x1e
 1315 0183 898201   		.uleb128 0x4109
 1316 0186 00       		.byte	0
 1317 0187 11       		.uleb128 0x11
 1318 0188 01       		.uleb128 0x1
 1319 0189 31       		.uleb128 0x31
 1320 018a 13       		.uleb128 0x13
 1321 018b 00       		.byte	0
 1322 018c 00       		.byte	0
 1323 018d 1F       		.uleb128 0x1f
ARM GAS  C:\Users\Admin\AppData\Local\Temp\ccsVHvZh.s 			page 31


 1324 018e 2E       		.uleb128 0x2e
 1325 018f 00       		.byte	0
 1326 0190 3F       		.uleb128 0x3f
 1327 0191 19       		.uleb128 0x19
 1328 0192 3C       		.uleb128 0x3c
 1329 0193 19       		.uleb128 0x19
 1330 0194 6E       		.uleb128 0x6e
 1331 0195 0E       		.uleb128 0xe
 1332 0196 03       		.uleb128 0x3
 1333 0197 0E       		.uleb128 0xe
 1334 0198 00       		.byte	0
 1335 0199 00       		.byte	0
 1336 019a 20       		.uleb128 0x20
 1337 019b 2E       		.uleb128 0x2e
 1338 019c 00       		.byte	0
 1339 019d 3F       		.uleb128 0x3f
 1340 019e 19       		.uleb128 0x19
 1341 019f 3C       		.uleb128 0x3c
 1342 01a0 19       		.uleb128 0x19
 1343 01a1 6E       		.uleb128 0x6e
 1344 01a2 0E       		.uleb128 0xe
 1345 01a3 03       		.uleb128 0x3
 1346 01a4 0E       		.uleb128 0xe
 1347 01a5 3A       		.uleb128 0x3a
 1348 01a6 0B       		.uleb128 0xb
 1349 01a7 3B       		.uleb128 0x3b
 1350 01a8 0B       		.uleb128 0xb
 1351 01a9 00       		.byte	0
 1352 01aa 00       		.byte	0
 1353 01ab 00       		.byte	0
 1354              		.section	.debug_loc,"",%progbits
 1355              	.Ldebug_loc0:
 1356              	.LLST0:
 1357 0000 06000000 		.4byte	.LVL1
 1358 0004 10000000 		.4byte	.LVL2
 1359 0008 0100     		.2byte	0x1
 1360 000a 53       		.byte	0x53
 1361 000b 00000000 		.4byte	0
 1362 000f 00000000 		.4byte	0
 1363              	.LLST1:
 1364 0013 00000000 		.4byte	.LVL3
 1365 0017 09000000 		.4byte	.LVL5-1
 1366 001b 0100     		.2byte	0x1
 1367 001d 50       		.byte	0x50
 1368 001e 09000000 		.4byte	.LVL5-1
 1369 0022 0C000000 		.4byte	.LFE0
 1370 0026 0400     		.2byte	0x4
 1371 0028 F3       		.byte	0xf3
 1372 0029 01       		.uleb128 0x1
 1373 002a 50       		.byte	0x50
 1374 002b 9F       		.byte	0x9f
 1375 002c 00000000 		.4byte	0
 1376 0030 00000000 		.4byte	0
 1377              	.LLST2:
 1378 0034 00000000 		.4byte	.LVL3
 1379 0038 06000000 		.4byte	.LVL4
 1380 003c 0100     		.2byte	0x1
ARM GAS  C:\Users\Admin\AppData\Local\Temp\ccsVHvZh.s 			page 32


 1381 003e 51       		.byte	0x51
 1382 003f 06000000 		.4byte	.LVL4
 1383 0043 09000000 		.4byte	.LVL5-1
 1384 0047 0100     		.2byte	0x1
 1385 0049 52       		.byte	0x52
 1386 004a 09000000 		.4byte	.LVL5-1
 1387 004e 0C000000 		.4byte	.LFE0
 1388 0052 0400     		.2byte	0x4
 1389 0054 F3       		.byte	0xf3
 1390 0055 01       		.uleb128 0x1
 1391 0056 51       		.byte	0x51
 1392 0057 9F       		.byte	0x9f
 1393 0058 00000000 		.4byte	0
 1394 005c 00000000 		.4byte	0
 1395              	.LLST3:
 1396 0060 2E000000 		.4byte	.LVL6
 1397 0064 34000000 		.4byte	.LVL7
 1398 0068 0200     		.2byte	0x2
 1399 006a 49       		.byte	0x49
 1400 006b 9F       		.byte	0x9f
 1401 006c 34000000 		.4byte	.LVL7
 1402 0070 7E000000 		.4byte	.LVL13
 1403 0074 0100     		.2byte	0x1
 1404 0076 55       		.byte	0x55
 1405 0077 00000000 		.4byte	0
 1406 007b 00000000 		.4byte	0
 1407              	.LLST4:
 1408 007f 2E000000 		.4byte	.LVL6
 1409 0083 34000000 		.4byte	.LVL7
 1410 0087 0200     		.2byte	0x2
 1411 0089 30       		.byte	0x30
 1412 008a 9F       		.byte	0x9f
 1413 008b 34000000 		.4byte	.LVL7
 1414 008f 40000000 		.4byte	.LVL8
 1415 0093 0100     		.2byte	0x1
 1416 0095 54       		.byte	0x54
 1417 0096 44000000 		.4byte	.LVL9
 1418 009a 7E000000 		.4byte	.LVL13
 1419 009e 0100     		.2byte	0x1
 1420 00a0 54       		.byte	0x54
 1421 00a1 00000000 		.4byte	0
 1422 00a5 00000000 		.4byte	0
 1423              	.LLST5:
 1424 00a9 00000000 		.4byte	.LVL14
 1425 00ad 05000000 		.4byte	.LVL15-1
 1426 00b1 0100     		.2byte	0x1
 1427 00b3 50       		.byte	0x50
 1428 00b4 05000000 		.4byte	.LVL15-1
 1429 00b8 08000000 		.4byte	.LFE1
 1430 00bc 0400     		.2byte	0x4
 1431 00be F3       		.byte	0xf3
 1432 00bf 01       		.uleb128 0x1
 1433 00c0 50       		.byte	0x50
 1434 00c1 9F       		.byte	0x9f
 1435 00c2 00000000 		.4byte	0
 1436 00c6 00000000 		.4byte	0
 1437              	.LLST6:
ARM GAS  C:\Users\Admin\AppData\Local\Temp\ccsVHvZh.s 			page 33


 1438 00ca 00000000 		.4byte	.LVL14
 1439 00ce 05000000 		.4byte	.LVL15-1
 1440 00d2 0100     		.2byte	0x1
 1441 00d4 51       		.byte	0x51
 1442 00d5 05000000 		.4byte	.LVL15-1
 1443 00d9 08000000 		.4byte	.LFE1
 1444 00dd 0400     		.2byte	0x4
 1445 00df F3       		.byte	0xf3
 1446 00e0 01       		.uleb128 0x1
 1447 00e1 51       		.byte	0x51
 1448 00e2 9F       		.byte	0x9f
 1449 00e3 00000000 		.4byte	0
 1450 00e7 00000000 		.4byte	0
 1451              	.LLST7:
 1452 00eb 00000000 		.4byte	.LVL14
 1453 00ef 05000000 		.4byte	.LVL15-1
 1454 00f3 0100     		.2byte	0x1
 1455 00f5 52       		.byte	0x52
 1456 00f6 05000000 		.4byte	.LVL15-1
 1457 00fa 08000000 		.4byte	.LFE1
 1458 00fe 0400     		.2byte	0x4
 1459 0100 F3       		.byte	0xf3
 1460 0101 01       		.uleb128 0x1
 1461 0102 52       		.byte	0x52
 1462 0103 9F       		.byte	0x9f
 1463 0104 00000000 		.4byte	0
 1464 0108 00000000 		.4byte	0
 1465              	.LLST8:
 1466 010c 0E000000 		.4byte	.LVL18
 1467 0110 12000000 		.4byte	.LVL19
 1468 0114 0200     		.2byte	0x2
 1469 0116 30       		.byte	0x30
 1470 0117 9F       		.byte	0x9f
 1471 0118 12000000 		.4byte	.LVL19
 1472 011c 2A000000 		.4byte	.LVL21
 1473 0120 0100     		.2byte	0x1
 1474 0122 54       		.byte	0x54
 1475 0123 2C000000 		.4byte	.LVL22
 1476 0127 66000000 		.4byte	.LVL25
 1477 012b 0100     		.2byte	0x1
 1478 012d 54       		.byte	0x54
 1479 012e 00000000 		.4byte	0
 1480 0132 00000000 		.4byte	0
 1481              	.LLST9:
 1482 0136 12000000 		.4byte	.LVL19
 1483 013a 2A000000 		.4byte	.LVL21
 1484 013e 0B00     		.2byte	0xb
 1485 0140 74       		.byte	0x74
 1486 0141 00       		.sleb128 0
 1487 0142 36       		.byte	0x36
 1488 0143 1E       		.byte	0x1e
 1489 0144 03       		.byte	0x3
 1490 0145 00000000 		.4byte	cfg_memset_list.4992
 1491 0149 22       		.byte	0x22
 1492 014a 9F       		.byte	0x9f
 1493 014b 2A000000 		.4byte	.LVL21
 1494 014f 2C000000 		.4byte	.LVL22
ARM GAS  C:\Users\Admin\AppData\Local\Temp\ccsVHvZh.s 			page 34


 1495 0153 0B00     		.2byte	0xb
 1496 0155 74       		.byte	0x74
 1497 0156 7F       		.sleb128 -1
 1498 0157 36       		.byte	0x36
 1499 0158 1E       		.byte	0x1e
 1500 0159 03       		.byte	0x3
 1501 015a 00000000 		.4byte	cfg_memset_list.4992
 1502 015e 22       		.byte	0x22
 1503 015f 9F       		.byte	0x9f
 1504 0160 00000000 		.4byte	0
 1505 0164 00000000 		.4byte	0
 1506              		.section	.debug_aranges,"",%progbits
 1507 0000 4C000000 		.4byte	0x4c
 1508 0004 0200     		.2byte	0x2
 1509 0006 00000000 		.4byte	.Ldebug_info0
 1510 000a 04       		.byte	0x4
 1511 000b 00       		.byte	0
 1512 000c 0000     		.2byte	0
 1513 000e 0000     		.2byte	0
 1514 0010 00000000 		.4byte	.LFB3
 1515 0014 02000000 		.4byte	.LFE3-.LFB3
 1516 0018 00000000 		.4byte	.LFB5
 1517 001c 38000000 		.4byte	.LFE5-.LFB5
 1518 0020 00000000 		.4byte	.LFB0
 1519 0024 0C000000 		.4byte	.LFE0-.LFB0
 1520 0028 00000000 		.4byte	.LFB4
 1521 002c 9C000000 		.4byte	.LFE4-.LFB4
 1522 0030 00000000 		.4byte	.LFB1
 1523 0034 08000000 		.4byte	.LFE1-.LFB1
 1524 0038 00000000 		.4byte	.LFB6
 1525 003c 10000000 		.4byte	.LFE6-.LFB6
 1526 0040 00000000 		.4byte	.LFB7
 1527 0044 B4000000 		.4byte	.LFE7-.LFB7
 1528 0048 00000000 		.4byte	0
 1529 004c 00000000 		.4byte	0
 1530              		.section	.debug_ranges,"",%progbits
 1531              	.Ldebug_ranges0:
 1532 0000 00000000 		.4byte	.LFB3
 1533 0004 02000000 		.4byte	.LFE3
 1534 0008 00000000 		.4byte	.LFB5
 1535 000c 38000000 		.4byte	.LFE5
 1536 0010 00000000 		.4byte	.LFB0
 1537 0014 0C000000 		.4byte	.LFE0
 1538 0018 00000000 		.4byte	.LFB4
 1539 001c 9C000000 		.4byte	.LFE4
 1540 0020 00000000 		.4byte	.LFB1
 1541 0024 08000000 		.4byte	.LFE1
 1542 0028 00000000 		.4byte	.LFB6
 1543 002c 10000000 		.4byte	.LFE6
 1544 0030 00000000 		.4byte	.LFB7
 1545 0034 B4000000 		.4byte	.LFE7
 1546 0038 00000000 		.4byte	0
 1547 003c 00000000 		.4byte	0
 1548              		.section	.debug_line,"",%progbits
 1549              	.Ldebug_line0:
 1550 0000 A4010000 		.section	.debug_str,"MS",%progbits,1
 1550      0200D600 
ARM GAS  C:\Users\Admin\AppData\Local\Temp\ccsVHvZh.s 			page 35


 1550      00000201 
 1550      FB0E0D00 
 1550      01010101 
 1551              	.LASF19:
 1552 0000 72656731 		.ascii	"reg16\000"
 1552      3600
 1553              	.LASF43:
 1554 0006 43794465 		.ascii	"CyDelayCycles\000"
 1554      6C617943 
 1554      79636C65 
 1554      7300
 1555              	.LASF12:
 1556 0014 73697A65 		.ascii	"size_t\000"
 1556      5F7400
 1557              	.LASF20:
 1558 001b 416E616C 		.ascii	"AnalogSetDefault\000"
 1558      6F675365 
 1558      74446566 
 1558      61756C74 
 1558      00
 1559              	.LASF25:
 1560 002c 74696D65 		.ascii	"timeout\000"
 1560      6F757400 
 1561              	.LASF36:
 1562 0034 6366675F 		.ascii	"cfg_memset_list\000"
 1562      6D656D73 
 1562      65745F6C 
 1562      69737400 
 1563              	.LASF23:
 1564 0044 436C6F63 		.ascii	"ClockSetup\000"
 1564      6B536574 
 1564      757000
 1565              	.LASF6:
 1566 004f 73686F72 		.ascii	"short unsigned int\000"
 1566      7420756E 
 1566      7369676E 
 1566      65642069 
 1566      6E7400
 1567              	.LASF26:
 1568 0062 706C6C4C 		.ascii	"pllLock\000"
 1568      6F636B00 
 1569              	.LASF16:
 1570 006a 666C6F61 		.ascii	"float\000"
 1570      7400
 1571              	.LASF42:
 1572 0070 4379436C 		.ascii	"CyClockStartupError\000"
 1572      6F636B53 
 1572      74617274 
 1572      75704572 
 1572      726F7200 
 1573              	.LASF28:
 1574 0084 64657374 		.ascii	"dest\000"
 1574      00
 1575              	.LASF34:
 1576 0089 73697A65 		.ascii	"size\000"
 1576      00
 1577              	.LASF39:
ARM GAS  C:\Users\Admin\AppData\Local\Temp\ccsVHvZh.s 			page 36


 1578 008e 474E5520 		.ascii	"GNU C11 5.4.1 20160609 (release) [ARM/embedded-5-br"
 1578      43313120 
 1578      352E342E 
 1578      31203230 
 1578      31363036 
 1579 00c1 616E6368 		.ascii	"anch revision 237715] -mcpu=cortex-m3 -mthumb -g -O"
 1579      20726576 
 1579      6973696F 
 1579      6E203233 
 1579      37373135 
 1580 00f4 67202D66 		.ascii	"g -ffunction-sections -ffat-lto-objects\000"
 1580      66756E63 
 1580      74696F6E 
 1580      2D736563 
 1580      74696F6E 
 1581              	.LASF18:
 1582 011c 72656738 		.ascii	"reg8\000"
 1582      00
 1583              	.LASF8:
 1584 0121 6C6F6E67 		.ascii	"long unsigned int\000"
 1584      20756E73 
 1584      69676E65 
 1584      6420696E 
 1584      7400
 1585              	.LASF13:
 1586 0133 75696E74 		.ascii	"uint8\000"
 1586      3800
 1587              	.LASF21:
 1588 0139 43594D45 		.ascii	"CYMEMZERO\000"
 1588      4D5A4552 
 1588      4F00
 1589              	.LASF31:
 1590 0143 53657441 		.ascii	"SetAnalogRoutingPumps\000"
 1590      6E616C6F 
 1590      67526F75 
 1590      74696E67 
 1590      50756D70 
 1591              	.LASF4:
 1592 0159 756E7369 		.ascii	"unsigned char\000"
 1592      676E6564 
 1592      20636861 
 1592      7200
 1593              	.LASF37:
 1594 0167 6D656D73 		.ascii	"memset\000"
 1594      657400
 1595              	.LASF17:
 1596 016e 646F7562 		.ascii	"double\000"
 1596      6C6500
 1597              	.LASF32:
 1598 0175 63796669 		.ascii	"cyfitter_cfg\000"
 1598      74746572 
 1598      5F636667 
 1598      00
 1599              	.LASF14:
 1600 0182 75696E74 		.ascii	"uint16\000"
 1600      313600
 1601              	.LASF22:
ARM GAS  C:\Users\Admin\AppData\Local\Temp\ccsVHvZh.s 			page 37


 1602 0189 6572726F 		.ascii	"errorCode\000"
 1602      72436F64 
 1602      6500
 1603              	.LASF15:
 1604 0193 75696E74 		.ascii	"uint32\000"
 1604      333200
 1605              	.LASF0:
 1606 019a 756E7369 		.ascii	"unsigned int\000"
 1606      676E6564 
 1606      20696E74 
 1606      00
 1607              	.LASF33:
 1608 01a7 61646472 		.ascii	"address\000"
 1608      65737300 
 1609              	.LASF9:
 1610 01af 6C6F6E67 		.ascii	"long long unsigned int\000"
 1610      206C6F6E 
 1610      6720756E 
 1610      7369676E 
 1610      65642069 
 1611              	.LASF35:
 1612 01c6 6366675F 		.ascii	"cfg_memset_t\000"
 1612      6D656D73 
 1612      65745F74 
 1612      00
 1613              	.LASF10:
 1614 01d3 73697A65 		.ascii	"sizetype\000"
 1614      74797065 
 1614      00
 1615              	.LASF1:
 1616 01dc 6C6F6E67 		.ascii	"long long int\000"
 1616      206C6F6E 
 1616      6720696E 
 1616      7400
 1617              	.LASF40:
 1618 01ea 47656E65 		.ascii	"Generated_Source\\PSoC5\\cyfitter_cfg.c\000"
 1618      72617465 
 1618      645F536F 
 1618      75726365 
 1618      5C50536F 
 1619              	.LASF38:
 1620 0210 6D656D63 		.ascii	"memcpy\000"
 1620      707900
 1621              	.LASF41:
 1622 0217 433A5C55 		.ascii	"C:\\Users\\Admin\\ppaz_lab_2.cydsn\\Workspace01\\la"
 1622      73657273 
 1622      5C41646D 
 1622      696E5C70 
 1622      70617A5F 
 1623 0245 62322E63 		.ascii	"b2.cydsn\000"
 1623      7964736E 
 1623      00
 1624              	.LASF5:
 1625 024e 73686F72 		.ascii	"short int\000"
 1625      7420696E 
 1625      7400
 1626              	.LASF29:
ARM GAS  C:\Users\Admin\AppData\Local\Temp\ccsVHvZh.s 			page 38


 1627 0258 656E6162 		.ascii	"enabled\000"
 1627      6C656400 
 1628              	.LASF7:
 1629 0260 6C6F6E67 		.ascii	"long int\000"
 1629      20696E74 
 1629      00
 1630              	.LASF11:
 1631 0269 63686172 		.ascii	"char\000"
 1631      00
 1632              	.LASF2:
 1633 026e 6C6F6E67 		.ascii	"long double\000"
 1633      20646F75 
 1633      626C6500 
 1634              	.LASF24:
 1635 027a 62675F78 		.ascii	"bg_xover_inl_trim\000"
 1635      6F766572 
 1635      5F696E6C 
 1635      5F747269 
 1635      6D00
 1636              	.LASF3:
 1637 028c 7369676E 		.ascii	"signed char\000"
 1637      65642063 
 1637      68617200 
 1638              	.LASF30:
 1639 0298 72656756 		.ascii	"regValue\000"
 1639      616C7565 
 1639      00
 1640              	.LASF27:
 1641 02a1 4359434F 		.ascii	"CYCONFIGCPY\000"
 1641      4E464947 
 1641      43505900 
 1642              		.ident	"GCC: (GNU Tools for ARM Embedded Processors) 5.4.1 20160609 (release) [ARM/embedded-5-bran
